#
# A fatal error has been detected by the Java Runtime Environment:
#
#  EXCEPTION_ACCESS_VIOLATION (0xc0000005) at pc=0x00007ff9d693e0a9, pid=12928, tid=13196
#
# JRE version: OpenJDK Runtime Environment Microsoft-8035246 (17.0.8+7) (build 17.0.8+7-LTS)
# Java VM: OpenJDK 64-Bit Server VM Microsoft-8035246 (17.0.8+7-LTS, mixed mode, sharing, tiered, compressed oops, compressed class ptrs, g1 gc, windows-amd64)
# Problematic frame:
# V  [jvm.dll+0x2be0a9]
#
# No core dump will be written. Minidumps are not enabled by default on client versions of Windows
#
# If you would like to submit a bug report, please visit:
#   https://github.com/microsoft/openjdk/issues
#

---------------  S U M M A R Y ------------

Command Line: -XX:MaxMetaspaceSize=512m --add-opens=java.base/java.util=ALL-UNNAMED --add-opens=java.base/java.lang=ALL-UNNAMED --add-opens=java.base/java.lang.invoke=ALL-UNNAMED --add-opens=java.prefs/java.util.prefs=ALL-UNNAMED --add-opens=java.base/java.nio.charset=ALL-UNNAMED --add-opens=java.base/java.net=ALL-UNNAMED --add-opens=java.base/java.util.concurrent.atomic=ALL-UNNAMED -Xmx2048m -Dfile.encoding=windows-1252 -Duser.country=US -Duser.language=en -Duser.variant -javaagent:C:\Users\cuty computer\.gradle\wrapper\dists\gradle-8.3-all\6en3ugtfdg5xnpx44z4qbwgas\gradle-8.3\lib\agents\gradle-instrumentation-agent-8.3.jar org.gradle.launcher.daemon.bootstrap.GradleDaemon 8.3

Host: Intel(R) Core(TM) i5-5200U CPU @ 2.20GHz, 4 cores, 11G,  Windows 10 , 64 bit Build 19041 (10.0.19041.3636)
Time: Tue Feb 27 14:33:26 2024 Pakistan Standard Time elapsed time: 95.009453 seconds (0d 0h 1m 35s)

---------------  T H R E A D  ---------------

Current thread (0x000001b6d36cd240):  JavaThread "C2 CompilerThread1" daemon [_thread_in_native, id=13196, stack(0x000000800c200000,0x000000800c300000)]


Current CompileTask:
C2:  95009 15783   !   4       org.gradle.cache.internal.DefaultMultiProcessSafeIndexedCache::getIfPresent (25 bytes)

Stack: [0x000000800c200000,0x000000800c300000],  sp=0x000000800c2fb400,  free space=1005k
Native frames: (J=compiled Java code, j=interpreted, Vv=VM code, C=native code)
V  [jvm.dll+0x2be0a9]
V  [jvm.dll+0x21ba8b]
V  [jvm.dll+0x21944b]
V  [jvm.dll+0x1a56b6]
V  [jvm.dll+0x2291ea]
V  [jvm.dll+0x22724c]
V  [jvm.dll+0x7efd0c]
V  [jvm.dll+0x7ea13a]
V  [jvm.dll+0x67ad85]
C  [ucrtbase.dll+0x21bb2]
C  [KERNEL32.DLL+0x17344]
C  [ntdll.dll+0x526b1]


siginfo: EXCEPTION_ACCESS_VIOLATION (0xc0000005), reading address 0x0000000000000028


Register to memory mapping:

RIP=0x00007ff9d693e0a9 jvm.dll
RAX=0x000001b6d3f7eed0 points into unknown readable memory: 0x0000000000000000 | 00 00 00 00 00 00 00 00
RBX=0x0000000000001765 is an unknown value
RCX=0x0 is NULL
RDX=0x0 is NULL
RSP=0x000000800c2fb400 is pointing into the stack for thread: 0x000001b6d36cd240
RBP=0x000000800c2fb470 is pointing into the stack for thread: 0x000001b6d36cd240
RSI=0x0 is NULL
RDI=0x0000000000000048 is an unknown value
R8 =0x000000000000ffe0 is an unknown value
R9 =0x0 is NULL
R10=0x00007ffa0e790000 VCRUNTIME140.dll
R11=0x000001b6d3f7eef0 points into unknown readable memory: 0x0000000000000000 | 00 00 00 00 00 00 00 00
R12=0x0000000000000050 is an unknown value
R13=0x0 is NULL
R14=0x0 is NULL
R15=0x000000800c2fe620 is pointing into the stack for thread: 0x000001b6d36cd240


Registers:
RAX=0x000001b6d3f7eed0, RBX=0x0000000000001765, RCX=0x0000000000000000, RDX=0x0000000000000000
RSP=0x000000800c2fb400, RBP=0x000000800c2fb470, RSI=0x0000000000000000, RDI=0x0000000000000048
R8 =0x000000000000ffe0, R9 =0x0000000000000000, R10=0x00007ffa0e790000, R11=0x000001b6d3f7eef0
R12=0x0000000000000050, R13=0x0000000000000000, R14=0x0000000000000000, R15=0x000000800c2fe620
RIP=0x00007ff9d693e0a9, EFLAGS=0x0000000000010202

Top of Stack: (sp=0x000000800c2fb400)
0x000000800c2fb400:   0000000000001765 0000000000000000
0x000000800c2fb410:   000000800c2fe620 00007ff9d68a38d1
0x000000800c2fb420:   000001b6d35211c0 00007ff900002000
0x000000800c2fb430:   000001b6d3f7eed0 000001b600000000
0x000000800c2fb440:   0000000000000002 000001b6ce49b8a0
0x000000800c2fb450:   0000000000000002 000001b6d35211c0
0x000000800c2fb460:   0000000000000000 0000000000000000
0x000000800c2fb470:   000001b6db9646b0 000001b68f1ca0f0
0x000000800c2fb480:   0000000000000048 00007ff9d6fc4c08
0x000000800c2fb490:   000000800c2fb5a0 00007ff9d689ba8b
0x000000800c2fb4a0:   000000800c2fe620 00007ff9d6fc4c08
0x000000800c2fb4b0:   000000800c2fe620 000000800c2fb5a0
0x000000800c2fb4c0:   000001b600000000 00007ff9d6c9b7fb
0x000000800c2fb4d0:   000000800000000f 000000800c2fe620
0x000000800c2fb4e0:   000000800c2fb650 0000000000000000
0x000000800c2fb4f0:   000001b600000100 00007ff9d6fc4c08 

Instructions: (pc=0x00007ff9d693e0a9)
0x00007ff9d693dfa9:   3b d0 75 0b ff c1 41 3b c9 7c dc 48 8b c2 c3 33
0x00007ff9d693dfb9:   c0 c3 cc cc cc cc cc 48 89 5c 24 18 55 56 57 41
0x00007ff9d693dfc9:   55 41 57 48 8b ec 48 83 ec 70 65 48 8b 04 25 58
0x00007ff9d693dfd9:   00 00 00 48 8b f2 44 8b 05 d2 8b 90 00 4c 8b f9
0x00007ff9d693dfe9:   4a 8b 1c c0 b8 50 00 00 00 80 3c 18 00 75 05 e8
0x00007ff9d693dff9:   8b 6f 5d 00 b8 20 00 00 00 48 8b 04 18 48 8b 98
0x00007ff9d693e009:   38 02 00 00 48 89 5d b0 c7 45 b8 04 00 00 00 48
0x00007ff9d693e019:   8b 43 18 48 83 f8 df 76 18 4c 8d 05 37 a9 65 00
0x00007ff9d693e029:   ba 20 00 00 00 48 8b cb e8 5a eb de ff 48 8b 43
0x00007ff9d693e039:   18 48 8d 48 20 48 3b 4b 20 76 11 45 33 c0 48 8b
0x00007ff9d693e049:   cb 41 8d 50 20 e8 fd e8 de ff eb 04 48 89 4b 18
0x00007ff9d693e059:   44 8b 45 b8 33 d2 49 c1 e0 03 48 8b c8 48 89 45
0x00007ff9d693e069:   c0 e8 e3 80 5d 00 45 33 ed 48 8d 4d d0 44 89 6d
0x00007ff9d693e079:   c8 e8 01 59 56 00 41 8b 9f 40 02 00 00 41 2b 9f
0x00007ff9d693e089:   68 02 00 00 44 89 6d f0 3b 5d b8 72 0b 8b d3 48
0x00007ff9d693e099:   8d 4d b0 e8 6f b3 39 00 48 8b 45 c0 4c 89 2c d8
0x00007ff9d693e0a9:   8b 7e 28 8b df c1 eb 05 3b 5d d0 72 0b 8b d3 48
0x00007ff9d693e0b9:   8d 4d d0 e8 1f 59 56 00 48 8b 45 d8 83 e7 1f 48
0x00007ff9d693e0c9:   8d 14 98 40 0f b6 cf 41 b8 01 00 00 00 41 d3 e0
0x00007ff9d693e0d9:   8b 0a 8b c1 41 0b c0 89 02 41 85 c8 75 21 8b 5d
0x00007ff9d693e0e9:   c8 8d 43 01 89 45 c8 3b 5d b8 72 0b 8b d3 48 8d
0x00007ff9d693e0f9:   4d b0 e8 10 b3 39 00 48 8b 45 c0 48 89 34 d8 44
0x00007ff9d693e109:   39 6d c8 0f 86 77 01 00 00 4c 89 a4 24 a0 00 00
0x00007ff9d693e119:   00 4c 89 b4 24 a8 00 00 00 48 8b 45 c0 41 8b cd
0x00007ff9d693e129:   48 8b 34 c8 8b 46 2c 25 ff 1f 00 00 3d 04 10 00
0x00007ff9d693e139:   00 0f 85 a7 00 00 00 bb 01 00 00 00 39 5e 18 76
0x00007ff9d693e149:   39 66 0f 1f 44 00 00 48 8b 46 08 8b cb 48 8b 14
0x00007ff9d693e159:   c8 48 85 d2 74 1d 48 83 7a 10 00 74 16 80 7a 2c
0x00007ff9d693e169:   84 74 10 e8 7f 7e ee ff 48 8b d0 49 8b cf e8 a4
0x00007ff9d693e179:   61 f6 ff ff c3 3b 5e 18 72 cd 48 8b 5e 10 8b 46
0x00007ff9d693e189:   20 4c 8d 34 c3 49 3b de 73 54 48 8b 3b 8b 47 2c
0x00007ff9d693e199:   83 e0 03 3c 03 75 2e 48 8b 07 48 8b cf ff 90 88 


Stack slot to memory mapping:
stack at sp + 0 slots: 0x0000000000001765 is an unknown value
stack at sp + 1 slots: 0x0 is NULL
stack at sp + 2 slots: 0x000000800c2fe620 is pointing into the stack for thread: 0x000001b6d36cd240
stack at sp + 3 slots: 0x00007ff9d68a38d1 jvm.dll
stack at sp + 4 slots: 0x000001b6d35211c0 points into unknown readable memory: 0x0000000000000006 | 06 00 00 00 00 00 00 00
stack at sp + 5 slots: 0x00007ff900002000 is an unknown value
stack at sp + 6 slots: 0x000001b6d3f7eed0 points into unknown readable memory: 0x0000000000000000 | 00 00 00 00 00 00 00 00
stack at sp + 7 slots: 0x000001b600000000 is an unknown value


---------------  P R O C E S S  ---------------

Threads class SMR info:
_java_thread_list=0x000001b6dbb382a0, length=95, elements={
0x000001b68f1b3020, 0x000001b6aecf1cc0, 0x000001b6aecf2a50, 0x000001b6aed0afc0,
0x000001b6aed0c8a0, 0x000001b6aed0d170, 0x000001b6aed0da40, 0x000001b6aed11bf0,
0x000001b6aed1a5c0, 0x000001b6aed20b10, 0x000001b6ce0985e0, 0x000001b6ce19f350,
0x000001b6cffa2f30, 0x000001b6cf27a620, 0x000001b6d09bbd30, 0x000001b6cf2ba040,
0x000001b6cfab6080, 0x000001b6d0217690, 0x000001b6d0215830, 0x000001b6d0215d40,
0x000001b6d0214900, 0x000001b6d0214e10, 0x000001b6d0213ee0, 0x000001b6d02143f0,
0x000001b6d0216c70, 0x000001b6d0217180, 0x000001b6d077ef40, 0x000001b6d077ea30,
0x000001b6d077f450, 0x000001b6d077fe70, 0x000001b6d077e010, 0x000001b6d077a350,
0x000001b6d077e520, 0x000001b6d077f960, 0x000001b6d077c6c0, 0x000001b6d0778a00,
0x000001b6d077db00, 0x000001b6d077c1b0, 0x000001b6d0778f10, 0x000001b6d077d0e0,
0x000001b6d077b280, 0x000001b6d077d5f0, 0x000001b6d026b5a0, 0x000001b6d026f260,
0x000001b6d026d910, 0x000001b6d026e840, 0x000001b6d026de20, 0x000001b6d0267df0,
0x000001b6d026e330, 0x000001b6d0269c50, 0x000001b6d0268300, 0x000001b6d026f770,
0x000001b6d026bfc0, 0x000001b6d026b090, 0x000001b6d026a160, 0x000001b6d026bab0,
0x000001b6d026cef0, 0x000001b6d0268810, 0x000001b6d0268d20, 0x000001b6d026c9e0,
0x000001b6d026ed50, 0x000001b6d026d400, 0x000001b6d026a670, 0x000001b6d026ab80,
0x000001b6ce9b7ef0, 0x000001b6ce9b9840, 0x000001b6ce9b6090, 0x000001b6ce9b9d50,
0x000001b6ce9b79e0, 0x000001b6ce9bb190, 0x000001b6ce9bbbb0, 0x000001b6ce9bc0c0,
0x000001b6ce9b8400, 0x000001b6ce9b8910, 0x000001b6ce9bda10, 0x000001b6ce9bc5d0,
0x000001b6ce9b6fc0, 0x000001b6ce9bb6a0, 0x000001b6ce9b74d0, 0x000001b6d4d2a2c0,
0x000001b6d4d2b700, 0x000001b6d4d302f0, 0x000001b6d4d2a7d0, 0x000001b6d4d2ace0,
0x000001b6d4d2bc10, 0x000001b6d4d2d560, 0x000001b6d4d2e9a0, 0x000001b6d4d2c630,
0x000001b6d4d2df80, 0x000001b6d4d2cb40, 0x000001b6d4d2e490, 0x000001b6d4d2eeb0,
0x000001b6d4d2f3c0, 0x000001b6d4d2b1f0, 0x000001b6d36cd240
}

Java Threads: ( => current thread )
  0x000001b68f1b3020 JavaThread "main" [_thread_blocked, id=364, stack(0x000000800c500000,0x000000800c600000)]
  0x000001b6aecf1cc0 JavaThread "Reference Handler" daemon [_thread_blocked, id=11220, stack(0x000000800cc00000,0x000000800cd00000)]
  0x000001b6aecf2a50 JavaThread "Finalizer" daemon [_thread_blocked, id=15404, stack(0x000000800cd00000,0x000000800ce00000)]
  0x000001b6aed0afc0 JavaThread "Signal Dispatcher" daemon [_thread_blocked, id=7428, stack(0x000000800ce00000,0x000000800cf00000)]
  0x000001b6aed0c8a0 JavaThread "Attach Listener" daemon [_thread_blocked, id=3740, stack(0x000000800cf00000,0x000000800d000000)]
  0x000001b6aed0d170 JavaThread "Service Thread" daemon [_thread_blocked, id=13612, stack(0x000000800d000000,0x000000800d100000)]
  0x000001b6aed0da40 JavaThread "Monitor Deflation Thread" daemon [_thread_blocked, id=7804, stack(0x000000800d100000,0x000000800d200000)]
  0x000001b6aed11bf0 JavaThread "C2 CompilerThread0" daemon [_thread_in_native, id=9360, stack(0x000000800d200000,0x000000800d300000)]
  0x000001b6aed1a5c0 JavaThread "C1 CompilerThread0" daemon [_thread_blocked, id=13828, stack(0x000000800d300000,0x000000800d400000)]
  0x000001b6aed20b10 JavaThread "Sweeper thread" daemon [_thread_blocked, id=10884, stack(0x000000800d400000,0x000000800d500000)]
  0x000001b6ce0985e0 JavaThread "Common-Cleaner" daemon [_thread_blocked, id=14372, stack(0x000000800d500000,0x000000800d600000)]
  0x000001b6ce19f350 JavaThread "Notification Thread" daemon [_thread_blocked, id=15340, stack(0x000000800d600000,0x000000800d700000)]
  0x000001b6cffa2f30 JavaThread "Daemon health stats" [_thread_blocked, id=10816, stack(0x000000800dc00000,0x000000800dd00000)]
  0x000001b6cf27a620 JavaThread "Incoming local TCP Connector on port 61179" [_thread_in_native, id=14832, stack(0x000000800d800000,0x000000800d900000)]
  0x000001b6d09bbd30 JavaThread "Daemon periodic checks" [_thread_blocked, id=1108, stack(0x000000800dd00000,0x000000800de00000)]
  0x000001b6cf2ba040 JavaThread "Daemon" [_thread_blocked, id=13716, stack(0x000000800df00000,0x000000800e000000)]
  0x000001b6cfab6080 JavaThread "Handler for socket connection from /127.0.0.1:61179 to /127.0.0.1:61180" [_thread_in_native, id=12796, stack(0x000000800e000000,0x000000800e100000)]
  0x000001b6d0217690 JavaThread "Cancel handler" [_thread_blocked, id=6780, stack(0x000000800de00000,0x000000800df00000)]
  0x000001b6d0215830 JavaThread "Daemon worker" [_thread_blocked, id=1512, stack(0x000000800e100000,0x000000800e200000)]
  0x000001b6d0215d40 JavaThread "Asynchronous log dispatcher for DefaultDaemonConnection: socket connection from /127.0.0.1:61179 to /127.0.0.1:61180" [_thread_blocked, id=15172, stack(0x000000800e200000,0x000000800e300000)]
  0x000001b6d0214900 JavaThread "Stdin handler" [_thread_blocked, id=10988, stack(0x000000800e300000,0x000000800e400000)]
  0x000001b6d0214e10 JavaThread "Daemon client event forwarder" [_thread_blocked, id=16180, stack(0x000000800e400000,0x000000800e500000)]
  0x000001b6d0213ee0 JavaThread "Cache worker for journal cache (C:\Users\cuty computer\.gradle\caches\journal-1)" [_thread_blocked, id=6452, stack(0x000000800e500000,0x000000800e600000)]
  0x000001b6d02143f0 JavaThread "File lock request listener" [_thread_in_native, id=16364, stack(0x000000800e600000,0x000000800e700000)]
  0x000001b6d0216c70 JavaThread "Cache worker for file hash cache (C:\Users\cuty computer\.gradle\caches\8.3\fileHashes)" [_thread_blocked, id=4200, stack(0x000000800e700000,0x000000800e800000)]
  0x000001b6d0217180 JavaThread "File watcher server" daemon [_thread_in_native, id=15848, stack(0x000000800e800000,0x000000800e900000)]
  0x000001b6d077ef40 JavaThread "File watcher consumer" daemon [_thread_blocked, id=8988, stack(0x000000800e900000,0x000000800ea00000)]
  0x000001b6d077ea30 JavaThread "Cache worker for checksums cache (D:\RN Internship\React Native\RNLearning_App\android\.gradle\8.3\checksums)" [_thread_blocked, id=1184, stack(0x000000800ea00000,0x000000800eb00000)]
  0x000001b6d077f450 JavaThread "Cache worker for file hash cache (D:\RN Internship\React Native\RNLearning_App\android\.gradle\8.3\fileHashes)" [_thread_blocked, id=7580, stack(0x000000800eb00000,0x000000800ec00000)]
  0x000001b6d077fe70 JavaThread "Cache worker for cache directory md-supplier (C:\Users\cuty computer\.gradle\caches\8.3\md-supplier)" [_thread_blocked, id=944, stack(0x000000800ec00000,0x000000800ed00000)]
  0x000001b6d077e010 JavaThread "Cache worker for file content cache (C:\Users\cuty computer\.gradle\caches\8.3\fileContent)" [_thread_blocked, id=10664, stack(0x000000800ed00000,0x000000800ee00000)]
  0x000001b6d077a350 JavaThread "Cache worker for cache directory md-rule (C:\Users\cuty computer\.gradle\caches\8.3\md-rule)" [_thread_blocked, id=10272, stack(0x000000800ef00000,0x000000800f000000)]
  0x000001b6d077e520 JavaThread "Cache worker for execution history cache (C:\Users\cuty computer\.gradle\caches\8.3\executionHistory)" [_thread_blocked, id=14152, stack(0x000000800f000000,0x000000800f100000)]
  0x000001b6d077f960 JavaThread "jar transforms" [_thread_blocked, id=6856, stack(0x000000800f100000,0x000000800f200000)]
  0x000001b6d077c6c0 JavaThread "jar transforms Thread 2" [_thread_blocked, id=14924, stack(0x000000800f200000,0x000000800f300000)]
  0x000001b6d0778a00 JavaThread "jar transforms Thread 3" [_thread_blocked, id=1776, stack(0x000000800f300000,0x000000800f400000)]
  0x000001b6d077db00 JavaThread "jar transforms Thread 4" [_thread_blocked, id=13532, stack(0x000000800f400000,0x000000800f500000)]
  0x000001b6d077c1b0 JavaThread "Cache worker for kotlin-dsl (C:\Users\cuty computer\.gradle\caches\8.3\kotlin-dsl)" [_thread_blocked, id=14636, stack(0x000000800ee00000,0x000000800ef00000)]
  0x000001b6d0778f10 JavaThread "Unconstrained build operations" [_thread_blocked, id=4728, stack(0x000000800f700000,0x000000800f800000)]
  0x000001b6d077d0e0 JavaThread "Unconstrained build operations Thread 2" [_thread_blocked, id=10388, stack(0x000000800f800000,0x000000800f900000)]
  0x000001b6d077b280 JavaThread "Cache worker for dependencies-accessors (D:\RN Internship\React Native\RNLearning_App\android\.gradle\8.3\dependencies-accessors)" [_thread_blocked, id=15632, stack(0x000000800f900000,0x000000800fa00000)]
  0x000001b6d077d5f0 JavaThread "Cache worker for Build Output Cleanup Cache (D:\RN Internship\React Native\RNLearning_App\node_modules\@react-native\gradle-plugin\.gradle\buildOutputCleanup)" [_thread_blocked, id=10392, stack(0x000000800fa00000,0x000000800fb00000)]
  0x000001b6d026b5a0 JavaThread "Unconstrained build operations Thread 3" [_thread_blocked, id=16324, stack(0x000000800fb00000,0x000000800fc00000)]
  0x000001b6d026f260 JavaThread "Unconstrained build operations Thread 4" [_thread_blocked, id=12416, stack(0x000000800fc00000,0x000000800fd00000)]
  0x000001b6d026d910 JavaThread "Unconstrained build operations Thread 5" [_thread_blocked, id=11360, stack(0x000000800fd00000,0x000000800fe00000)]
  0x000001b6d026e840 JavaThread "Memory manager" [_thread_blocked, id=11168, stack(0x000000800fe00000,0x000000800ff00000)]
  0x000001b6d026de20 JavaThread "Cache worker for Build Output Cleanup Cache (D:\RN Internship\React Native\RNLearning_App\android\.gradle\buildOutputCleanup)" [_thread_blocked, id=8492, stack(0x000000800ff00000,0x0000008010000000)]
  0x000001b6d0267df0 JavaThread "ForkJoinPool.commonPool-worker-1" daemon [_thread_blocked, id=15476, stack(0x000000800c300000,0x000000800c400000)]
  0x000001b6d026e330 JavaThread "ForkJoinPool.commonPool-worker-2" daemon [_thread_blocked, id=3216, stack(0x0000008010000000,0x0000008010100000)]
  0x000001b6d0269c50 JavaThread "ForkJoinPool.commonPool-worker-3" daemon [_thread_blocked, id=13044, stack(0x0000008010100000,0x0000008010200000)]
  0x000001b6d0268300 JavaThread "Exec process" [_thread_blocked, id=16040, stack(0x0000008010200000,0x0000008010300000)]
  0x000001b6d026f770 JavaThread "Exec process Thread 2" [_thread_blocked, id=15564, stack(0x0000008010300000,0x0000008010400000)]
  0x000001b6d026bfc0 JavaThread "Exec process Thread 3" [_thread_blocked, id=12456, stack(0x0000008010400000,0x0000008010500000)]
  0x000001b6d026b090 JavaThread "included builds" [_thread_blocked, id=7152, stack(0x0000008010500000,0x0000008010600000)]
  0x000001b6d026a160 JavaThread "Execution worker" [_thread_blocked, id=7464, stack(0x0000008010600000,0x0000008010700000)]
  0x000001b6d026bab0 JavaThread "Execution worker Thread 2" [_thread_blocked, id=13680, stack(0x0000008010700000,0x0000008010800000)]
  0x000001b6d026cef0 JavaThread "Execution worker Thread 3" [_thread_blocked, id=9652, stack(0x0000008010800000,0x0000008010900000)]
  0x000001b6d0268810 JavaThread "Cache worker for execution history cache (D:\RN Internship\React Native\RNLearning_App\node_modules\@react-native\gradle-plugin\.gradle\8.3\executionHistory)" [_thread_blocked, id=3956, stack(0x0000008010900000,0x0000008010a00000)]
  0x000001b6d0268d20 JavaThread "Unconstrained build operations Thread 6" [_thread_blocked, id=16336, stack(0x0000008010a00000,0x0000008010b00000)]
  0x000001b6d026c9e0 JavaThread "Unconstrained build operations Thread 7" [_thread_blocked, id=15552, stack(0x0000008010b00000,0x0000008010c00000)]
  0x000001b6d026ed50 JavaThread "Unconstrained build operations Thread 8" [_thread_blocked, id=10864, stack(0x0000008010c00000,0x0000008010d00000)]
  0x000001b6d026d400 JavaThread "Unconstrained build operations Thread 9" [_thread_blocked, id=13728, stack(0x0000008010d00000,0x0000008010e00000)]
  0x000001b6d026a670 JavaThread "Unconstrained build operations Thread 10" [_thread_blocked, id=12336, stack(0x0000008010e00000,0x0000008010f00000)]
  0x000001b6d026ab80 JavaThread "Unconstrained build operations Thread 11" [_thread_blocked, id=10116, stack(0x0000008010f00000,0x0000008011000000)]
  0x000001b6ce9b7ef0 JavaThread "Unconstrained build operations Thread 12" [_thread_blocked, id=10800, stack(0x0000008011000000,0x0000008011100000)]
  0x000001b6ce9b9840 JavaThread "Unconstrained build operations Thread 13" [_thread_in_Java, id=9260, stack(0x0000008011100000,0x0000008011200000)]
  0x000001b6ce9b6090 JavaThread "Unconstrained build operations Thread 14" [_thread_blocked, id=3476, stack(0x000000800c400000,0x000000800c500000)]
  0x000001b6ce9b9d50 JavaThread "Unconstrained build operations Thread 15" [_thread_blocked, id=9724, stack(0x0000008011200000,0x0000008011300000)]
  0x000001b6ce9b79e0 JavaThread "Unconstrained build operations Thread 16" [_thread_blocked, id=3732, stack(0x0000008011300000,0x0000008011400000)]
  0x000001b6ce9bb190 JavaThread "Unconstrained build operations Thread 17" [_thread_blocked, id=3044, stack(0x0000008011400000,0x0000008011500000)]
  0x000001b6ce9bbbb0 JavaThread "Unconstrained build operations Thread 18" [_thread_blocked, id=16256, stack(0x0000008011500000,0x0000008011600000)]
  0x000001b6ce9bc0c0 JavaThread "Unconstrained build operations Thread 19" [_thread_blocked, id=11288, stack(0x0000008011600000,0x0000008011700000)]
  0x000001b6ce9b8400 JavaThread "Unconstrained build operations Thread 20" [_thread_blocked, id=1532, stack(0x0000008011700000,0x0000008011800000)]
  0x000001b6ce9b8910 JavaThread "Unconstrained build operations Thread 21" [_thread_blocked, id=6316, stack(0x0000008011800000,0x0000008011900000)]
  0x000001b6ce9bda10 JavaThread "Unconstrained build operations Thread 22" [_thread_blocked, id=5976, stack(0x0000008011900000,0x0000008011a00000)]
  0x000001b6ce9bc5d0 JavaThread "Unconstrained build operations Thread 23" [_thread_blocked, id=13240, stack(0x0000008011a00000,0x0000008011b00000)]
  0x000001b6ce9b6fc0 JavaThread "Unconstrained build operations Thread 24" [_thread_blocked, id=10716, stack(0x0000008011b00000,0x0000008011c00000)]
  0x000001b6ce9bb6a0 JavaThread "Unconstrained build operations Thread 25" [_thread_blocked, id=11668, stack(0x0000008011c00000,0x0000008011d00000)]
  0x000001b6ce9b74d0 JavaThread "Unconstrained build operations Thread 26" [_thread_blocked, id=10908, stack(0x0000008011d00000,0x0000008011e00000)]
  0x000001b6d4d2a2c0 JavaThread "Unconstrained build operations Thread 27" [_thread_blocked, id=14404, stack(0x0000008011e00000,0x0000008011f00000)]
  0x000001b6d4d2b700 JavaThread "Unconstrained build operations Thread 28" [_thread_blocked, id=2028, stack(0x0000008011f00000,0x0000008012000000)]
  0x000001b6d4d302f0 JavaThread "Unconstrained build operations Thread 29" [_thread_blocked, id=8620, stack(0x0000008012000000,0x0000008012100000)]
  0x000001b6d4d2a7d0 JavaThread "Unconstrained build operations Thread 30" [_thread_blocked, id=12176, stack(0x0000008012100000,0x0000008012200000)]
  0x000001b6d4d2ace0 JavaThread "Unconstrained build operations Thread 31" [_thread_blocked, id=9556, stack(0x0000008012200000,0x0000008012300000)]
  0x000001b6d4d2bc10 JavaThread "Unconstrained build operations Thread 32" [_thread_blocked, id=8308, stack(0x0000008012300000,0x0000008012400000)]
  0x000001b6d4d2d560 JavaThread "Unconstrained build operations Thread 33" [_thread_blocked, id=13328, stack(0x0000008012400000,0x0000008012500000)]
  0x000001b6d4d2e9a0 JavaThread "Unconstrained build operations Thread 34" [_thread_blocked, id=11804, stack(0x0000008012500000,0x0000008012600000)]
  0x000001b6d4d2c630 JavaThread "Unconstrained build operations Thread 35" [_thread_blocked, id=14196, stack(0x0000008012600000,0x0000008012700000)]
  0x000001b6d4d2df80 JavaThread "Unconstrained build operations Thread 36" [_thread_blocked, id=6900, stack(0x0000008012700000,0x0000008012800000)]
  0x000001b6d4d2cb40 JavaThread "Unconstrained build operations Thread 37" [_thread_blocked, id=12440, stack(0x0000008012800000,0x0000008012900000)]
  0x000001b6d4d2e490 JavaThread "Unconstrained build operations Thread 38" [_thread_blocked, id=6500, stack(0x0000008012900000,0x0000008012a00000)]
  0x000001b6d4d2eeb0 JavaThread "Unconstrained build operations Thread 39" [_thread_blocked, id=14072, stack(0x0000008012a00000,0x0000008012b00000)]
  0x000001b6d4d2f3c0 JavaThread "Unconstrained build operations Thread 40" [_thread_blocked, id=14564, stack(0x0000008012b00000,0x0000008012c00000)]
  0x000001b6d4d2b1f0 JavaThread "Cache worker for execution history cache (D:\RN Internship\React Native\RNLearning_App\android\.gradle\8.3\executionHistory)" [_thread_blocked, id=13884, stack(0x0000008012c00000,0x0000008012d00000)]
=>0x000001b6d36cd240 JavaThread "C2 CompilerThread1" daemon [_thread_in_native, id=13196, stack(0x000000800c200000,0x000000800c300000)]

Other Threads:
  0x000001b6aecea190 VMThread "VM Thread" [stack: 0x000000800cb00000,0x000000800cc00000] [id=2036]
  0x000001b6ce1d12c0 WatcherThread [stack: 0x000000800d700000,0x000000800d800000] [id=4256]
  0x000001b68f20d340 GCTaskThread "GC Thread#0" [stack: 0x000000800c600000,0x000000800c700000] [id=10284]
  0x000001b6ce4a8630 GCTaskThread "GC Thread#1" [stack: 0x000000800d900000,0x000000800da00000] [id=996]
  0x000001b6ce472fc0 GCTaskThread "GC Thread#2" [stack: 0x000000800da00000,0x000000800db00000] [id=12576]
  0x000001b6ce473280 GCTaskThread "GC Thread#3" [stack: 0x000000800db00000,0x000000800dc00000] [id=14784]
  0x000001b68f21e1a0 ConcurrentGCThread "G1 Main Marker" [stack: 0x000000800c700000,0x000000800c800000] [id=6164]
  0x000001b68f21f260 ConcurrentGCThread "G1 Conc#0" [stack: 0x000000800c800000,0x000000800c900000] [id=2788]
  0x000001b6aeba44f0 ConcurrentGCThread "G1 Refine#0" [stack: 0x000000800c900000,0x000000800ca00000] [id=13868]
  0x000001b6aeba4e30 ConcurrentGCThread "G1 Service" [stack: 0x000000800ca00000,0x000000800cb00000] [id=9428]

Threads with active compile tasks:
C2 CompilerThread0    95132 15796   !   4       java.util.concurrent.FutureTask::run (123 bytes)
C2 CompilerThread1    95132 15783   !   4       org.gradle.cache.internal.DefaultMultiProcessSafeIndexedCache::getIfPresent (25 bytes)

VM state: not at safepoint (normal execution)

VM Mutex/Monitor currently owned by a thread: None

Heap address: 0x0000000080000000, size: 2048 MB, Compressed Oops mode: 32-bit

CDS archive(s) mapped at: [0x000001b6af000000-0x000001b6afbd0000-0x000001b6afbd0000), size 12386304, SharedBaseAddress: 0x000001b6af000000, ArchiveRelocationMode: 1.
Compressed class space mapped at: 0x000001b6b0000000-0x000001b6ca000000, reserved size: 436207616
Narrow klass base: 0x000001b6af000000, Narrow klass shift: 0, Narrow klass range: 0x100000000

GC Precious Log:
 CPUs: 4 total, 4 available
 Memory: 12179M
 Large Page Support: Disabled
 NUMA Support: Disabled
 Compressed Oops: Enabled (32-bit)
 Heap Region Size: 1M
 Heap Min Capacity: 8M
 Heap Initial Capacity: 192M
 Heap Max Capacity: 2G
 Pre-touch: Disabled
 Parallel Workers: 4
 Concurrent Workers: 1
 Concurrent Refinement Workers: 4
 Periodic GC: Disabled

Heap:
 garbage-first heap   total 253952K, used 203400K [0x0000000080000000, 0x0000000100000000)
  region size 1024K, 19 young (19456K), 5 survivors (5120K)
 Metaspace       used 100171K, committed 101376K, reserved 557056K
  class space    used 13960K, committed 14528K, reserved 425984K

Heap Regions: E=young(eden), S=young(survivor), O=old, HS=humongous(starts), HC=humongous(continues), CS=collection set, F=free, OA=open archive, CA=closed archive, TAMS=top-at-mark-start (previous, next)
|   0|0x0000000080000000, 0x0000000080100000, 0x0000000080100000|100%| O|  |TAMS 0x0000000080100000, 0x0000000080000000| Untracked 
|   1|0x0000000080100000, 0x0000000080200000, 0x0000000080200000|100%| O|  |TAMS 0x0000000080200000, 0x0000000080100000| Untracked 
|   2|0x0000000080200000, 0x0000000080300000, 0x0000000080300000|100%|HS|  |TAMS 0x0000000080300000, 0x0000000080200000| Complete 
|   3|0x0000000080300000, 0x0000000080400000, 0x0000000080400000|100%|HC|  |TAMS 0x0000000080400000, 0x0000000080300000| Complete 
|   4|0x0000000080400000, 0x0000000080500000, 0x0000000080500000|100%|HC|  |TAMS 0x0000000080500000, 0x0000000080400000| Complete 
|   5|0x0000000080500000, 0x0000000080600000, 0x0000000080600000|100%|HC|  |TAMS 0x0000000080600000, 0x0000000080500000| Complete 
|   6|0x0000000080600000, 0x0000000080700000, 0x0000000080700000|100%| O|  |TAMS 0x0000000080700000, 0x0000000080600000| Untracked 
|   7|0x0000000080700000, 0x0000000080800000, 0x0000000080800000|100%| O|  |TAMS 0x0000000080800000, 0x0000000080700000| Untracked 
|   8|0x0000000080800000, 0x0000000080900000, 0x0000000080900000|100%| O|  |TAMS 0x0000000080900000, 0x0000000080800000| Untracked 
|   9|0x0000000080900000, 0x0000000080a00000, 0x0000000080a00000|100%| O|  |TAMS 0x0000000080a00000, 0x0000000080900000| Untracked 
|  10|0x0000000080a00000, 0x0000000080b00000, 0x0000000080b00000|100%| O|  |TAMS 0x0000000080b00000, 0x0000000080a00000| Untracked 
|  11|0x0000000080b00000, 0x0000000080bf5200, 0x0000000080c00000| 95%| O|  |TAMS 0x0000000080bf5200, 0x0000000080b00000| Untracked 
|  12|0x0000000080c00000, 0x0000000080d00000, 0x0000000080d00000|100%| O|  |TAMS 0x0000000080d00000, 0x0000000080c00000| Untracked 
|  13|0x0000000080d00000, 0x0000000080e00000, 0x0000000080e00000|100%| O|  |TAMS 0x0000000080e00000, 0x0000000080d00000| Untracked 
|  14|0x0000000080e00000, 0x0000000080f00000, 0x0000000080f00000|100%| O|  |TAMS 0x0000000080f00000, 0x0000000080e00000| Untracked 
|  15|0x0000000080f00000, 0x0000000081000000, 0x0000000081000000|100%| O|  |TAMS 0x0000000081000000, 0x0000000080f00000| Untracked 
|  16|0x0000000081000000, 0x0000000081100000, 0x0000000081100000|100%| O|  |TAMS 0x0000000081100000, 0x0000000081000000| Untracked 
|  17|0x0000000081100000, 0x0000000081200000, 0x0000000081200000|100%| O|  |TAMS 0x0000000081200000, 0x0000000081100000| Untracked 
|  18|0x0000000081200000, 0x0000000081300000, 0x0000000081300000|100%| O|  |TAMS 0x0000000081300000, 0x0000000081200000| Untracked 
|  19|0x0000000081300000, 0x0000000081400000, 0x0000000081400000|100%| O|  |TAMS 0x0000000081400000, 0x0000000081300000| Untracked 
|  20|0x0000000081400000, 0x0000000081500000, 0x0000000081500000|100%| O|  |TAMS 0x0000000081500000, 0x0000000081400000| Untracked 
|  21|0x0000000081500000, 0x0000000081600000, 0x0000000081600000|100%| O|  |TAMS 0x0000000081600000, 0x0000000081500000| Untracked 
|  22|0x0000000081600000, 0x0000000081700000, 0x0000000081700000|100%| O|  |TAMS 0x0000000081700000, 0x0000000081600000| Untracked 
|  23|0x0000000081700000, 0x0000000081800000, 0x0000000081800000|100%| O|  |TAMS 0x0000000081800000, 0x0000000081700000| Untracked 
|  24|0x0000000081800000, 0x0000000081900000, 0x0000000081900000|100%| O|  |TAMS 0x0000000081900000, 0x0000000081800000| Untracked 
|  25|0x0000000081900000, 0x0000000081a00000, 0x0000000081a00000|100%| O|  |TAMS 0x0000000081a00000, 0x0000000081900000| Untracked 
|  26|0x0000000081a00000, 0x0000000081b00000, 0x0000000081b00000|100%| O|  |TAMS 0x0000000081b00000, 0x0000000081a00000| Untracked 
|  27|0x0000000081b00000, 0x0000000081c00000, 0x0000000081c00000|100%| O|  |TAMS 0x0000000081c00000, 0x0000000081b00000| Untracked 
|  28|0x0000000081c00000, 0x0000000081d00000, 0x0000000081d00000|100%| O|  |TAMS 0x0000000081d00000, 0x0000000081c00000| Untracked 
|  29|0x0000000081d00000, 0x0000000081e00000, 0x0000000081e00000|100%| O|  |TAMS 0x0000000081e00000, 0x0000000081d00000| Untracked 
|  30|0x0000000081e00000, 0x0000000081f00000, 0x0000000081f00000|100%| O|  |TAMS 0x0000000081f00000, 0x0000000081e00000| Untracked 
|  31|0x0000000081f00000, 0x0000000082000000, 0x0000000082000000|100%| O|  |TAMS 0x0000000082000000, 0x0000000081f00000| Untracked 
|  32|0x0000000082000000, 0x0000000082100000, 0x0000000082100000|100%| O|  |TAMS 0x0000000082100000, 0x0000000082000000| Untracked 
|  33|0x0000000082100000, 0x0000000082200000, 0x0000000082200000|100%| O|  |TAMS 0x0000000082200000, 0x0000000082100000| Untracked 
|  34|0x0000000082200000, 0x0000000082300000, 0x0000000082300000|100%| O|  |TAMS 0x0000000082300000, 0x0000000082200000| Untracked 
|  35|0x0000000082300000, 0x0000000082400000, 0x0000000082400000|100%| O|  |TAMS 0x0000000082400000, 0x0000000082300000| Untracked 
|  36|0x0000000082400000, 0x0000000082500000, 0x0000000082500000|100%| O|  |TAMS 0x0000000082500000, 0x0000000082400000| Untracked 
|  37|0x0000000082500000, 0x0000000082600000, 0x0000000082600000|100%|HS|  |TAMS 0x0000000082600000, 0x0000000082500000| Complete 
|  38|0x0000000082600000, 0x0000000082700000, 0x0000000082700000|100%|HC|  |TAMS 0x0000000082700000, 0x0000000082600000| Complete 
|  39|0x0000000082700000, 0x0000000082800000, 0x0000000082800000|100%|HS|  |TAMS 0x0000000082800000, 0x0000000082700000| Complete 
|  40|0x0000000082800000, 0x0000000082900000, 0x0000000082900000|100%|HC|  |TAMS 0x0000000082900000, 0x0000000082800000| Complete 
|  41|0x0000000082900000, 0x0000000082a00000, 0x0000000082a00000|100%| O|  |TAMS 0x0000000082a00000, 0x0000000082900000| Untracked 
|  42|0x0000000082a00000, 0x0000000082b00000, 0x0000000082b00000|100%|HS|  |TAMS 0x0000000082b00000, 0x0000000082a00000| Complete 
|  43|0x0000000082b00000, 0x0000000082c00000, 0x0000000082c00000|100%|HC|  |TAMS 0x0000000082c00000, 0x0000000082b00000| Complete 
|  44|0x0000000082c00000, 0x0000000082d00000, 0x0000000082d00000|100%|HC|  |TAMS 0x0000000082d00000, 0x0000000082c00000| Complete 
|  45|0x0000000082d00000, 0x0000000082e00000, 0x0000000082e00000|100%|HC|  |TAMS 0x0000000082e00000, 0x0000000082d00000| Complete 
|  46|0x0000000082e00000, 0x0000000082f00000, 0x0000000082f00000|100%| O|  |TAMS 0x0000000082f00000, 0x0000000082e00000| Untracked 
|  47|0x0000000082f00000, 0x0000000083000000, 0x0000000083000000|100%| O|  |TAMS 0x0000000083000000, 0x0000000082f00000| Untracked 
|  48|0x0000000083000000, 0x0000000083100000, 0x0000000083100000|100%| O|  |TAMS 0x0000000083100000, 0x0000000083000000| Untracked 
|  49|0x0000000083100000, 0x0000000083200000, 0x0000000083200000|100%| O|  |TAMS 0x0000000083200000, 0x0000000083100000| Untracked 
|  50|0x0000000083200000, 0x0000000083300000, 0x0000000083300000|100%| O|  |TAMS 0x0000000083300000, 0x0000000083200000| Untracked 
|  51|0x0000000083300000, 0x0000000083400000, 0x0000000083400000|100%|HS|  |TAMS 0x0000000083400000, 0x0000000083300000| Complete 
|  52|0x0000000083400000, 0x0000000083500000, 0x0000000083500000|100%|HC|  |TAMS 0x0000000083500000, 0x0000000083400000| Complete 
|  53|0x0000000083500000, 0x0000000083600000, 0x0000000083600000|100%|HC|  |TAMS 0x0000000083600000, 0x0000000083500000| Complete 
|  54|0x0000000083600000, 0x0000000083700000, 0x0000000083700000|100%|HC|  |TAMS 0x0000000083700000, 0x0000000083600000| Complete 
|  55|0x0000000083700000, 0x0000000083800000, 0x0000000083800000|100%| O|  |TAMS 0x0000000083800000, 0x0000000083700000| Untracked 
|  56|0x0000000083800000, 0x0000000083900000, 0x0000000083900000|100%| O|  |TAMS 0x0000000083900000, 0x0000000083800000| Untracked 
|  57|0x0000000083900000, 0x0000000083a00000, 0x0000000083a00000|100%| O|  |TAMS 0x0000000083a00000, 0x0000000083900000| Untracked 
|  58|0x0000000083a00000, 0x0000000083b00000, 0x0000000083b00000|100%| O|  |TAMS 0x0000000083b00000, 0x0000000083a00000| Untracked 
|  59|0x0000000083b00000, 0x0000000083c00000, 0x0000000083c00000|100%| O|  |TAMS 0x0000000083c00000, 0x0000000083b00000| Untracked 
|  60|0x0000000083c00000, 0x0000000083d00000, 0x0000000083d00000|100%| O|  |TAMS 0x0000000083d00000, 0x0000000083c00000| Untracked 
|  61|0x0000000083d00000, 0x0000000083e00000, 0x0000000083e00000|100%| O|  |TAMS 0x0000000083e00000, 0x0000000083d00000| Untracked 
|  62|0x0000000083e00000, 0x0000000083f00000, 0x0000000083f00000|100%| O|  |TAMS 0x0000000083f00000, 0x0000000083e00000| Untracked 
|  63|0x0000000083f00000, 0x0000000084000000, 0x0000000084000000|100%| O|  |TAMS 0x0000000084000000, 0x0000000083f00000| Untracked 
|  64|0x0000000084000000, 0x0000000084100000, 0x0000000084100000|100%| O|  |TAMS 0x0000000084100000, 0x0000000084000000| Untracked 
|  65|0x0000000084100000, 0x0000000084200000, 0x0000000084200000|100%| O|  |TAMS 0x0000000084200000, 0x0000000084100000| Untracked 
|  66|0x0000000084200000, 0x0000000084300000, 0x0000000084300000|100%| O|  |TAMS 0x0000000084200000, 0x0000000084200000| Untracked 
|  67|0x0000000084300000, 0x0000000084400000, 0x0000000084400000|100%|HS|  |TAMS 0x0000000084400000, 0x0000000084300000| Complete 
|  68|0x0000000084400000, 0x0000000084500000, 0x0000000084500000|100%|HS|  |TAMS 0x0000000084500000, 0x0000000084400000| Complete 
|  69|0x0000000084500000, 0x0000000084600000, 0x0000000084600000|100%|HS|  |TAMS 0x0000000084600000, 0x0000000084500000| Complete 
|  70|0x0000000084600000, 0x0000000084700000, 0x0000000084700000|100%| O|  |TAMS 0x0000000084700000, 0x0000000084600000| Untracked 
|  71|0x0000000084700000, 0x0000000084800000, 0x0000000084800000|100%|HS|  |TAMS 0x0000000084800000, 0x0000000084700000| Complete 
|  72|0x0000000084800000, 0x0000000084900000, 0x0000000084900000|100%| O|  |TAMS 0x0000000084900000, 0x0000000084800000| Untracked 
|  73|0x0000000084900000, 0x0000000084a00000, 0x0000000084a00000|100%| O|  |TAMS 0x0000000084a00000, 0x0000000084900000| Untracked 
|  74|0x0000000084a00000, 0x0000000084b00000, 0x0000000084b00000|100%| O|  |TAMS 0x0000000084b00000, 0x0000000084a00000| Untracked 
|  75|0x0000000084b00000, 0x0000000084c00000, 0x0000000084c00000|100%| O|  |TAMS 0x0000000084c00000, 0x0000000084b00000| Untracked 
|  76|0x0000000084c00000, 0x0000000084d00000, 0x0000000084d00000|100%| O|  |TAMS 0x0000000084d00000, 0x0000000084c00000| Untracked 
|  77|0x0000000084d00000, 0x0000000084e00000, 0x0000000084e00000|100%| O|  |TAMS 0x0000000084d00000, 0x0000000084d00000| Untracked 
|  78|0x0000000084e00000, 0x0000000084f00000, 0x0000000084f00000|100%| O|  |TAMS 0x0000000084f00000, 0x0000000084e00000| Untracked 
|  79|0x0000000084f00000, 0x0000000085000000, 0x0000000085000000|100%| O|  |TAMS 0x0000000085000000, 0x0000000084f00000| Untracked 
|  80|0x0000000085000000, 0x0000000085100000, 0x0000000085100000|100%| O|  |TAMS 0x0000000085100000, 0x0000000085000000| Untracked 
|  81|0x0000000085100000, 0x0000000085200000, 0x0000000085200000|100%| O|  |TAMS 0x0000000085200000, 0x0000000085100000| Untracked 
|  82|0x0000000085200000, 0x0000000085300000, 0x0000000085300000|100%| O|  |TAMS 0x0000000085300000, 0x0000000085200000| Untracked 
|  83|0x0000000085300000, 0x0000000085400000, 0x0000000085400000|100%| O|  |TAMS 0x00000000853b9e00, 0x0000000085300000| Untracked 
|  84|0x0000000085400000, 0x0000000085500000, 0x0000000085500000|100%| O|  |TAMS 0x0000000085400000, 0x0000000085400000| Untracked 
|  85|0x0000000085500000, 0x0000000085600000, 0x0000000085600000|100%| O|  |TAMS 0x0000000085500000, 0x0000000085500000| Untracked 
|  86|0x0000000085600000, 0x0000000085700000, 0x0000000085700000|100%| O|  |TAMS 0x0000000085600000, 0x0000000085600000| Untracked 
|  87|0x0000000085700000, 0x0000000085800000, 0x0000000085800000|100%| O|  |TAMS 0x0000000085700000, 0x0000000085700000| Untracked 
|  88|0x0000000085800000, 0x0000000085900000, 0x0000000085900000|100%| O|  |TAMS 0x0000000085800000, 0x0000000085800000| Untracked 
|  89|0x0000000085900000, 0x0000000085a00000, 0x0000000085a00000|100%| O|  |TAMS 0x0000000085900000, 0x0000000085900000| Untracked 
|  90|0x0000000085a00000, 0x0000000085b00000, 0x0000000085b00000|100%| O|  |TAMS 0x0000000085a00000, 0x0000000085a00000| Untracked 
|  91|0x0000000085b00000, 0x0000000085c00000, 0x0000000085c00000|100%|HS|  |TAMS 0x0000000085b00000, 0x0000000085b00000| Complete 
|  92|0x0000000085c00000, 0x0000000085d00000, 0x0000000085d00000|100%|HC|  |TAMS 0x0000000085c00000, 0x0000000085c00000| Complete 
|  93|0x0000000085d00000, 0x0000000085e00000, 0x0000000085e00000|100%|HS|  |TAMS 0x0000000085d00000, 0x0000000085d00000| Complete 
|  94|0x0000000085e00000, 0x0000000085f00000, 0x0000000085f00000|100%|HC|  |TAMS 0x0000000085e00000, 0x0000000085e00000| Complete 
|  95|0x0000000085f00000, 0x0000000086000000, 0x0000000086000000|100%| O|  |TAMS 0x0000000085f00000, 0x0000000085f00000| Untracked 
|  96|0x0000000086000000, 0x0000000086100000, 0x0000000086100000|100%| O|  |TAMS 0x0000000086000000, 0x0000000086000000| Untracked 
|  97|0x0000000086100000, 0x0000000086200000, 0x0000000086200000|100%|HS|  |TAMS 0x0000000086100000, 0x0000000086100000| Complete 
|  98|0x0000000086200000, 0x0000000086300000, 0x0000000086300000|100%|HS|  |TAMS 0x0000000086200000, 0x0000000086200000| Complete 
|  99|0x0000000086300000, 0x0000000086400000, 0x0000000086400000|100%|HS|  |TAMS 0x0000000086300000, 0x0000000086300000| Complete 
| 100|0x0000000086400000, 0x0000000086500000, 0x0000000086500000|100%|HC|  |TAMS 0x0000000086400000, 0x0000000086400000| Complete 
| 101|0x0000000086500000, 0x0000000086600000, 0x0000000086600000|100%| O|  |TAMS 0x0000000086500000, 0x0000000086500000| Untracked 
| 102|0x0000000086600000, 0x0000000086700000, 0x0000000086700000|100%| O|  |TAMS 0x0000000086600000, 0x0000000086600000| Untracked 
| 103|0x0000000086700000, 0x0000000086800000, 0x0000000086800000|100%| O|  |TAMS 0x0000000086700000, 0x0000000086700000| Untracked 
| 104|0x0000000086800000, 0x0000000086900000, 0x0000000086900000|100%| O|  |TAMS 0x0000000086800000, 0x0000000086800000| Untracked 
| 105|0x0000000086900000, 0x0000000086a00000, 0x0000000086a00000|100%| O|  |TAMS 0x0000000086900000, 0x0000000086900000| Untracked 
| 106|0x0000000086a00000, 0x0000000086b00000, 0x0000000086b00000|100%| O|  |TAMS 0x0000000086a00000, 0x0000000086a00000| Untracked 
| 107|0x0000000086b00000, 0x0000000086c00000, 0x0000000086c00000|100%| O|  |TAMS 0x0000000086b00000, 0x0000000086b00000| Untracked 
| 108|0x0000000086c00000, 0x0000000086d00000, 0x0000000086d00000|100%| O|  |TAMS 0x0000000086c00000, 0x0000000086c00000| Untracked 
| 109|0x0000000086d00000, 0x0000000086e00000, 0x0000000086e00000|100%| O|  |TAMS 0x0000000086d00000, 0x0000000086d00000| Untracked 
| 110|0x0000000086e00000, 0x0000000086f00000, 0x0000000086f00000|100%| O|  |TAMS 0x0000000086e00000, 0x0000000086e00000| Untracked 
| 111|0x0000000086f00000, 0x0000000087000000, 0x0000000087000000|100%| O|  |TAMS 0x0000000086f00000, 0x0000000086f00000| Untracked 
| 112|0x0000000087000000, 0x0000000087100000, 0x0000000087100000|100%| O|  |TAMS 0x0000000087000000, 0x0000000087000000| Untracked 
| 113|0x0000000087100000, 0x0000000087200000, 0x0000000087200000|100%| O|  |TAMS 0x0000000087100000, 0x0000000087100000| Untracked 
| 114|0x0000000087200000, 0x0000000087300000, 0x0000000087300000|100%| O|  |TAMS 0x0000000087200000, 0x0000000087200000| Untracked 
| 115|0x0000000087300000, 0x0000000087400000, 0x0000000087400000|100%| O|  |TAMS 0x0000000087300000, 0x0000000087300000| Untracked 
| 116|0x0000000087400000, 0x0000000087500000, 0x0000000087500000|100%| O|  |TAMS 0x0000000087400000, 0x0000000087400000| Untracked 
| 117|0x0000000087500000, 0x0000000087600000, 0x0000000087600000|100%|HS|  |TAMS 0x0000000087500000, 0x0000000087500000| Complete 
| 118|0x0000000087600000, 0x0000000087700000, 0x0000000087700000|100%|HS|  |TAMS 0x0000000087600000, 0x0000000087600000| Complete 
| 119|0x0000000087700000, 0x0000000087800000, 0x0000000087800000|100%|HS|  |TAMS 0x0000000087700000, 0x0000000087700000| Complete 
| 120|0x0000000087800000, 0x0000000087900000, 0x0000000087900000|100%|HS|  |TAMS 0x0000000087800000, 0x0000000087800000| Complete 
| 121|0x0000000087900000, 0x0000000087a00000, 0x0000000087a00000|100%| O|  |TAMS 0x0000000087900000, 0x0000000087900000| Untracked 
| 122|0x0000000087a00000, 0x0000000087b00000, 0x0000000087b00000|100%| O|  |TAMS 0x0000000087a00000, 0x0000000087a00000| Untracked 
| 123|0x0000000087b00000, 0x0000000087c00000, 0x0000000087c00000|100%| O|  |TAMS 0x0000000087b00000, 0x0000000087b00000| Untracked 
| 124|0x0000000087c00000, 0x0000000087d00000, 0x0000000087d00000|100%| O|  |TAMS 0x0000000087c00000, 0x0000000087c00000| Untracked 
| 125|0x0000000087d00000, 0x0000000087e00000, 0x0000000087e00000|100%| O|  |TAMS 0x0000000087d00000, 0x0000000087d00000| Untracked 
| 126|0x0000000087e00000, 0x0000000087f00000, 0x0000000087f00000|100%| O|  |TAMS 0x0000000087e00000, 0x0000000087e00000| Untracked 
| 127|0x0000000087f00000, 0x0000000088000000, 0x0000000088000000|100%| O|  |TAMS 0x0000000087f00000, 0x0000000087f00000| Untracked 
| 128|0x0000000088000000, 0x0000000088100000, 0x0000000088100000|100%| O|  |TAMS 0x0000000088000000, 0x0000000088000000| Untracked 
| 129|0x0000000088100000, 0x0000000088200000, 0x0000000088200000|100%| O|  |TAMS 0x0000000088100000, 0x0000000088100000| Untracked 
| 130|0x0000000088200000, 0x0000000088300000, 0x0000000088300000|100%| O|  |TAMS 0x0000000088200000, 0x0000000088200000| Untracked 
| 131|0x0000000088300000, 0x0000000088400000, 0x0000000088400000|100%| O|  |TAMS 0x0000000088300000, 0x0000000088300000| Untracked 
| 132|0x0000000088400000, 0x0000000088500000, 0x0000000088500000|100%| O|  |TAMS 0x0000000088400000, 0x0000000088400000| Untracked 
| 133|0x0000000088500000, 0x0000000088600000, 0x0000000088600000|100%| O|  |TAMS 0x0000000088500000, 0x0000000088500000| Untracked 
| 134|0x0000000088600000, 0x0000000088700000, 0x0000000088700000|100%| O|  |TAMS 0x0000000088600000, 0x0000000088600000| Untracked 
| 135|0x0000000088700000, 0x0000000088800000, 0x0000000088800000|100%| O|  |TAMS 0x0000000088700000, 0x0000000088700000| Untracked 
| 136|0x0000000088800000, 0x0000000088900000, 0x0000000088900000|100%| O|  |TAMS 0x0000000088800000, 0x0000000088800000| Untracked 
| 137|0x0000000088900000, 0x0000000088a00000, 0x0000000088a00000|100%| O|  |TAMS 0x0000000088900000, 0x0000000088900000| Untracked 
| 138|0x0000000088a00000, 0x0000000088b00000, 0x0000000088b00000|100%| O|  |TAMS 0x0000000088a00000, 0x0000000088a00000| Untracked 
| 139|0x0000000088b00000, 0x0000000088c00000, 0x0000000088c00000|100%| O|  |TAMS 0x0000000088b00000, 0x0000000088b00000| Untracked 
| 140|0x0000000088c00000, 0x0000000088d00000, 0x0000000088d00000|100%| O|  |TAMS 0x0000000088c00000, 0x0000000088c00000| Untracked 
| 141|0x0000000088d00000, 0x0000000088e00000, 0x0000000088e00000|100%| O|  |TAMS 0x0000000088d00000, 0x0000000088d00000| Untracked 
| 142|0x0000000088e00000, 0x0000000088f00000, 0x0000000088f00000|100%|HS|  |TAMS 0x0000000088e00000, 0x0000000088e00000| Complete 
| 143|0x0000000088f00000, 0x0000000089000000, 0x0000000089000000|100%| O|  |TAMS 0x0000000088f00000, 0x0000000088f00000| Untracked 
| 144|0x0000000089000000, 0x0000000089100000, 0x0000000089100000|100%| O|  |TAMS 0x0000000089000000, 0x0000000089000000| Untracked 
| 145|0x0000000089100000, 0x0000000089200000, 0x0000000089200000|100%| O|  |TAMS 0x0000000089100000, 0x0000000089100000| Untracked 
| 146|0x0000000089200000, 0x0000000089300000, 0x0000000089300000|100%| O|  |TAMS 0x0000000089200000, 0x0000000089200000| Untracked 
| 147|0x0000000089300000, 0x0000000089400000, 0x0000000089400000|100%| O|  |TAMS 0x0000000089300000, 0x0000000089300000| Untracked 
| 148|0x0000000089400000, 0x0000000089500000, 0x0000000089500000|100%| O|  |TAMS 0x0000000089400000, 0x0000000089400000| Untracked 
| 149|0x0000000089500000, 0x0000000089600000, 0x0000000089600000|100%| O|  |TAMS 0x0000000089500000, 0x0000000089500000| Untracked 
| 150|0x0000000089600000, 0x0000000089700000, 0x0000000089700000|100%| O|  |TAMS 0x0000000089600000, 0x0000000089600000| Untracked 
| 151|0x0000000089700000, 0x0000000089800000, 0x0000000089800000|100%| O|  |TAMS 0x0000000089700000, 0x0000000089700000| Untracked 
| 152|0x0000000089800000, 0x0000000089900000, 0x0000000089900000|100%| O|  |TAMS 0x0000000089800000, 0x0000000089800000| Untracked 
| 153|0x0000000089900000, 0x0000000089a00000, 0x0000000089a00000|100%| O|  |TAMS 0x0000000089900000, 0x0000000089900000| Untracked 
| 154|0x0000000089a00000, 0x0000000089b00000, 0x0000000089b00000|100%| O|  |TAMS 0x0000000089a00000, 0x0000000089a00000| Untracked 
| 155|0x0000000089b00000, 0x0000000089c00000, 0x0000000089c00000|100%| O|  |TAMS 0x0000000089b00000, 0x0000000089b00000| Untracked 
| 156|0x0000000089c00000, 0x0000000089d00000, 0x0000000089d00000|100%| O|  |TAMS 0x0000000089c00000, 0x0000000089c00000| Untracked 
| 157|0x0000000089d00000, 0x0000000089e00000, 0x0000000089e00000|100%| O|  |TAMS 0x0000000089d00000, 0x0000000089d00000| Untracked 
| 158|0x0000000089e00000, 0x0000000089f00000, 0x0000000089f00000|100%| O|  |TAMS 0x0000000089e00000, 0x0000000089e00000| Untracked 
| 159|0x0000000089f00000, 0x000000008a000000, 0x000000008a000000|100%| O|  |TAMS 0x0000000089f00000, 0x0000000089f00000| Untracked 
| 160|0x000000008a000000, 0x000000008a100000, 0x000000008a100000|100%| O|  |TAMS 0x000000008a000000, 0x000000008a000000| Untracked 
| 161|0x000000008a100000, 0x000000008a200000, 0x000000008a200000|100%| O|  |TAMS 0x000000008a100000, 0x000000008a100000| Untracked 
| 162|0x000000008a200000, 0x000000008a300000, 0x000000008a300000|100%| O|  |TAMS 0x000000008a200000, 0x000000008a200000| Untracked 
| 163|0x000000008a300000, 0x000000008a400000, 0x000000008a400000|100%| O|  |TAMS 0x000000008a300000, 0x000000008a300000| Untracked 
| 164|0x000000008a400000, 0x000000008a500000, 0x000000008a500000|100%| O|  |TAMS 0x000000008a400000, 0x000000008a400000| Untracked 
| 165|0x000000008a500000, 0x000000008a600000, 0x000000008a600000|100%| O|  |TAMS 0x000000008a500000, 0x000000008a500000| Untracked 
| 166|0x000000008a600000, 0x000000008a700000, 0x000000008a700000|100%| O|  |TAMS 0x000000008a600000, 0x000000008a600000| Untracked 
| 167|0x000000008a700000, 0x000000008a800000, 0x000000008a800000|100%| O|  |TAMS 0x000000008a700000, 0x000000008a700000| Untracked 
| 168|0x000000008a800000, 0x000000008a900000, 0x000000008a900000|100%| O|  |TAMS 0x000000008a800000, 0x000000008a800000| Untracked 
| 169|0x000000008a900000, 0x000000008aa00000, 0x000000008aa00000|100%| O|  |TAMS 0x000000008a900000, 0x000000008a900000| Untracked 
| 170|0x000000008aa00000, 0x000000008ab00000, 0x000000008ab00000|100%| O|  |TAMS 0x000000008aa00000, 0x000000008aa00000| Untracked 
| 171|0x000000008ab00000, 0x000000008ac00000, 0x000000008ac00000|100%| O|  |TAMS 0x000000008ab00000, 0x000000008ab00000| Untracked 
| 172|0x000000008ac00000, 0x000000008ad00000, 0x000000008ad00000|100%| O|  |TAMS 0x000000008ac00000, 0x000000008ac00000| Untracked 
| 173|0x000000008ad00000, 0x000000008ae00000, 0x000000008ae00000|100%| O|  |TAMS 0x000000008ad00000, 0x000000008ad00000| Untracked 
| 174|0x000000008ae00000, 0x000000008af00000, 0x000000008af00000|100%| O|  |TAMS 0x000000008ae00000, 0x000000008ae00000| Untracked 
| 175|0x000000008af00000, 0x000000008b000000, 0x000000008b000000|100%| O|  |TAMS 0x000000008af00000, 0x000000008af00000| Untracked 
| 176|0x000000008b000000, 0x000000008b100000, 0x000000008b100000|100%| O|  |TAMS 0x000000008b000000, 0x000000008b000000| Untracked 
| 177|0x000000008b100000, 0x000000008b200000, 0x000000008b200000|100%| O|  |TAMS 0x000000008b100000, 0x000000008b100000| Untracked 
| 178|0x000000008b200000, 0x000000008b300000, 0x000000008b300000|100%| O|  |TAMS 0x000000008b200000, 0x000000008b200000| Untracked 
| 179|0x000000008b300000, 0x000000008b400000, 0x000000008b400000|100%| O|  |TAMS 0x000000008b300000, 0x000000008b300000| Untracked 
| 180|0x000000008b400000, 0x000000008b500000, 0x000000008b500000|100%| O|  |TAMS 0x000000008b400000, 0x000000008b400000| Untracked 
| 181|0x000000008b500000, 0x000000008b5ace00, 0x000000008b600000| 67%| O|  |TAMS 0x000000008b500000, 0x000000008b500000| Untracked 
| 182|0x000000008b600000, 0x000000008b600000, 0x000000008b700000|  0%| F|  |TAMS 0x000000008b600000, 0x000000008b600000| Untracked 
| 183|0x000000008b700000, 0x000000008b700000, 0x000000008b800000|  0%| F|  |TAMS 0x000000008b700000, 0x000000008b700000| Untracked 
| 184|0x000000008b800000, 0x000000008b800000, 0x000000008b900000|  0%| F|  |TAMS 0x000000008b800000, 0x000000008b800000| Untracked 
| 185|0x000000008b900000, 0x000000008b900000, 0x000000008ba00000|  0%| F|  |TAMS 0x000000008b900000, 0x000000008b900000| Untracked 
| 186|0x000000008ba00000, 0x000000008ba00000, 0x000000008bb00000|  0%| F|  |TAMS 0x000000008ba00000, 0x000000008ba00000| Untracked 
| 187|0x000000008bb00000, 0x000000008bb00000, 0x000000008bc00000|  0%| F|  |TAMS 0x000000008bb00000, 0x000000008bb00000| Untracked 
| 188|0x000000008bc00000, 0x000000008bc00000, 0x000000008bd00000|  0%| F|  |TAMS 0x000000008bc00000, 0x000000008bc00000| Untracked 
| 189|0x000000008bd00000, 0x000000008bd00000, 0x000000008be00000|  0%| F|  |TAMS 0x000000008bd00000, 0x000000008bd00000| Untracked 
| 190|0x000000008be00000, 0x000000008be00000, 0x000000008bf00000|  0%| F|  |TAMS 0x000000008be00000, 0x000000008be00000| Untracked 
| 191|0x000000008bf00000, 0x000000008bf00000, 0x000000008c000000|  0%| F|  |TAMS 0x000000008bf00000, 0x000000008bf00000| Untracked 
| 192|0x000000008c000000, 0x000000008c000000, 0x000000008c100000|  0%| F|  |TAMS 0x000000008c000000, 0x000000008c000000| Untracked 
| 193|0x000000008c100000, 0x000000008c100000, 0x000000008c200000|  0%| F|  |TAMS 0x000000008c100000, 0x000000008c100000| Untracked 
| 194|0x000000008c200000, 0x000000008c200000, 0x000000008c300000|  0%| F|  |TAMS 0x000000008c200000, 0x000000008c200000| Untracked 
| 195|0x000000008c300000, 0x000000008c300000, 0x000000008c400000|  0%| F|  |TAMS 0x000000008c300000, 0x000000008c300000| Untracked 
| 196|0x000000008c400000, 0x000000008c400000, 0x000000008c500000|  0%| F|  |TAMS 0x000000008c400000, 0x000000008c400000| Untracked 
| 197|0x000000008c500000, 0x000000008c500000, 0x000000008c600000|  0%| F|  |TAMS 0x000000008c500000, 0x000000008c500000| Untracked 
| 198|0x000000008c600000, 0x000000008c600000, 0x000000008c700000|  0%| F|  |TAMS 0x000000008c600000, 0x000000008c600000| Untracked 
| 199|0x000000008c700000, 0x000000008c700000, 0x000000008c800000|  0%| F|  |TAMS 0x000000008c700000, 0x000000008c700000| Untracked 
| 200|0x000000008c800000, 0x000000008c800000, 0x000000008c900000|  0%| F|  |TAMS 0x000000008c800000, 0x000000008c800000| Untracked 
| 201|0x000000008c900000, 0x000000008c900000, 0x000000008ca00000|  0%| F|  |TAMS 0x000000008c900000, 0x000000008c900000| Untracked 
| 202|0x000000008ca00000, 0x000000008ca00000, 0x000000008cb00000|  0%| F|  |TAMS 0x000000008ca00000, 0x000000008ca00000| Untracked 
| 203|0x000000008cb00000, 0x000000008cb00000, 0x000000008cc00000|  0%| F|  |TAMS 0x000000008cb00000, 0x000000008cb00000| Untracked 
| 204|0x000000008cc00000, 0x000000008cc00000, 0x000000008cd00000|  0%| F|  |TAMS 0x000000008cc00000, 0x000000008cc00000| Untracked 
| 205|0x000000008cd00000, 0x000000008cd00000, 0x000000008ce00000|  0%| F|  |TAMS 0x000000008cd00000, 0x000000008cd00000| Untracked 
| 206|0x000000008ce00000, 0x000000008ce00000, 0x000000008cf00000|  0%| F|  |TAMS 0x000000008ce00000, 0x000000008ce00000| Untracked 
| 207|0x000000008cf00000, 0x000000008cf00000, 0x000000008d000000|  0%| F|  |TAMS 0x000000008cf00000, 0x000000008cf00000| Untracked 
| 208|0x000000008d000000, 0x000000008d000000, 0x000000008d100000|  0%| F|  |TAMS 0x000000008d000000, 0x000000008d000000| Untracked 
| 209|0x000000008d100000, 0x000000008d200000, 0x000000008d200000|100%| S|CS|TAMS 0x000000008d100000, 0x000000008d100000| Complete 
| 210|0x000000008d200000, 0x000000008d300000, 0x000000008d300000|100%| S|CS|TAMS 0x000000008d200000, 0x000000008d200000| Complete 
| 211|0x000000008d300000, 0x000000008d400000, 0x000000008d400000|100%| S|CS|TAMS 0x000000008d300000, 0x000000008d300000| Complete 
| 212|0x000000008d400000, 0x000000008d400000, 0x000000008d500000|  0%| F|  |TAMS 0x000000008d400000, 0x000000008d400000| Untracked 
| 213|0x000000008d500000, 0x000000008d500000, 0x000000008d600000|  0%| F|  |TAMS 0x000000008d500000, 0x000000008d500000| Untracked 
| 214|0x000000008d600000, 0x000000008d600000, 0x000000008d700000|  0%| F|  |TAMS 0x000000008d600000, 0x000000008d600000| Untracked 
| 215|0x000000008d700000, 0x000000008d800000, 0x000000008d800000|100%| S|CS|TAMS 0x000000008d700000, 0x000000008d700000| Complete 
| 216|0x000000008d800000, 0x000000008d900000, 0x000000008d900000|100%| S|CS|TAMS 0x000000008d800000, 0x000000008d800000| Complete 
| 217|0x000000008d900000, 0x000000008d900000, 0x000000008da00000|  0%| F|  |TAMS 0x000000008d900000, 0x000000008d900000| Untracked 
| 218|0x000000008da00000, 0x000000008da00000, 0x000000008db00000|  0%| F|  |TAMS 0x000000008da00000, 0x000000008da00000| Untracked 
| 219|0x000000008db00000, 0x000000008db00000, 0x000000008dc00000|  0%| F|  |TAMS 0x000000008db00000, 0x000000008db00000| Untracked 
| 220|0x000000008dc00000, 0x000000008dc00000, 0x000000008dd00000|  0%| F|  |TAMS 0x000000008dc00000, 0x000000008dc00000| Untracked 
| 221|0x000000008dd00000, 0x000000008dd00000, 0x000000008de00000|  0%| F|  |TAMS 0x000000008dd00000, 0x000000008dd00000| Untracked 
| 222|0x000000008de00000, 0x000000008de00000, 0x000000008df00000|  0%| F|  |TAMS 0x000000008de00000, 0x000000008de00000| Untracked 
| 223|0x000000008df00000, 0x000000008df00000, 0x000000008e000000|  0%| F|  |TAMS 0x000000008df00000, 0x000000008df00000| Untracked 
| 224|0x000000008e000000, 0x000000008e000000, 0x000000008e100000|  0%| F|  |TAMS 0x000000008e000000, 0x000000008e000000| Untracked 
| 225|0x000000008e100000, 0x000000008e100000, 0x000000008e200000|  0%| F|  |TAMS 0x000000008e100000, 0x000000008e100000| Untracked 
| 226|0x000000008e200000, 0x000000008e200000, 0x000000008e300000|  0%| F|  |TAMS 0x000000008e200000, 0x000000008e200000| Untracked 
| 227|0x000000008e300000, 0x000000008e300000, 0x000000008e400000|  0%| F|  |TAMS 0x000000008e300000, 0x000000008e300000| Untracked 
| 228|0x000000008e400000, 0x000000008e400000, 0x000000008e500000|  0%| F|  |TAMS 0x000000008e400000, 0x000000008e400000| Untracked 
| 229|0x000000008e500000, 0x000000008e500000, 0x000000008e600000|  0%| F|  |TAMS 0x000000008e500000, 0x000000008e500000| Untracked 
| 230|0x000000008e600000, 0x000000008e600000, 0x000000008e700000|  0%| F|  |TAMS 0x000000008e600000, 0x000000008e600000| Untracked 
| 231|0x000000008e700000, 0x000000008e700000, 0x000000008e800000|  0%| F|  |TAMS 0x000000008e700000, 0x000000008e700000| Untracked 
| 232|0x000000008e800000, 0x000000008e800000, 0x000000008e900000|  0%| F|  |TAMS 0x000000008e800000, 0x000000008e800000| Untracked 
| 233|0x000000008e900000, 0x000000008e900000, 0x000000008ea00000|  0%| F|  |TAMS 0x000000008e900000, 0x000000008e900000| Untracked 
| 234|0x000000008ea00000, 0x000000008eafc200, 0x000000008eb00000| 98%| E|  |TAMS 0x000000008ea00000, 0x000000008ea00000| Complete 
| 235|0x000000008eb00000, 0x000000008ec00000, 0x000000008ec00000|100%| E|CS|TAMS 0x000000008eb00000, 0x000000008eb00000| Complete 
| 236|0x000000008ec00000, 0x000000008ed00000, 0x000000008ed00000|100%| E|CS|TAMS 0x000000008ec00000, 0x000000008ec00000| Complete 
| 237|0x000000008ed00000, 0x000000008ee00000, 0x000000008ee00000|100%| E|CS|TAMS 0x000000008ed00000, 0x000000008ed00000| Complete 
| 238|0x000000008ee00000, 0x000000008ef00000, 0x000000008ef00000|100%| E|  |TAMS 0x000000008ee00000, 0x000000008ee00000| Complete 
| 239|0x000000008ef00000, 0x000000008f000000, 0x000000008f000000|100%| E|CS|TAMS 0x000000008ef00000, 0x000000008ef00000| Complete 
| 240|0x000000008f000000, 0x000000008f100000, 0x000000008f100000|100%| E|CS|TAMS 0x000000008f000000, 0x000000008f000000| Complete 
| 241|0x000000008f100000, 0x000000008f200000, 0x000000008f200000|100%| E|CS|TAMS 0x000000008f100000, 0x000000008f100000| Complete 
| 242|0x000000008f200000, 0x000000008f300000, 0x000000008f300000|100%| E|CS|TAMS 0x000000008f200000, 0x000000008f200000| Complete 
| 243|0x000000008f300000, 0x000000008f400000, 0x000000008f400000|100%| E|CS|TAMS 0x000000008f300000, 0x000000008f300000| Complete 
| 244|0x000000008f400000, 0x000000008f500000, 0x000000008f500000|100%| E|CS|TAMS 0x000000008f400000, 0x000000008f400000| Complete 
| 245|0x000000008f500000, 0x000000008f600000, 0x000000008f600000|100%| E|CS|TAMS 0x000000008f500000, 0x000000008f500000| Complete 
| 246|0x000000008f600000, 0x000000008f700000, 0x000000008f700000|100%| E|CS|TAMS 0x000000008f600000, 0x000000008f600000| Complete 
| 247|0x000000008f700000, 0x000000008f800000, 0x000000008f800000|100%| E|CS|TAMS 0x000000008f700000, 0x000000008f700000| Complete 

Card table byte_map: [0x000001b6a7ec0000,0x000001b6a82c0000] _byte_map_base: 0x000001b6a7ac0000

Marking Bits (Prev, Next): (CMBitMap*) 0x000001b68f20d8b0, (CMBitMap*) 0x000001b68f20d870
 Prev Bits: [0x000001b6aa6c0000, 0x000001b6ac6c0000)
 Next Bits: [0x000001b6a86c0000, 0x000001b6aa6c0000)

Polling page: 0x000001b698460000

Metaspace:

Usage:
  Non-class:     84.19 MB used.
      Class:     13.63 MB used.
       Both:     97.82 MB used.

Virtual space:
  Non-class space:      128.00 MB reserved,      84.81 MB ( 66%) committed,  2 nodes.
      Class space:      416.00 MB reserved,      14.19 MB (  3%) committed,  1 nodes.
             Both:      544.00 MB reserved,      99.00 MB ( 18%) committed. 

Chunk freelists:
   Non-Class:  10.84 MB
       Class:  1.74 MB
        Both:  12.59 MB

MaxMetaspaceSize: 512.00 MB
CompressedClassSpaceSize: 416.00 MB
Initial GC threshold: 21.00 MB
Current GC threshold: 122.62 MB
CDS: on
MetaspaceReclaimPolicy: balanced
 - commit_granule_bytes: 65536.
 - commit_granule_words: 8192.
 - virtual_space_node_default_size: 8388608.
 - enlarge_chunks_in_place: 1.
 - new_chunks_are_fully_committed: 0.
 - uncommit_free_chunks: 1.
 - use_allocation_guard: 0.
 - handle_deallocations: 1.


Internal statistics:

num_allocs_failed_limit: 6.
num_arena_births: 1444.
num_arena_deaths: 0.
num_vsnodes_births: 3.
num_vsnodes_deaths: 0.
num_space_committed: 1584.
num_space_uncommitted: 0.
num_chunks_returned_to_freelist: 6.
num_chunks_taken_from_freelist: 5934.
num_chunk_merges: 6.
num_chunk_splits: 3779.
num_chunks_enlarged: 2345.
num_inconsistent_stats: 0.

CodeHeap 'non-profiled nmethods': size=120000Kb used=9516Kb max_used=9516Kb free=110483Kb
 bounds [0x000001b69ff50000, 0x000001b6a08a0000, 0x000001b6a7480000]
CodeHeap 'profiled nmethods': size=120000Kb used=27387Kb max_used=27387Kb free=92613Kb
 bounds [0x000001b698480000, 0x000001b699f40000, 0x000001b69f9b0000]
CodeHeap 'non-nmethods': size=5760Kb used=2398Kb max_used=2467Kb free=3361Kb
 bounds [0x000001b69f9b0000, 0x000001b69fc20000, 0x000001b69ff50000]
 total_blobs=14584 nmethods=13653 adapters=842
 compilation: enabled
              stopped_count=0, restarted_count=0
 full_count=0

Compilation events (20 events):
Event: 94.868 Thread 0x000001b6d36cd240 nmethod 15779 0x000001b6a088ea90 code [0x000001b6a088ec00, 0x000001b6a088ec78]
Event: 94.868 Thread 0x000001b6d36cd240 15777       4       org.gradle.internal.io.StreamByteBuffer$StreamByteBufferInputStream::read (8 bytes)
Event: 94.869 Thread 0x000001b6d36cd240 nmethod 15777 0x000001b6a088ed90 code [0x000001b6a088ef20, 0x000001b6a088efc8]
Event: 94.872 Thread 0x000001b6d36cd240 15780       4       java.util.ArrayDeque::peekLast (19 bytes)
Event: 94.873 Thread 0x000001b6aed11bf0 nmethod 15778 0x000001b6a088f090 code [0x000001b6a088f220, 0x000001b6a088f798]
Event: 94.874 Thread 0x000001b6d36cd240 nmethod 15780 0x000001b6a088f890 code [0x000001b6a088fa00, 0x000001b6a088fab8]
Event: 94.874 Thread 0x000001b6aed11bf0 15781       4       org.gradle.internal.file.impl.DefaultFileMetadata::file (15 bytes)
Event: 94.875 Thread 0x000001b6aed11bf0 nmethod 15781 0x000001b6a088fb90 code [0x000001b6a088fd20, 0x000001b6a088fdf8]
Event: 94.875 Thread 0x000001b6aed11bf0 15782       4       org.gradle.cache.internal.DefaultFileLockManager$DefaultFileLock::assertOpenAndIntegral (41 bytes)
Event: 94.876 Thread 0x000001b6aed11bf0 nmethod 15782 0x000001b6a088fe90 code [0x000001b6a0890020, 0x000001b6a0890138]
Event: 94.882 Thread 0x000001b6d36cd240 15783   !   4       org.gradle.cache.internal.DefaultMultiProcessSafeIndexedCache::getIfPresent (25 bytes)
Event: 94.909 Thread 0x000001b6aed11bf0 15784       4       com.google.common.cache.LocalCache::isExpired (57 bytes)
Event: 94.911 Thread 0x000001b6aed11bf0 nmethod 15784 0x000001b6a0890290 code [0x000001b6a0890420, 0x000001b6a0890558]
Event: 94.934 Thread 0x000001b6aed11bf0 15785       4       java.util.concurrent.FutureTask::report (37 bytes)
Event: 94.935 Thread 0x000001b6aed11bf0 nmethod 15785 0x000001b6a0890690 code [0x000001b6a0890800, 0x000001b6a0890898]
Event: 94.935 Thread 0x000001b6aed11bf0 15786       4       java.util.concurrent.FutureTask::get (23 bytes)
Event: 94.952 Thread 0x000001b6aed11bf0 nmethod 15786 0x000001b6a0890990 code [0x000001b6a0890b40, 0x000001b6a0891398]
Event: 94.953 Thread 0x000001b6aed11bf0 15789   !   4       org.gradle.cache.internal.DefaultCacheCoordinator::getFileLock (97 bytes)
Event: 94.964 Thread 0x000001b6aed11bf0 nmethod 15789 0x000001b6a0891690 code [0x000001b6a0891840, 0x000001b6a0891d98]
Event: 94.964 Thread 0x000001b6aed11bf0 15787       4       org.gradle.cache.internal.DefaultCacheCoordinator$UnitOfWorkFileAccess::readFile (14 bytes)

GC Heap History (20 events):
Event: 83.151 GC heap before
{Heap before GC invocations=55 (full 0):
 garbage-first heap   total 253952K, used 202708K [0x0000000080000000, 0x0000000100000000)
  region size 1024K, 77 young (78848K), 12 survivors (12288K)
 Metaspace       used 91253K, committed 92352K, reserved 557056K
  class space    used 12795K, committed 13312K, reserved 425984K
}
Event: 83.191 GC heap after
{Heap after GC invocations=56 (full 0):
 garbage-first heap   total 253952K, used 154580K [0x0000000080000000, 0x0000000100000000)
  region size 1024K, 10 young (10240K), 10 survivors (10240K)
 Metaspace       used 91253K, committed 92352K, reserved 557056K
  class space    used 12795K, committed 13312K, reserved 425984K
}
Event: 84.389 GC heap before
{Heap before GC invocations=56 (full 0):
 garbage-first heap   total 253952K, used 204756K [0x0000000080000000, 0x0000000100000000)
  region size 1024K, 58 young (59392K), 10 survivors (10240K)
 Metaspace       used 92537K, committed 93632K, reserved 557056K
  class space    used 12957K, committed 13504K, reserved 425984K
}
Event: 84.419 GC heap after
{Heap after GC invocations=57 (full 0):
 garbage-first heap   total 253952K, used 164164K [0x0000000080000000, 0x0000000100000000)
  region size 1024K, 8 young (8192K), 8 survivors (8192K)
 Metaspace       used 92537K, committed 93632K, reserved 557056K
  class space    used 12957K, committed 13504K, reserved 425984K
}
Event: 85.789 GC heap before
{Heap before GC invocations=57 (full 0):
 garbage-first heap   total 253952K, used 206148K [0x0000000080000000, 0x0000000100000000)
  region size 1024K, 49 young (50176K), 8 survivors (8192K)
 Metaspace       used 96156K, committed 97280K, reserved 557056K
  class space    used 13489K, committed 14016K, reserved 425984K
}
Event: 85.802 GC heap after
{Heap after GC invocations=58 (full 0):
 garbage-first heap   total 253952K, used 166638K [0x0000000080000000, 0x0000000100000000)
  region size 1024K, 3 young (3072K), 3 survivors (3072K)
 Metaspace       used 96156K, committed 97280K, reserved 557056K
  class space    used 13489K, committed 14016K, reserved 425984K
}
Event: 87.766 GC heap before
{Heap before GC invocations=58 (full 0):
 garbage-first heap   total 253952K, used 208622K [0x0000000080000000, 0x0000000100000000)
  region size 1024K, 44 young (45056K), 3 survivors (3072K)
 Metaspace       used 97590K, committed 98752K, reserved 557056K
  class space    used 13673K, committed 14208K, reserved 425984K
}
Event: 87.797 GC heap after
{Heap after GC invocations=59 (full 0):
 garbage-first heap   total 253952K, used 172684K [0x0000000080000000, 0x0000000100000000)
  region size 1024K, 6 young (6144K), 6 survivors (6144K)
 Metaspace       used 97590K, committed 98752K, reserved 557056K
  class space    used 13673K, committed 14208K, reserved 425984K
}
Event: 89.083 GC heap before
{Heap before GC invocations=59 (full 0):
 garbage-first heap   total 253952K, used 210572K [0x0000000080000000, 0x0000000100000000)
  region size 1024K, 43 young (44032K), 6 survivors (6144K)
 Metaspace       used 98365K, committed 99456K, reserved 557056K
  class space    used 13759K, committed 14272K, reserved 425984K
}
Event: 89.103 GC heap after
{Heap after GC invocations=60 (full 0):
 garbage-first heap   total 253952K, used 177026K [0x0000000080000000, 0x0000000100000000)
  region size 1024K, 5 young (5120K), 5 survivors (5120K)
 Metaspace       used 98365K, committed 99456K, reserved 557056K
  class space    used 13759K, committed 14272K, reserved 425984K
}
Event: 89.849 GC heap before
{Heap before GC invocations=60 (full 0):
 garbage-first heap   total 253952K, used 211842K [0x0000000080000000, 0x0000000100000000)
  region size 1024K, 39 young (39936K), 5 survivors (5120K)
 Metaspace       used 98519K, committed 99584K, reserved 557056K
  class space    used 13759K, committed 14272K, reserved 425984K
}
Event: 89.865 GC heap after
{Heap after GC invocations=61 (full 0):
 garbage-first heap   total 253952K, used 180337K [0x0000000080000000, 0x0000000100000000)
  region size 1024K, 4 young (4096K), 4 survivors (4096K)
 Metaspace       used 98519K, committed 99584K, reserved 557056K
  class space    used 13759K, committed 14272K, reserved 425984K
}
Event: 90.916 GC heap before
{Heap before GC invocations=61 (full 0):
 garbage-first heap   total 253952K, used 214129K [0x0000000080000000, 0x0000000100000000)
  region size 1024K, 37 young (37888K), 4 survivors (4096K)
 Metaspace       used 99006K, committed 100096K, reserved 557056K
  class space    used 13819K, committed 14336K, reserved 425984K
}
Event: 90.938 GC heap after
{Heap after GC invocations=62 (full 0):
 garbage-first heap   total 253952K, used 184445K [0x0000000080000000, 0x0000000100000000)
  region size 1024K, 5 young (5120K), 5 survivors (5120K)
 Metaspace       used 99006K, committed 100096K, reserved 557056K
  class space    used 13819K, committed 14336K, reserved 425984K
}
Event: 92.305 GC heap before
{Heap before GC invocations=62 (full 0):
 garbage-first heap   total 253952K, used 214141K [0x0000000080000000, 0x0000000100000000)
  region size 1024K, 35 young (35840K), 5 survivors (5120K)
 Metaspace       used 99642K, committed 100800K, reserved 557056K
  class space    used 13907K, committed 14464K, reserved 425984K
}
Event: 92.318 GC heap after
{Heap after GC invocations=63 (full 0):
 garbage-first heap   total 253952K, used 186283K [0x0000000080000000, 0x0000000100000000)
  region size 1024K, 2 young (2048K), 2 survivors (2048K)
 Metaspace       used 99642K, committed 100800K, reserved 557056K
  class space    used 13907K, committed 14464K, reserved 425984K
}
Event: 93.532 GC heap before
{Heap before GC invocations=63 (full 0):
 garbage-first heap   total 253952K, used 217003K [0x0000000080000000, 0x0000000100000000)
  region size 1024K, 33 young (33792K), 2 survivors (2048K)
 Metaspace       used 99863K, committed 101056K, reserved 557056K
  class space    used 13907K, committed 14464K, reserved 425984K
}
Event: 93.540 GC heap after
{Heap after GC invocations=64 (full 0):
 garbage-first heap   total 253952K, used 187307K [0x0000000080000000, 0x0000000100000000)
  region size 1024K, 3 young (3072K), 3 survivors (3072K)
 Metaspace       used 99863K, committed 101056K, reserved 557056K
  class space    used 13907K, committed 14464K, reserved 425984K
}
Event: 94.628 GC heap before
{Heap before GC invocations=64 (full 0):
 garbage-first heap   total 253952K, used 219051K [0x0000000080000000, 0x0000000100000000)
  region size 1024K, 34 young (34816K), 3 survivors (3072K)
 Metaspace       used 100171K, committed 101376K, reserved 557056K
  class space    used 13960K, committed 14528K, reserved 425984K
}
Event: 94.640 GC heap after
{Heap after GC invocations=65 (full 0):
 garbage-first heap   total 253952K, used 191112K [0x0000000080000000, 0x0000000100000000)
  region size 1024K, 5 young (5120K), 5 survivors (5120K)
 Metaspace       used 100171K, committed 101376K, reserved 557056K
  class space    used 13960K, committed 14528K, reserved 425984K
}

Dll operation events (14 events):
Event: 0.020 Loaded shared library C:\Program Files\Microsoft\jdk-17.0.8.7-hotspot\bin\java.dll
Event: 0.045 Loaded shared library C:\Program Files\Microsoft\jdk-17.0.8.7-hotspot\bin\jsvml.dll
Event: 0.139 Loaded shared library C:\Program Files\Microsoft\jdk-17.0.8.7-hotspot\bin\zip.dll
Event: 0.146 Loaded shared library C:\Program Files\Microsoft\jdk-17.0.8.7-hotspot\bin\instrument.dll
Event: 0.154 Loaded shared library C:\Program Files\Microsoft\jdk-17.0.8.7-hotspot\bin\net.dll
Event: 0.157 Loaded shared library C:\Program Files\Microsoft\jdk-17.0.8.7-hotspot\bin\nio.dll
Event: 0.163 Loaded shared library C:\Program Files\Microsoft\jdk-17.0.8.7-hotspot\bin\zip.dll
Event: 0.578 Loaded shared library C:\Program Files\Microsoft\jdk-17.0.8.7-hotspot\bin\jimage.dll
Event: 0.784 Loaded shared library C:\Program Files\Microsoft\jdk-17.0.8.7-hotspot\bin\verify.dll
Event: 1.162 Loaded shared library C:\Users\cuty computer\.gradle\native\68d5fa5c4cc2d200863cafc0d521ce42e7d3e7ee720ec0a83991735586a16f82\windows-amd64\native-platform.dll
Event: 1.185 Loaded shared library C:\Users\cuty computer\.gradle\native\e376f236ea51e6404a007f0833ffe2c6e607c4080706a723a18a27aeea778392\windows-amd64\native-platform-file-events.dll
Event: 3.817 Loaded shared library C:\Program Files\Microsoft\jdk-17.0.8.7-hotspot\bin\management.dll
Event: 3.823 Loaded shared library C:\Program Files\Microsoft\jdk-17.0.8.7-hotspot\bin\management_ext.dll
Event: 4.791 Loaded shared library C:\Program Files\Microsoft\jdk-17.0.8.7-hotspot\bin\sunmscapi.dll

Deoptimization events (20 events):
Event: 94.071 Thread 0x000001b6d026cef0 Uncommon trap: trap_request=0xffffffbe fr.pc=0x000001b6a08611b8 relative=0x0000000000000918
Event: 94.071 Thread 0x000001b6d026cef0 Uncommon trap: reason=profile_predicate action=maybe_recompile pc=0x000001b6a08611b8 method=java.util.Collections.indexedBinarySearch(Ljava/util/List;Ljava/lang/Object;Ljava/util/Comparator;)I @ 15 c2
Event: 94.071 Thread 0x000001b6d026cef0 DEOPT PACKING pc=0x000001b6a08611b8 sp=0x00000080108fcf10
Event: 94.071 Thread 0x000001b6d026cef0 DEOPT UNPACKING pc=0x000001b69fa069a3 sp=0x00000080108fcdd0 mode 2
Event: 94.072 Thread 0x000001b6d026cef0 Uncommon trap: trap_request=0xffffffc6 fr.pc=0x000001b6a07b77c0 relative=0x00000000000000a0
Event: 94.072 Thread 0x000001b6d026cef0 Uncommon trap: reason=bimorphic_or_optimized_type_check action=maybe_recompile pc=0x000001b6a07b77c0 method=org.gradle.execution.plan.ActionNode.hasPendingPreExecutionNodes()Z @ 11 c2
Event: 94.072 Thread 0x000001b6d026cef0 DEOPT PACKING pc=0x000001b6a07b77c0 sp=0x00000080108fee20
Event: 94.072 Thread 0x000001b6d026cef0 DEOPT UNPACKING pc=0x000001b69fa069a3 sp=0x00000080108fedb0 mode 2
Event: 94.078 Thread 0x000001b6d026cef0 Uncommon trap: trap_request=0xffffffc6 fr.pc=0x000001b6a07b77c0 relative=0x00000000000000a0
Event: 94.078 Thread 0x000001b6d026cef0 Uncommon trap: reason=bimorphic_or_optimized_type_check action=maybe_recompile pc=0x000001b6a07b77c0 method=org.gradle.execution.plan.ActionNode.hasPendingPreExecutionNodes()Z @ 11 c2
Event: 94.078 Thread 0x000001b6d026cef0 DEOPT PACKING pc=0x000001b6a07b77c0 sp=0x00000080108fee20
Event: 94.078 Thread 0x000001b6d026cef0 DEOPT UNPACKING pc=0x000001b69fa069a3 sp=0x00000080108fedb0 mode 2
Event: 94.575 Thread 0x000001b6d026cef0 Uncommon trap: trap_request=0xffffffd6 fr.pc=0x000001b6a087a790 relative=0x0000000000000670
Event: 94.575 Thread 0x000001b6d026cef0 Uncommon trap: reason=array_check action=maybe_recompile pc=0x000001b6a087a790 method=java.util.TimSort.reverseRange([Ljava/lang/Object;II)V @ 20 c2
Event: 94.575 Thread 0x000001b6d026cef0 DEOPT PACKING pc=0x000001b6a087a790 sp=0x00000080108f9040
Event: 94.575 Thread 0x000001b6d026cef0 DEOPT UNPACKING pc=0x000001b69fa069a3 sp=0x00000080108f8f70 mode 2
Event: 94.576 Thread 0x000001b6d026cef0 Uncommon trap: trap_request=0xffffffd6 fr.pc=0x000001b6a087a790 relative=0x0000000000000670
Event: 94.576 Thread 0x000001b6d026cef0 Uncommon trap: reason=array_check action=maybe_recompile pc=0x000001b6a087a790 method=java.util.TimSort.reverseRange([Ljava/lang/Object;II)V @ 20 c2
Event: 94.576 Thread 0x000001b6d026cef0 DEOPT PACKING pc=0x000001b6a087a790 sp=0x00000080108fa060
Event: 94.576 Thread 0x000001b6d026cef0 DEOPT UNPACKING pc=0x000001b69fa069a3 sp=0x00000080108f9f90 mode 2

Classes unloaded (0 events):
No events

Classes redefined (0 events):
No events

Internal exceptions (20 events):
Event: 85.535 Thread 0x000001b6d0215830 Exception <a 'sun/nio/fs/WindowsException'{0x000000008d5d84d0}> (0x000000008d5d84d0) 
thrown [s\src\hotspot\share\prims\jni.cpp, line 516]
Event: 85.690 Thread 0x000001b6d0215830 Implicit null exception at 0x000001b6a061cd34 to 0x000001b6a06261d4
Event: 85.803 Thread 0x000001b6aecf2a50 Implicit null exception at 0x000001b6a03c687d to 0x000001b6a03c6eb8
Event: 86.847 Thread 0x000001b6d0215830 Implicit null exception at 0x000001b6a02fe30a to 0x000001b6a02fe3ea
Event: 88.392 Thread 0x000001b6d0215830 Exception <a 'java/lang/IncompatibleClassChangeError'{0x000000008e9e0088}: Found class java.lang.Object, but interface was expected> (0x000000008e9e0088) 
thrown [s\src\hotspot\share\interpreter\linkResolver.cpp, line 826]
Event: 88.649 Thread 0x000001b6d0215830 Exception <a 'sun/nio/fs/WindowsException'{0x000000008e0ec0f8}> (0x000000008e0ec0f8) 
thrown [s\src\hotspot\share\prims\jni.cpp, line 516]
Event: 88.650 Thread 0x000001b6d0215830 Exception <a 'sun/nio/fs/WindowsException'{0x000000008e0ed768}> (0x000000008e0ed768) 
thrown [s\src\hotspot\share\prims\jni.cpp, line 516]
Event: 88.650 Thread 0x000001b6d0215830 Exception <a 'sun/nio/fs/WindowsException'{0x000000008e0eee28}> (0x000000008e0eee28) 
thrown [s\src\hotspot\share\prims\jni.cpp, line 516]
Event: 88.650 Thread 0x000001b6d0215830 Exception <a 'sun/nio/fs/WindowsException'{0x000000008e0f04e8}> (0x000000008e0f04e8) 
thrown [s\src\hotspot\share\prims\jni.cpp, line 516]
Event: 91.225 Thread 0x000001b6d026b090 Exception <a 'java/lang/NoSuchMethodError'{0x000000008f47b7d8}: 'void java.lang.invoke.DirectMethodHandle$Holder.invokeStatic(java.lang.Object, java.lang.Object, java.lang.Object, java.lang.Object, int, java.lang.Object, java.lang.Object)'> (0x000000008f47b7d8) 
thrown [s\src\hotspot\share\interpreter\linkResolver.cpp, line 759]
Event: 91.326 Thread 0x000001b6d026b090 Exception <a 'java/lang/NoSuchMethodError'{0x000000008f3ff3c0}: 'java.lang.Object java.lang.invoke.DirectMethodHandle$Holder.invokeSpecialIFC(java.lang.Object, java.lang.Object, java.lang.Object)'> (0x000000008f3ff3c0) 
thrown [s\src\hotspot\share\interpreter\linkResolver.cpp, line 759]
Event: 91.326 Thread 0x000001b6d4d2bc10 Exception <a 'java/lang/NoSuchMethodError'{0x000000008f2089f0}: 'java.lang.Object java.lang.invoke.DirectMethodHandle$Holder.invokeSpecialIFC(java.lang.Object, java.lang.Object, java.lang.Object)'> (0x000000008f2089f0) 
thrown [s\src\hotspot\share\interpreter\linkResolver.cpp, line 759]
Event: 91.627 Thread 0x000001b6d4d2bc10 Exception <a 'java/lang/NoSuchMethodError'{0x000000008ede5198}: 'void java.lang.invoke.DirectMethodHandle$Holder.invokeVirtual(java.lang.Object, java.lang.Object)'> (0x000000008ede5198) 
thrown [s\src\hotspot\share\interpreter\linkResolver.cpp, line 759]
Event: 93.742 Thread 0x000001b6d026bab0 Exception <a 'java/lang/ClassNotFoundException'{0x000000008f072f88}: groovy/util/FileTreeBuilderBeanInfo> (0x000000008f072f88) 
thrown [s\src\hotspot\share\classfile\systemDictionary.cpp, line 256]
Event: 93.744 Thread 0x000001b6d026bab0 Exception <a 'java/lang/ClassNotFoundException'{0x000000008f0d4360}: groovy/util/FileTreeBuilderCustomizer> (0x000000008f0d4360) 
thrown [s\src\hotspot\share\classfile\systemDictionary.cpp, line 256]
Event: 93.793 Thread 0x000001b6d026bab0 Exception <a 'java/lang/ClassNotFoundException'{0x000000008ef0b340}: java/io/BufferedWriterBeanInfo> (0x000000008ef0b340) 
thrown [s\src\hotspot\share\classfile\systemDictionary.cpp, line 256]
Event: 93.794 Thread 0x000001b6d026bab0 Exception <a 'java/lang/ClassNotFoundException'{0x000000008ef10a60}: java/io/WriterBeanInfo> (0x000000008ef10a60) 
thrown [s\src\hotspot\share\classfile\systemDictionary.cpp, line 256]
Event: 93.795 Thread 0x000001b6d026bab0 Exception <a 'java/lang/ClassNotFoundException'{0x000000008ef15e10}: java/io/WriterCustomizer> (0x000000008ef15e10) 
thrown [s\src\hotspot\share\classfile\systemDictionary.cpp, line 256]
Event: 93.795 Thread 0x000001b6d026bab0 Exception <a 'java/lang/ClassNotFoundException'{0x000000008ef240c0}: java/io/BufferedWriterCustomizer> (0x000000008ef240c0) 
thrown [s\src\hotspot\share\classfile\systemDictionary.cpp, line 256]
Event: 93.939 Thread 0x000001b6d026bab0 Exception <a 'java/lang/NoSuchMethodError'{0x000000008efbf208}: static Lcom/android/build/api/variant/BuildConfigField;.<clinit>()V> (0x000000008efbf208) 
thrown [s\src\hotspot\share\prims\jni.cpp, line 1107]

VM Operations (20 events):
Event: 91.237 Executing VM operation: HandshakeAllThreads
Event: 91.238 Executing VM operation: HandshakeAllThreads done
Event: 91.350 Executing VM operation: HandshakeAllThreads
Event: 91.350 Executing VM operation: HandshakeAllThreads done
Event: 91.683 Executing VM operation: ICBufferFull
Event: 91.684 Executing VM operation: ICBufferFull done
Event: 92.203 Executing VM operation: ICBufferFull
Event: 92.204 Executing VM operation: ICBufferFull done
Event: 92.305 Executing VM operation: G1CollectForAllocation
Event: 92.319 Executing VM operation: G1CollectForAllocation done
Event: 92.828 Executing VM operation: HandshakeAllThreads
Event: 92.828 Executing VM operation: HandshakeAllThreads done
Event: 92.853 Executing VM operation: ICBufferFull
Event: 92.853 Executing VM operation: ICBufferFull done
Event: 93.532 Executing VM operation: G1CollectForAllocation
Event: 93.541 Executing VM operation: G1CollectForAllocation done
Event: 94.131 Executing VM operation: ICBufferFull
Event: 94.131 Executing VM operation: ICBufferFull done
Event: 94.628 Executing VM operation: G1CollectForAllocation
Event: 94.640 Executing VM operation: G1CollectForAllocation done

Events (20 events):
Event: 92.915 Thread 0x000001b6d4d2f3c0 Thread added: 0x000001b6d4d2f3c0
Event: 93.663 Thread 0x000001b6d4d2b1f0 Thread added: 0x000001b6d4d2b1f0
Event: 93.793 loading class java/io/BufferedWriterBeanInfo
Event: 93.793 loading class java/io/BufferedWriterBeanInfo done
Event: 93.793 loading class java/io/BufferedWriterBeanInfo
Event: 93.793 loading class java/io/BufferedWriterBeanInfo done
Event: 93.794 loading class java/io/WriterBeanInfo
Event: 93.794 loading class java/io/WriterBeanInfo done
Event: 93.794 loading class java/io/WriterBeanInfo
Event: 93.794 loading class java/io/WriterBeanInfo done
Event: 93.794 loading class java/io/WriterCustomizer
Event: 93.794 loading class java/io/WriterCustomizer done
Event: 93.795 loading class java/io/WriterCustomizer
Event: 93.795 loading class java/io/WriterCustomizer done
Event: 93.795 loading class java/io/BufferedWriterCustomizer
Event: 93.795 loading class java/io/BufferedWriterCustomizer done
Event: 93.795 loading class java/io/BufferedWriterCustomizer
Event: 93.795 loading class java/io/BufferedWriterCustomizer done
Event: 93.978 Thread 0x000001b6d36cd240 Thread exited: 0x000001b6d36cd240
Event: 94.118 Thread 0x000001b6d36cd240 Thread added: 0x000001b6d36cd240


Dynamic libraries:
0x00007ff705f90000 - 0x00007ff705f9e000 	C:\Program Files\Microsoft\jdk-17.0.8.7-hotspot\bin\java.exe
0x00007ffa409d0000 - 0x00007ffa40bc8000 	C:\Windows\SYSTEM32\ntdll.dll
0x00007ffa3f570000 - 0x00007ffa3f62d000 	C:\Windows\System32\KERNEL32.DLL
0x00007ffa3e2c0000 - 0x00007ffa3e5b6000 	C:\Windows\System32\KERNELBASE.dll
0x00007ffa3e5c0000 - 0x00007ffa3e6c0000 	C:\Windows\System32\ucrtbase.dll
0x00007ffa0e790000 - 0x00007ffa0e7ab000 	C:\Program Files\Microsoft\jdk-17.0.8.7-hotspot\bin\VCRUNTIME140.dll
0x00007ffa26360000 - 0x00007ffa26377000 	C:\Program Files\Microsoft\jdk-17.0.8.7-hotspot\bin\jli.dll
0x00007ffa402f0000 - 0x00007ffa4048e000 	C:\Windows\System32\USER32.dll
0x00007ffa3e090000 - 0x00007ffa3e0b2000 	C:\Windows\System32\win32u.dll
0x00007ffa40220000 - 0x00007ffa4024b000 	C:\Windows\System32\GDI32.dll
0x00007ffa3e1a0000 - 0x00007ffa3e2b7000 	C:\Windows\System32\gdi32full.dll
0x00007ffa2d120000 - 0x00007ffa2d3ba000 	C:\Windows\WinSxS\amd64_microsoft.windows.common-controls_6595b64144ccf1df_6.0.19041.3636_none_60b6a03d71f818d5\COMCTL32.dll
0x00007ffa40250000 - 0x00007ffa402ee000 	C:\Windows\System32\msvcrt.dll
0x00007ffa3e900000 - 0x00007ffa3e99d000 	C:\Windows\System32\msvcp_win.dll
0x00007ffa40490000 - 0x00007ffa404c2000 	C:\Windows\System32\IMM32.DLL
0x00007ffa36410000 - 0x00007ffa3641c000 	C:\Program Files\Microsoft\jdk-17.0.8.7-hotspot\bin\vcruntime140_1.dll
0x00007ffa0d870000 - 0x00007ffa0d8fd000 	C:\Program Files\Microsoft\jdk-17.0.8.7-hotspot\bin\msvcp140.dll
0x00007ff9d6680000 - 0x00007ff9d72e5000 	C:\Program Files\Microsoft\jdk-17.0.8.7-hotspot\bin\server\jvm.dll
0x00007ffa3ff40000 - 0x00007ffa3fff3000 	C:\Windows\System32\ADVAPI32.dll
0x00007ffa40180000 - 0x00007ffa4021f000 	C:\Windows\System32\sechost.dll
0x00007ffa404e0000 - 0x00007ffa40606000 	C:\Windows\System32\RPCRT4.dll
0x00007ffa3e8d0000 - 0x00007ffa3e8f7000 	C:\Windows\System32\bcrypt.dll
0x00007ffa3def0000 - 0x00007ffa3df3b000 	C:\Windows\SYSTEM32\POWRPROF.dll
0x00007ffa2fd00000 - 0x00007ffa2fd27000 	C:\Windows\SYSTEM32\WINMM.dll
0x00007ffa28a30000 - 0x00007ffa28a39000 	C:\Windows\SYSTEM32\WSOCK32.dll
0x00007ffa40110000 - 0x00007ffa4017b000 	C:\Windows\System32\WS2_32.dll
0x00007ffa2fe30000 - 0x00007ffa2fe3a000 	C:\Windows\SYSTEM32\VERSION.dll
0x00007ffa3ded0000 - 0x00007ffa3dee2000 	C:\Windows\SYSTEM32\UMPDC.dll
0x00007ffa3c890000 - 0x00007ffa3c8a2000 	C:\Windows\SYSTEM32\kernel.appcore.dll
0x00007ffa31900000 - 0x00007ffa3190a000 	C:\Program Files\Microsoft\jdk-17.0.8.7-hotspot\bin\jimage.dll
0x00007ffa34240000 - 0x00007ffa34424000 	C:\Windows\SYSTEM32\DBGHELP.DLL
0x00007ffa34180000 - 0x00007ffa341b4000 	C:\Windows\SYSTEM32\dbgcore.DLL
0x00007ffa3e110000 - 0x00007ffa3e192000 	C:\Windows\System32\bcryptPrimitives.dll
0x00007ffa369b0000 - 0x00007ffa369be000 	C:\Program Files\Microsoft\jdk-17.0.8.7-hotspot\bin\instrument.dll
0x00007ffa14a50000 - 0x00007ffa14a75000 	C:\Program Files\Microsoft\jdk-17.0.8.7-hotspot\bin\java.dll
0x00007ffa0eea0000 - 0x00007ffa0ef77000 	C:\Program Files\Microsoft\jdk-17.0.8.7-hotspot\bin\jsvml.dll
0x00007ffa3eb60000 - 0x00007ffa3f2a5000 	C:\Windows\System32\SHELL32.dll
0x00007ffa3bb50000 - 0x00007ffa3c2ec000 	C:\Windows\SYSTEM32\windows.storage.dll
0x00007ffa40630000 - 0x00007ffa40984000 	C:\Windows\System32\combase.dll
0x00007ffa3d970000 - 0x00007ffa3d99e000 	C:\Windows\SYSTEM32\Wldp.dll
0x00007ffa3f440000 - 0x00007ffa3f50d000 	C:\Windows\System32\OLEAUT32.dll
0x00007ffa3f390000 - 0x00007ffa3f43d000 	C:\Windows\System32\SHCORE.dll
0x00007ffa3f510000 - 0x00007ffa3f565000 	C:\Windows\System32\shlwapi.dll
0x00007ffa3dfc0000 - 0x00007ffa3dfe5000 	C:\Windows\SYSTEM32\profapi.dll
0x00007ffa0d9c0000 - 0x00007ffa0d9d8000 	C:\Program Files\Microsoft\jdk-17.0.8.7-hotspot\bin\zip.dll
0x00007ffa0dc80000 - 0x00007ffa0dc99000 	C:\Program Files\Microsoft\jdk-17.0.8.7-hotspot\bin\net.dll
0x00007ffa324e0000 - 0x00007ffa325ea000 	C:\Windows\SYSTEM32\WINHTTP.dll
0x00007ffa3d750000 - 0x00007ffa3d7ba000 	C:\Windows\system32\mswsock.dll
0x00007ffa0d9e0000 - 0x00007ffa0d9f6000 	C:\Program Files\Microsoft\jdk-17.0.8.7-hotspot\bin\nio.dll
0x00007ffa369c0000 - 0x00007ffa369d0000 	C:\Program Files\Microsoft\jdk-17.0.8.7-hotspot\bin\verify.dll
0x00007ffa227b0000 - 0x00007ffa227d7000 	C:\Users\cuty computer\.gradle\native\68d5fa5c4cc2d200863cafc0d521ce42e7d3e7ee720ec0a83991735586a16f82\windows-amd64\native-platform.dll
0x00007ffa102a0000 - 0x00007ffa103e4000 	C:\Users\cuty computer\.gradle\native\e376f236ea51e6404a007f0833ffe2c6e607c4080706a723a18a27aeea778392\windows-amd64\native-platform-file-events.dll
0x00007ffa22730000 - 0x00007ffa22739000 	C:\Program Files\Microsoft\jdk-17.0.8.7-hotspot\bin\management.dll
0x00007ffa21a20000 - 0x00007ffa21a2b000 	C:\Program Files\Microsoft\jdk-17.0.8.7-hotspot\bin\management_ext.dll
0x00007ffa3ff30000 - 0x00007ffa3ff38000 	C:\Windows\System32\PSAPI.DLL
0x00007ffa3dcc0000 - 0x00007ffa3dcd8000 	C:\Windows\SYSTEM32\CRYPTSP.dll
0x00007ffa3d040000 - 0x00007ffa3d074000 	C:\Windows\system32\rsaenh.dll
0x00007ffa3df80000 - 0x00007ffa3dfae000 	C:\Windows\SYSTEM32\USERENV.dll
0x00007ffa3d8e0000 - 0x00007ffa3d8ec000 	C:\Windows\SYSTEM32\CRYPTBASE.dll
0x00007ffa3d460000 - 0x00007ffa3d49b000 	C:\Windows\SYSTEM32\IPHLPAPI.DLL
0x00007ffa404d0000 - 0x00007ffa404d8000 	C:\Windows\System32\NSI.dll
0x00007ffa341c0000 - 0x00007ffa341d7000 	C:\Windows\SYSTEM32\dhcpcsvc6.DLL
0x00007ffa368f0000 - 0x00007ffa3690d000 	C:\Windows\SYSTEM32\dhcpcsvc.DLL
0x00007ffa3d4a0000 - 0x00007ffa3d56b000 	C:\Windows\SYSTEM32\DNSAPI.dll
0x00007ffa201f0000 - 0x00007ffa201fe000 	C:\Program Files\Microsoft\jdk-17.0.8.7-hotspot\bin\sunmscapi.dll
0x00007ffa3e6c0000 - 0x00007ffa3e81d000 	C:\Windows\System32\CRYPT32.dll
0x00007ffa3d9e0000 - 0x00007ffa3da08000 	C:\Windows\SYSTEM32\ncrypt.dll
0x00007ffa3d9a0000 - 0x00007ffa3d9db000 	C:\Windows\SYSTEM32\NTASN1.dll
0x00007ffa1fcd0000 - 0x00007ffa1fcd7000 	C:\Windows\system32\wshunix.dll
0x00007ffa31880000 - 0x00007ffa31897000 	C:\Windows\system32\napinsp.dll
0x00007ffa31ec0000 - 0x00007ffa31edb000 	C:\Windows\system32\pnrpnsp.dll
0x00007ffa38af0000 - 0x00007ffa38b05000 	C:\Windows\system32\wshbth.dll
0x00007ffa36fd0000 - 0x00007ffa36fed000 	C:\Windows\system32\NLAapi.dll
0x00007ffa32060000 - 0x00007ffa32072000 	C:\Windows\System32\winrnr.dll
0x00007ffa2d6c0000 - 0x00007ffa2d6ca000 	C:\Windows\System32\rasadhlp.dll
0x00007ffa30160000 - 0x00007ffa301e0000 	C:\Windows\System32\fwpuclnt.dll
0x00007ffa3b220000 - 0x00007ffa3b2b0000 	C:\Windows\system32\apphelp.dll

dbghelp: loaded successfully - version: 4.0.5 - missing functions: none
symbol engine: initialized successfully - sym options: 0x614 - pdb path: .;C:\Program Files\Microsoft\jdk-17.0.8.7-hotspot\bin;C:\Windows\SYSTEM32;C:\Windows\WinSxS\amd64_microsoft.windows.common-controls_6595b64144ccf1df_6.0.19041.3636_none_60b6a03d71f818d5;C:\Program Files\Microsoft\jdk-17.0.8.7-hotspot\bin\server;C:\Users\cuty computer\.gradle\native\68d5fa5c4cc2d200863cafc0d521ce42e7d3e7ee720ec0a83991735586a16f82\windows-amd64;C:\Users\cuty computer\.gradle\native\e376f236ea51e6404a007f0833ffe2c6e607c4080706a723a18a27aeea778392\windows-amd64

VM Arguments:
jvm_args: -XX:MaxMetaspaceSize=512m --add-opens=java.base/java.util=ALL-UNNAMED --add-opens=java.base/java.lang=ALL-UNNAMED --add-opens=java.base/java.lang.invoke=ALL-UNNAMED --add-opens=java.prefs/java.util.prefs=ALL-UNNAMED --add-opens=java.base/java.nio.charset=ALL-UNNAMED --add-opens=java.base/java.net=ALL-UNNAMED --add-opens=java.base/java.util.concurrent.atomic=ALL-UNNAMED -Xmx2048m -Dfile.encoding=windows-1252 -Duser.country=US -Duser.language=en -Duser.variant -javaagent:C:\Users\cuty computer\.gradle\wrapper\dists\gradle-8.3-all\6en3ugtfdg5xnpx44z4qbwgas\gradle-8.3\lib\agents\gradle-instrumentation-agent-8.3.jar 
java_command: org.gradle.launcher.daemon.bootstrap.GradleDaemon 8.3
java_class_path (initial): C:\Users\cuty computer\.gradle\wrapper\dists\gradle-8.3-all\6en3ugtfdg5xnpx44z4qbwgas\gradle-8.3\lib\gradle-launcher-8.3.jar
Launcher Type: SUN_STANDARD

[Global flags]
     intx CICompilerCount                          = 3                                         {product} {ergonomic}
   size_t CompressedClassSpaceSize                 = 436207616                                 {product} {ergonomic}
     uint ConcGCThreads                            = 1                                         {product} {ergonomic}
     uint G1ConcRefinementThreads                  = 4                                         {product} {ergonomic}
   size_t G1HeapRegionSize                         = 1048576                                   {product} {ergonomic}
    uintx GCDrainStackTargetSize                   = 64                                        {product} {ergonomic}
   size_t InitialHeapSize                          = 201326592                                 {product} {ergonomic}
   size_t MarkStackSize                            = 4194304                                   {product} {ergonomic}
   size_t MaxHeapSize                              = 2147483648                                {product} {command line}
   size_t MaxMetaspaceSize                         = 536870912                                 {product} {command line}
   size_t MaxNewSize                               = 1287651328                                {product} {ergonomic}
   size_t MinHeapDeltaBytes                        = 1048576                                   {product} {ergonomic}
   size_t MinHeapSize                              = 8388608                                   {product} {ergonomic}
    uintx NonNMethodCodeHeapSize                   = 5832780                                {pd product} {ergonomic}
    uintx NonProfiledCodeHeapSize                  = 122912730                              {pd product} {ergonomic}
    uintx ProfiledCodeHeapSize                     = 122912730                              {pd product} {ergonomic}
    uintx ReservedCodeCacheSize                    = 251658240                              {pd product} {ergonomic}
     bool SegmentedCodeCache                       = true                                      {product} {ergonomic}
   size_t SoftMaxHeapSize                          = 2147483648                             {manageable} {ergonomic}
     bool UseCompressedClassPointers               = true                           {product lp64_product} {ergonomic}
     bool UseCompressedOops                        = true                           {product lp64_product} {ergonomic}
     bool UseG1GC                                  = true                                      {product} {ergonomic}
     bool UseLargePagesIndividualAllocation        = false                                  {pd product} {ergonomic}

Logging:
Log output configuration:
 #0: stdout all=warning uptime,level,tags
 #1: stderr all=off uptime,level,tags

Environment Variables:
JAVA_HOME=C:\Program Files\Microsoft\jdk-17.0.8.7-hotspot\
CLASSPATH=D:\RN Internship\React Native\RNLearning_App\android\\gradle\wrapper\gradle-wrapper.jar
PATH=D:\RN Internship\React Native\RNLearning_App\node_modules\.bin;D:\RN Internship\React Native\RNLearning_App\node_modules\.bin;D:\RN Internship\React Native\node_modules\.bin;D:\RN Internship\node_modules\.bin;D:\node_modules\.bin;C:\Users\cuty computer\AppData\Roaming\npm\node_modules\npm\node_modules\@npmcli\run-script\lib\node-gyp-bin;D:\RN Internship\React Native\RNLearning_App\node_modules\.bin;D:\RN Internship\React Native\node_modules\.bin;D:\RN Internship\node_modules\.bin;D:\node_modules\.bin;C:\Users\cuty computer\AppData\Roaming\npm\node_modules\npm\node_modules\@npmcli\run-script\lib\node-gyp-bin;C:\Program Files\Microsoft\jdk-17.0.8.7-hotspot\bin;C:\Program Files\Microsoft\jdk-11.0.20.8-hotspot\bin;C:\Program Files\Common Files\Oracle\Java\javapath;C:\Program Files (x86)\Common Files\Oracle\Java\javapath;C:\Windows\system32;C:\Windows;C:\Windows\System32\Wbem;C:\Windows\System32\WindowsPowerShell\v1.0\;C:\Windows\System32\OpenSSH\;C:\ProgramData\chocolatey\bin;D:\XAMMP\php;D:\Composer;C:\Program Files\nodejs\;C:\Users\cuty computer\AppData\Local\Android\Sdk\platform-tools;C:\Program Files\Git\cmd;C:\Users\cuty computer\AppData\Local\Microsoft\WindowsApps;C:\Users\cuty computer\AppData\Local\Programs\Microsoft VS Code\bin;C:\Users\cuty computer\AppData\Roaming\Composer\vendor\bin;C:\Users\cuty computer\AppData\Local\GitHubDesktop\bin;C:\Users\cuty computer\AppData\Roaming\npm
USERNAME=cuty computer
OS=Windows_NT
PROCESSOR_IDENTIFIER=Intel64 Family 6 Model 61 Stepping 4, GenuineIntel
TMP=C:\Users\CUTYCO~1\AppData\Local\Temp
TEMP=C:\Users\CUTYCO~1\AppData\Local\Temp



---------------  S Y S T E M  ---------------

OS:
 Windows 10 , 64 bit Build 19041 (10.0.19041.3636)
OS uptime: 3 days 3:34 hours
Hyper-V role detected

CPU: total 4 (initial active 4) (2 cores per cpu, 2 threads per core) family 6 model 61 stepping 4 microcode 0x2d, cx8, cmov, fxsr, ht, mmx, 3dnowpref, sse, sse2, sse3, ssse3, sse4.1, sse4.2, popcnt, lzcnt, tsc, tscinvbit, avx, avx2, aes, erms, clmul, bmi1, bmi2, adx, fma, vzeroupper, clflush, hv
Processor Information for all 4 processors :
  Max Mhz: 2201, Current Mhz: 2201, Mhz Limit: 2201

Memory: 4k page, system-wide physical 12179M (3575M free)
TotalPageFile size 17811M (AvailPageFile size 5786M)
current process WorkingSet (physical memory assigned to process): 562M, peak: 566M
current process commit charge ("private bytes"): 603M, peak: 607M

vm_info: OpenJDK 64-Bit Server VM (17.0.8+7-LTS) for windows-amd64 JRE (17.0.8+7-LTS), built on Jul  7 2023 17:21:55 by "MicrosoftCorporation" with MS VC++ 16.10 / 16.11 (VS2019)

END.
