#
# A fatal error has been detected by the Java Runtime Environment:
#
#  EXCEPTION_ACCESS_VIOLATION (0xc0000005) at pc=0x00007ffae3f6e0a9, pid=16140, tid=6172
#
# JRE version: OpenJDK Runtime Environment Microsoft-8035246 (17.0.8+7) (build 17.0.8+7-LTS)
# Java VM: OpenJDK 64-Bit Server VM Microsoft-8035246 (17.0.8+7-LTS, mixed mode, sharing, tiered, compressed oops, compressed class ptrs, g1 gc, windows-amd64)
# Problematic frame:
# V  [jvm.dll+0x2be0a9]
#
# No core dump will be written. Minidumps are not enabled by default on client versions of Windows
#
# If you would like to submit a bug report, please visit:
#   https://github.com/microsoft/openjdk/issues
#

---------------  S U M M A R Y ------------

Command Line: -XX:MaxMetaspaceSize=512m --add-opens=java.base/java.util=ALL-UNNAMED --add-opens=java.base/java.lang=ALL-UNNAMED --add-opens=java.base/java.lang.invoke=ALL-UNNAMED --add-opens=java.prefs/java.util.prefs=ALL-UNNAMED --add-opens=java.base/java.nio.charset=ALL-UNNAMED --add-opens=java.base/java.net=ALL-UNNAMED --add-opens=java.base/java.util.concurrent.atomic=ALL-UNNAMED -Xmx2048m -Dfile.encoding=windows-1252 -Duser.country=US -Duser.language=en -Duser.variant -javaagent:C:\Users\cuty computer\.gradle\wrapper\dists\gradle-8.3-all\6en3ugtfdg5xnpx44z4qbwgas\gradle-8.3\lib\agents\gradle-instrumentation-agent-8.3.jar org.gradle.launcher.daemon.bootstrap.GradleDaemon 8.3

Host: Intel(R) Core(TM) i5-5200U CPU @ 2.20GHz, 4 cores, 11G,  Windows 10 , 64 bit Build 19041 (10.0.19041.3031)
Time: Wed Jan 31 11:21:31 2024 Pakistan Standard Time elapsed time: 104.401958 seconds (0d 0h 1m 44s)

---------------  T H R E A D  ---------------

Current thread (0x0000020c1ec08c90):  JavaThread "C2 CompilerThread0" daemon [_thread_in_native, id=6172, stack(0x000000e6d2600000,0x000000e6d2700000)]


Current CompileTask:
C2: 104402 14476   !   4       org.gradle.cache.internal.DefaultMultiProcessSafeIndexedCache::getIfPresent (25 bytes)

Stack: [0x000000e6d2600000,0x000000e6d2700000],  sp=0x000000e6d26fb490,  free space=1005k
Native frames: (J=compiled Java code, j=interpreted, Vv=VM code, C=native code)
V  [jvm.dll+0x2be0a9]
V  [jvm.dll+0x21ba8b]
V  [jvm.dll+0x21944b]
V  [jvm.dll+0x1a56b6]
V  [jvm.dll+0x2291ea]
V  [jvm.dll+0x22724c]
V  [jvm.dll+0x7efd0c]
V  [jvm.dll+0x7ea13a]
V  [jvm.dll+0x67ad85]
C  [ucrtbase.dll+0x21bb2]
C  [KERNEL32.DLL+0x17614]
C  [ntdll.dll+0x526f1]


siginfo: EXCEPTION_ACCESS_VIOLATION (0xc0000005), reading address 0x0000000000000028


Register to memory mapping:

RIP=0x00007ffae3f6e0a9 jvm.dll
RAX=0x0000020c4a5725a0 points into unknown readable memory: 0x0000000000000000 | 00 00 00 00 00 00 00 00
RBX=0x000000000000179e is an unknown value
RCX=0x0 is NULL
RDX=0x0 is NULL
RSP=0x000000e6d26fb490 is pointing into the stack for thread: 0x0000020c1ec08c90
RBP=0x000000e6d26fb500 is pointing into the stack for thread: 0x0000020c1ec08c90
RSI=0x0 is NULL
RDI=0x0000000000000048 is an unknown value
R8 =0x000000000000ffe0 is an unknown value
R9 =0x0 is NULL
R10=0x00007ffb42e60000 VCRUNTIME140.dll
R11=0x0000020c4a5725c0 points into unknown readable memory: 0x0000000000000000 | 00 00 00 00 00 00 00 00
R12=0x0000000000000050 is an unknown value
R13=0x0 is NULL
R14=0x0 is NULL
R15=0x000000e6d26fe6b0 is pointing into the stack for thread: 0x0000020c1ec08c90


Registers:
RAX=0x0000020c4a5725a0, RBX=0x000000000000179e, RCX=0x0000000000000000, RDX=0x0000000000000000
RSP=0x000000e6d26fb490, RBP=0x000000e6d26fb500, RSI=0x0000000000000000, RDI=0x0000000000000048
R8 =0x000000000000ffe0, R9 =0x0000000000000000, R10=0x00007ffb42e60000, R11=0x0000020c4a5725c0
R12=0x0000000000000050, R13=0x0000000000000000, R14=0x0000000000000000, R15=0x000000e6d26fe6b0
RIP=0x00007ffae3f6e0a9, EFLAGS=0x0000000000010202

Top of Stack: (sp=0x000000e6d26fb490)
0x000000e6d26fb490:   000000000000179e 0000000000000000
0x000000e6d26fb4a0:   000000e6d26fe6b0 00007ffae3ed38d1
0x000000e6d26fb4b0:   0000020c1ebfe7f0 00007ffa00002000
0x000000e6d26fb4c0:   0000020c4a5725a0 0000000000000000
0x000000e6d26fb4d0:   0000000000000002 0000020c4a51dbe0
0x000000e6d26fb4e0:   0000000000000002 0000020c1ebfe7f0
0x000000e6d26fb4f0:   0000000000000000 0000000000000000
0x000000e6d26fb500:   0000020c1ebd95c0 0000020c7fb63cd0
0x000000e6d26fb510:   0000000000000048 00007ffae45f4c08
0x000000e6d26fb520:   000000e6d26fb630 00007ffae3ecba8b
0x000000e6d26fb530:   000000e6d26fe6b0 00007ffae45f4c08
0x000000e6d26fb540:   000000e6d26fe6b0 000000e6d26fb630
0x000000e6d26fb550:   0000020c00000000 00007ffae42cb7fb
0x000000e6d26fb560:   000000e60000000f 000000e6d26fe6b0
0x000000e6d26fb570:   000000e6d26fb6e0 0000000000000000
0x000000e6d26fb580:   0000020c00000100 00007ffae45f4c08 

Instructions: (pc=0x00007ffae3f6e0a9)
0x00007ffae3f6dfa9:   3b d0 75 0b ff c1 41 3b c9 7c dc 48 8b c2 c3 33
0x00007ffae3f6dfb9:   c0 c3 cc cc cc cc cc 48 89 5c 24 18 55 56 57 41
0x00007ffae3f6dfc9:   55 41 57 48 8b ec 48 83 ec 70 65 48 8b 04 25 58
0x00007ffae3f6dfd9:   00 00 00 48 8b f2 44 8b 05 d2 8b 90 00 4c 8b f9
0x00007ffae3f6dfe9:   4a 8b 1c c0 b8 50 00 00 00 80 3c 18 00 75 05 e8
0x00007ffae3f6dff9:   8b 6f 5d 00 b8 20 00 00 00 48 8b 04 18 48 8b 98
0x00007ffae3f6e009:   38 02 00 00 48 89 5d b0 c7 45 b8 04 00 00 00 48
0x00007ffae3f6e019:   8b 43 18 48 83 f8 df 76 18 4c 8d 05 37 a9 65 00
0x00007ffae3f6e029:   ba 20 00 00 00 48 8b cb e8 5a eb de ff 48 8b 43
0x00007ffae3f6e039:   18 48 8d 48 20 48 3b 4b 20 76 11 45 33 c0 48 8b
0x00007ffae3f6e049:   cb 41 8d 50 20 e8 fd e8 de ff eb 04 48 89 4b 18
0x00007ffae3f6e059:   44 8b 45 b8 33 d2 49 c1 e0 03 48 8b c8 48 89 45
0x00007ffae3f6e069:   c0 e8 e3 80 5d 00 45 33 ed 48 8d 4d d0 44 89 6d
0x00007ffae3f6e079:   c8 e8 01 59 56 00 41 8b 9f 40 02 00 00 41 2b 9f
0x00007ffae3f6e089:   68 02 00 00 44 89 6d f0 3b 5d b8 72 0b 8b d3 48
0x00007ffae3f6e099:   8d 4d b0 e8 6f b3 39 00 48 8b 45 c0 4c 89 2c d8
0x00007ffae3f6e0a9:   8b 7e 28 8b df c1 eb 05 3b 5d d0 72 0b 8b d3 48
0x00007ffae3f6e0b9:   8d 4d d0 e8 1f 59 56 00 48 8b 45 d8 83 e7 1f 48
0x00007ffae3f6e0c9:   8d 14 98 40 0f b6 cf 41 b8 01 00 00 00 41 d3 e0
0x00007ffae3f6e0d9:   8b 0a 8b c1 41 0b c0 89 02 41 85 c8 75 21 8b 5d
0x00007ffae3f6e0e9:   c8 8d 43 01 89 45 c8 3b 5d b8 72 0b 8b d3 48 8d
0x00007ffae3f6e0f9:   4d b0 e8 10 b3 39 00 48 8b 45 c0 48 89 34 d8 44
0x00007ffae3f6e109:   39 6d c8 0f 86 77 01 00 00 4c 89 a4 24 a0 00 00
0x00007ffae3f6e119:   00 4c 89 b4 24 a8 00 00 00 48 8b 45 c0 41 8b cd
0x00007ffae3f6e129:   48 8b 34 c8 8b 46 2c 25 ff 1f 00 00 3d 04 10 00
0x00007ffae3f6e139:   00 0f 85 a7 00 00 00 bb 01 00 00 00 39 5e 18 76
0x00007ffae3f6e149:   39 66 0f 1f 44 00 00 48 8b 46 08 8b cb 48 8b 14
0x00007ffae3f6e159:   c8 48 85 d2 74 1d 48 83 7a 10 00 74 16 80 7a 2c
0x00007ffae3f6e169:   84 74 10 e8 7f 7e ee ff 48 8b d0 49 8b cf e8 a4
0x00007ffae3f6e179:   61 f6 ff ff c3 3b 5e 18 72 cd 48 8b 5e 10 8b 46
0x00007ffae3f6e189:   20 4c 8d 34 c3 49 3b de 73 54 48 8b 3b 8b 47 2c
0x00007ffae3f6e199:   83 e0 03 3c 03 75 2e 48 8b 07 48 8b cf ff 90 88 


Stack slot to memory mapping:
stack at sp + 0 slots: 0x000000000000179e is an unknown value
stack at sp + 1 slots: 0x0 is NULL
stack at sp + 2 slots: 0x000000e6d26fe6b0 is pointing into the stack for thread: 0x0000020c1ec08c90
stack at sp + 3 slots: 0x00007ffae3ed38d1 jvm.dll
stack at sp + 4 slots: 0x0000020c1ebfe7f0 points into unknown readable memory: 0x0000000000000006 | 06 00 00 00 00 00 00 00
stack at sp + 5 slots: 0x00007ffa00002000 is an unknown value
stack at sp + 6 slots: 0x0000020c4a5725a0 points into unknown readable memory: 0x0000000000000000 | 00 00 00 00 00 00 00 00
stack at sp + 7 slots: 0x0 is NULL


---------------  P R O C E S S  ---------------

Threads class SMR info:
_java_thread_list=0x0000020c43883fb0, length=92, elements={
0x0000020c7fb4caf0, 0x0000020c1ebeafb0, 0x0000020c1ebed2f0, 0x0000020c1ec02b30,
0x0000020c1ec036c0, 0x0000020c1ec05740, 0x0000020c1ec06010, 0x0000020c1ec08c90,
0x0000020c1ec0e230, 0x0000020c1ec1f300, 0x0000020c1ebd29d0, 0x0000020c3e150d60,
0x0000020c3f6fe730, 0x0000020c3fe29380, 0x0000020c40b98200, 0x0000020c3f9dda60,
0x0000020c3f39c900, 0x0000020c3fbc87b0, 0x0000020c3fbc96e0, 0x0000020c3fbc9bf0,
0x0000020c3fbc91d0, 0x0000020c3fbcab20, 0x0000020c3fbc82a0, 0x0000020c3fbca100,
0x0000020c3fbcb540, 0x0000020c3fbc8cc0, 0x0000020c41451e90, 0x0000020c4144d7b0,
0x0000020c4144e6e0, 0x0000020c4144e1d0, 0x0000020c4144ebf0, 0x0000020c4144be60,
0x0000020c4144dcc0, 0x0000020c4144f100, 0x0000020c4144c880, 0x0000020c41451470,
0x0000020c41452dc0, 0x0000020c41451980, 0x0000020c414528b0, 0x0000020c4144cd90,
0x0000020c414532d0, 0x0000020c414537e0, 0x0000020c4144d2a0, 0x0000020c4040a5b0,
0x0000020c4040a0a0, 0x0000020c4040b9f0, 0x0000020c4040afd0, 0x0000020c4040c410,
0x0000020c4040b4e0, 0x0000020c40409b90, 0x0000020c4040d340, 0x0000020c404105e0,
0x0000020c40409170, 0x0000020c4040d850, 0x0000020c4040dd60, 0x0000020c4040f1a0,
0x0000020c4040fbc0, 0x0000020c4040e270, 0x0000020c404100d0, 0x0000020c4191aa10,
0x0000020c41921970, 0x0000020c4191b430, 0x0000020c4191c870, 0x0000020c41920a40,
0x0000020c4191be50, 0x0000020c41920530, 0x0000020c4191fb10, 0x0000020c41920f50,
0x0000020c41921e80, 0x0000020c4191cd80, 0x0000020c4191e6d0, 0x0000020c4191f0f0,
0x0000020c41814ee0, 0x0000020c4aa5e550, 0x0000020c4aa64070, 0x0000020c4aa60dd0,
0x0000020c4aa5fea0, 0x0000020c4aa61d00, 0x0000020c4aa603b0, 0x0000020c4aa5e040,
0x0000020c4aa608c0, 0x0000020c4aa612e0, 0x0000020c4aa5ea60, 0x0000020c4aa64a90,
0x0000020c4aa62720, 0x0000020c4aa617f0, 0x0000020c4aa63140, 0x0000020c4aa64fa0,
0x0000020c4aa654b0, 0x0000020c4aa659c0, 0x0000020c4aa62210, 0x0000020c4aa63650
}

Java Threads: ( => current thread )
  0x0000020c7fb4caf0 JavaThread "main" [_thread_blocked, id=17544, stack(0x000000e6d1900000,0x000000e6d1a00000)]
  0x0000020c1ebeafb0 JavaThread "Reference Handler" daemon [_thread_blocked, id=752, stack(0x000000e6d2000000,0x000000e6d2100000)]
  0x0000020c1ebed2f0 JavaThread "Finalizer" daemon [_thread_blocked, id=7484, stack(0x000000e6d2100000,0x000000e6d2200000)]
  0x0000020c1ec02b30 JavaThread "Signal Dispatcher" daemon [_thread_blocked, id=2448, stack(0x000000e6d2200000,0x000000e6d2300000)]
  0x0000020c1ec036c0 JavaThread "Attach Listener" daemon [_thread_blocked, id=2768, stack(0x000000e6d2300000,0x000000e6d2400000)]
  0x0000020c1ec05740 JavaThread "Service Thread" daemon [_thread_blocked, id=6488, stack(0x000000e6d2400000,0x000000e6d2500000)]
  0x0000020c1ec06010 JavaThread "Monitor Deflation Thread" daemon [_thread_blocked, id=14540, stack(0x000000e6d2500000,0x000000e6d2600000)]
=>0x0000020c1ec08c90 JavaThread "C2 CompilerThread0" daemon [_thread_in_native, id=6172, stack(0x000000e6d2600000,0x000000e6d2700000)]
  0x0000020c1ec0e230 JavaThread "C1 CompilerThread0" daemon [_thread_blocked, id=2132, stack(0x000000e6d2700000,0x000000e6d2800000)]
  0x0000020c1ec1f300 JavaThread "Sweeper thread" daemon [_thread_blocked, id=11316, stack(0x000000e6d2800000,0x000000e6d2900000)]
  0x0000020c1ebd29d0 JavaThread "Common-Cleaner" daemon [_thread_blocked, id=7036, stack(0x000000e6d2900000,0x000000e6d2a00000)]
  0x0000020c3e150d60 JavaThread "Notification Thread" daemon [_thread_blocked, id=14604, stack(0x000000e6d2a00000,0x000000e6d2b00000)]
  0x0000020c3f6fe730 JavaThread "Daemon health stats" [_thread_blocked, id=18208, stack(0x000000e6d3000000,0x000000e6d3100000)]
  0x0000020c3fe29380 JavaThread "Incoming local TCP Connector on port 61109" [_thread_in_native, id=2512, stack(0x000000e6d3100000,0x000000e6d3200000)]
  0x0000020c40b98200 JavaThread "Daemon periodic checks" [_thread_blocked, id=2016, stack(0x000000e6d3200000,0x000000e6d3300000)]
  0x0000020c3f9dda60 JavaThread "Daemon" [_thread_blocked, id=16272, stack(0x000000e6d3300000,0x000000e6d3400000)]
  0x0000020c3f39c900 JavaThread "Handler for socket connection from /127.0.0.1:61109 to /127.0.0.1:61111" [_thread_in_native, id=11240, stack(0x000000e6d3400000,0x000000e6d3500000)]
  0x0000020c3fbc87b0 JavaThread "Cancel handler" [_thread_blocked, id=11896, stack(0x000000e6d2c00000,0x000000e6d2d00000)]
  0x0000020c3fbc96e0 JavaThread "Daemon worker" [_thread_blocked, id=14260, stack(0x000000e6d3500000,0x000000e6d3600000)]
  0x0000020c3fbc9bf0 JavaThread "Asynchronous log dispatcher for DefaultDaemonConnection: socket connection from /127.0.0.1:61109 to /127.0.0.1:61111" [_thread_blocked, id=2180, stack(0x000000e6d3600000,0x000000e6d3700000)]
  0x0000020c3fbc91d0 JavaThread "Stdin handler" [_thread_blocked, id=10360, stack(0x000000e6d3700000,0x000000e6d3800000)]
  0x0000020c3fbcab20 JavaThread "Daemon client event forwarder" [_thread_blocked, id=5276, stack(0x000000e6d3800000,0x000000e6d3900000)]
  0x0000020c3fbc82a0 JavaThread "Cache worker for journal cache (C:\Users\cuty computer\.gradle\caches\journal-1)" [_thread_blocked, id=16932, stack(0x000000e6d3900000,0x000000e6d3a00000)]
  0x0000020c3fbca100 JavaThread "File lock request listener" [_thread_in_native, id=7948, stack(0x000000e6d3a00000,0x000000e6d3b00000)]
  0x0000020c3fbcb540 JavaThread "Cache worker for file hash cache (C:\Users\cuty computer\.gradle\caches\8.3\fileHashes)" [_thread_blocked, id=12164, stack(0x000000e6d3b00000,0x000000e6d3c00000)]
  0x0000020c3fbc8cc0 JavaThread "File watcher server" daemon [_thread_in_native, id=1884, stack(0x000000e6d3c00000,0x000000e6d3d00000)]
  0x0000020c41451e90 JavaThread "File watcher consumer" daemon [_thread_blocked, id=15876, stack(0x000000e6d3d00000,0x000000e6d3e00000)]
  0x0000020c4144d7b0 JavaThread "Cache worker for checksums cache (D:\RN Internship\React Native\RNLearning_App\android\.gradle\8.3\checksums)" [_thread_blocked, id=5700, stack(0x000000e6d3f00000,0x000000e6d4000000)]
  0x0000020c4144e6e0 JavaThread "Cache worker for file hash cache (D:\RN Internship\React Native\RNLearning_App\android\.gradle\8.3\fileHashes)" [_thread_blocked, id=13164, stack(0x000000e6d4000000,0x000000e6d4100000)]
  0x0000020c4144e1d0 JavaThread "Cache worker for cache directory md-supplier (C:\Users\cuty computer\.gradle\caches\8.3\md-supplier)" [_thread_blocked, id=16204, stack(0x000000e6d4100000,0x000000e6d4200000)]
  0x0000020c4144ebf0 JavaThread "Cache worker for file content cache (C:\Users\cuty computer\.gradle\caches\8.3\fileContent)" [_thread_blocked, id=4868, stack(0x000000e6d4200000,0x000000e6d4300000)]
  0x0000020c4144be60 JavaThread "Cache worker for cache directory md-rule (C:\Users\cuty computer\.gradle\caches\8.3\md-rule)" [_thread_blocked, id=6996, stack(0x000000e6d4300000,0x000000e6d4400000)]
  0x0000020c4144dcc0 JavaThread "Cache worker for execution history cache (C:\Users\cuty computer\.gradle\caches\8.3\executionHistory)" [_thread_blocked, id=12588, stack(0x000000e6d4400000,0x000000e6d4500000)]
  0x0000020c4144f100 JavaThread "jar transforms" [_thread_blocked, id=14532, stack(0x000000e6d4500000,0x000000e6d4600000)]
  0x0000020c4144c880 JavaThread "jar transforms Thread 2" [_thread_blocked, id=17368, stack(0x000000e6d4600000,0x000000e6d4700000)]
  0x0000020c41451470 JavaThread "jar transforms Thread 3" [_thread_blocked, id=9048, stack(0x000000e6d4700000,0x000000e6d4800000)]
  0x0000020c41452dc0 JavaThread "jar transforms Thread 4" [_thread_blocked, id=7996, stack(0x000000e6d4800000,0x000000e6d4900000)]
  0x0000020c41451980 JavaThread "Cache worker for kotlin-dsl (C:\Users\cuty computer\.gradle\caches\8.3\kotlin-dsl)" [_thread_blocked, id=18284, stack(0x000000e6d4900000,0x000000e6d4a00000)]
  0x0000020c414528b0 JavaThread "Unconstrained build operations" [_thread_blocked, id=16148, stack(0x000000e6d3e00000,0x000000e6d3f00000)]
  0x0000020c4144cd90 JavaThread "Unconstrained build operations Thread 2" [_thread_blocked, id=9352, stack(0x000000e6d4a00000,0x000000e6d4b00000)]
  0x0000020c414532d0 JavaThread "Cache worker for dependencies-accessors (D:\RN Internship\React Native\RNLearning_App\android\.gradle\8.3\dependencies-accessors)" [_thread_blocked, id=3384, stack(0x000000e6d4c00000,0x000000e6d4d00000)]
  0x0000020c414537e0 JavaThread "Cache worker for Build Output Cleanup Cache (D:\RN Internship\React Native\RNLearning_App\node_modules\@react-native\gradle-plugin\.gradle\buildOutputCleanup)" [_thread_blocked, id=17916, stack(0x000000e6d4d00000,0x000000e6d4e00000)]
  0x0000020c4144d2a0 JavaThread "Unconstrained build operations Thread 3" [_thread_blocked, id=14720, stack(0x000000e6d4e00000,0x000000e6d4f00000)]
  0x0000020c4040a5b0 JavaThread "Unconstrained build operations Thread 4" [_thread_blocked, id=15240, stack(0x000000e6d4f00000,0x000000e6d5000000)]
  0x0000020c4040a0a0 JavaThread "Unconstrained build operations Thread 5" [_thread_blocked, id=17520, stack(0x000000e6d5000000,0x000000e6d5100000)]
  0x0000020c4040b9f0 JavaThread "Memory manager" [_thread_blocked, id=16976, stack(0x000000e6d5100000,0x000000e6d5200000)]
  0x0000020c4040afd0 JavaThread "Cache worker for Build Output Cleanup Cache (D:\RN Internship\React Native\RNLearning_App\android\.gradle\buildOutputCleanup)" [_thread_blocked, id=16660, stack(0x000000e6d5400000,0x000000e6d5500000)]
  0x0000020c4040c410 JavaThread "ForkJoinPool.commonPool-worker-1" daemon [_thread_blocked, id=10108, stack(0x000000e6d5500000,0x000000e6d5600000)]
  0x0000020c4040b4e0 JavaThread "ForkJoinPool.commonPool-worker-2" daemon [_thread_blocked, id=6736, stack(0x000000e6d5600000,0x000000e6d5700000)]
  0x0000020c40409b90 JavaThread "ForkJoinPool.commonPool-worker-3" daemon [_thread_blocked, id=6956, stack(0x000000e6d5700000,0x000000e6d5800000)]
  0x0000020c4040d340 JavaThread "included builds" [_thread_blocked, id=11524, stack(0x000000e6d5b00000,0x000000e6d5c00000)]
  0x0000020c404105e0 JavaThread "Execution worker" [_thread_blocked, id=6732, stack(0x000000e6d5c00000,0x000000e6d5d00000)]
  0x0000020c40409170 JavaThread "Execution worker Thread 2" [_thread_blocked, id=15320, stack(0x000000e6d5d00000,0x000000e6d5e00000)]
  0x0000020c4040d850 JavaThread "Execution worker Thread 3" [_thread_blocked, id=15184, stack(0x000000e6d5e00000,0x000000e6d5f00000)]
  0x0000020c4040dd60 JavaThread "Cache worker for execution history cache (D:\RN Internship\React Native\RNLearning_App\node_modules\@react-native\gradle-plugin\.gradle\8.3\executionHistory)" [_thread_blocked, id=5856, stack(0x000000e6d5f00000,0x000000e6d6000000)]
  0x0000020c4040f1a0 JavaThread "Unconstrained build operations Thread 6" [_thread_blocked, id=11368, stack(0x000000e6d5300000,0x000000e6d5400000)]
  0x0000020c4040fbc0 JavaThread "Unconstrained build operations Thread 7" [_thread_blocked, id=4572, stack(0x000000e6d6000000,0x000000e6d6100000)]
  0x0000020c4040e270 JavaThread "Unconstrained build operations Thread 8" [_thread_blocked, id=724, stack(0x000000e6d6100000,0x000000e6d6200000)]
  0x0000020c404100d0 JavaThread "Unconstrained build operations Thread 9" [_thread_blocked, id=2704, stack(0x000000e6d6200000,0x000000e6d6300000)]
  0x0000020c4191aa10 JavaThread "Unconstrained build operations Thread 10" [_thread_blocked, id=7604, stack(0x000000e6d6300000,0x000000e6d6400000)]
  0x0000020c41921970 JavaThread "Unconstrained build operations Thread 11" [_thread_blocked, id=16828, stack(0x000000e6d6400000,0x000000e6d6500000)]
  0x0000020c4191b430 JavaThread "Unconstrained build operations Thread 12" [_thread_blocked, id=1736, stack(0x000000e6d6500000,0x000000e6d6600000)]
  0x0000020c4191c870 JavaThread "Unconstrained build operations Thread 13" [_thread_blocked, id=16316, stack(0x000000e6d6600000,0x000000e6d6700000)]
  0x0000020c41920a40 JavaThread "Unconstrained build operations Thread 14" [_thread_blocked, id=6576, stack(0x000000e6d1700000,0x000000e6d1800000)]
  0x0000020c4191be50 JavaThread "Unconstrained build operations Thread 15" [_thread_blocked, id=5928, stack(0x000000e6d1800000,0x000000e6d1900000)]
  0x0000020c41920530 JavaThread "Unconstrained build operations Thread 16" [_thread_blocked, id=12548, stack(0x000000e6d6700000,0x000000e6d6800000)]
  0x0000020c4191fb10 JavaThread "Unconstrained build operations Thread 17" [_thread_blocked, id=2668, stack(0x000000e6d6800000,0x000000e6d6900000)]
  0x0000020c41920f50 JavaThread "Unconstrained build operations Thread 18" [_thread_blocked, id=10132, stack(0x000000e6d6900000,0x000000e6d6a00000)]
  0x0000020c41921e80 JavaThread "Unconstrained build operations Thread 19" [_thread_blocked, id=11508, stack(0x000000e6d6a00000,0x000000e6d6b00000)]
  0x0000020c4191cd80 JavaThread "Unconstrained build operations Thread 20" [_thread_blocked, id=6764, stack(0x000000e6d1600000,0x000000e6d1700000)]
  0x0000020c4191e6d0 JavaThread "Unconstrained build operations Thread 21" [_thread_blocked, id=10552, stack(0x000000e6d6b00000,0x000000e6d6c00000)]
  0x0000020c4191f0f0 JavaThread "Unconstrained build operations Thread 22" [_thread_blocked, id=15532, stack(0x000000e6d6c00000,0x000000e6d6d00000)]
  0x0000020c41814ee0 JavaThread "C2 CompilerThread1" daemon [_thread_in_native, id=17364, stack(0x000000e6d6d00000,0x000000e6d6e00000)]
  0x0000020c4aa5e550 JavaThread "Unconstrained build operations Thread 23" [_thread_blocked, id=8940, stack(0x000000e6d6e00000,0x000000e6d6f00000)]
  0x0000020c4aa64070 JavaThread "Unconstrained build operations Thread 24" [_thread_blocked, id=8968, stack(0x000000e6d6f00000,0x000000e6d7000000)]
  0x0000020c4aa60dd0 JavaThread "Unconstrained build operations Thread 25" [_thread_blocked, id=4732, stack(0x000000e6d7000000,0x000000e6d7100000)]
  0x0000020c4aa5fea0 JavaThread "Unconstrained build operations Thread 26" [_thread_blocked, id=3144, stack(0x000000e6d7100000,0x000000e6d7200000)]
  0x0000020c4aa61d00 JavaThread "Unconstrained build operations Thread 27" [_thread_blocked, id=8336, stack(0x000000e6d7200000,0x000000e6d7300000)]
  0x0000020c4aa603b0 JavaThread "Unconstrained build operations Thread 28" [_thread_blocked, id=2020, stack(0x000000e6d7300000,0x000000e6d7400000)]
  0x0000020c4aa5e040 JavaThread "Unconstrained build operations Thread 29" [_thread_blocked, id=2692, stack(0x000000e6d7400000,0x000000e6d7500000)]
  0x0000020c4aa608c0 JavaThread "Unconstrained build operations Thread 30" [_thread_blocked, id=11364, stack(0x000000e6d7500000,0x000000e6d7600000)]
  0x0000020c4aa612e0 JavaThread "Unconstrained build operations Thread 31" [_thread_blocked, id=17852, stack(0x000000e6d7600000,0x000000e6d7700000)]
  0x0000020c4aa5ea60 JavaThread "Unconstrained build operations Thread 32" [_thread_blocked, id=8664, stack(0x000000e6d7700000,0x000000e6d7800000)]
  0x0000020c4aa64a90 JavaThread "Unconstrained build operations Thread 33" [_thread_blocked, id=18160, stack(0x000000e6d7800000,0x000000e6d7900000)]
  0x0000020c4aa62720 JavaThread "Unconstrained build operations Thread 34" [_thread_blocked, id=2064, stack(0x000000e6d7900000,0x000000e6d7a00000)]
  0x0000020c4aa617f0 JavaThread "Unconstrained build operations Thread 35" [_thread_blocked, id=4676, stack(0x000000e6d7a00000,0x000000e6d7b00000)]
  0x0000020c4aa63140 JavaThread "Unconstrained build operations Thread 36" [_thread_blocked, id=15284, stack(0x000000e6d7b00000,0x000000e6d7c00000)]
  0x0000020c4aa64fa0 JavaThread "Unconstrained build operations Thread 37" [_thread_blocked, id=15400, stack(0x000000e6d7c00000,0x000000e6d7d00000)]
  0x0000020c4aa654b0 JavaThread "Unconstrained build operations Thread 38" [_thread_blocked, id=12412, stack(0x000000e6d7d00000,0x000000e6d7e00000)]
  0x0000020c4aa659c0 JavaThread "Unconstrained build operations Thread 39" [_thread_blocked, id=18336, stack(0x000000e6d7e00000,0x000000e6d7f00000)]
  0x0000020c4aa62210 JavaThread "Unconstrained build operations Thread 40" [_thread_blocked, id=12508, stack(0x000000e6d7f00000,0x000000e6d8000000)]
  0x0000020c4aa63650 JavaThread "Cache worker for execution history cache (D:\RN Internship\React Native\RNLearning_App\android\.gradle\8.3\executionHistory)" [_thread_blocked, id=6564, stack(0x000000e6d8000000,0x000000e6d8100000)]

Other Threads:
  0x0000020c1ebe3530 VMThread "VM Thread" [stack: 0x000000e6d1f00000,0x000000e6d2000000] [id=16268]
  0x0000020c7fbc7460 WatcherThread [stack: 0x000000e6d2b00000,0x000000e6d2c00000] [id=10812]
  0x0000020c7fba7e60 GCTaskThread "GC Thread#0" [stack: 0x000000e6d1a00000,0x000000e6d1b00000] [id=8076]
  0x0000020c3e487b60 GCTaskThread "GC Thread#1" [stack: 0x000000e6d2d00000,0x000000e6d2e00000] [id=2540]
  0x0000020c3e466750 GCTaskThread "GC Thread#2" [stack: 0x000000e6d2e00000,0x000000e6d2f00000] [id=7464]
  0x0000020c3e5687c0 GCTaskThread "GC Thread#3" [stack: 0x000000e6d2f00000,0x000000e6d3000000] [id=9124]
  0x0000020c7fbb9cd0 ConcurrentGCThread "G1 Main Marker" [stack: 0x000000e6d1b00000,0x000000e6d1c00000] [id=17572]
  0x0000020c7fbbad90 ConcurrentGCThread "G1 Conc#0" [stack: 0x000000e6d1c00000,0x000000e6d1d00000] [id=14036]
  0x0000020c7fc0d930 ConcurrentGCThread "G1 Refine#0" [stack: 0x000000e6d1d00000,0x000000e6d1e00000] [id=10540]
  0x0000020c1eaa02a0 ConcurrentGCThread "G1 Service" [stack: 0x000000e6d1e00000,0x000000e6d1f00000] [id=13560]

Threads with active compile tasks:
C2 CompilerThread0   104511 14476   !   4       org.gradle.cache.internal.DefaultMultiProcessSafeIndexedCache::getIfPresent (25 bytes)
C2 CompilerThread1   104511 14480   !   4       org.gradle.cache.internal.LockOnDemandCrossProcessCacheAccess::withFileLock (24 bytes)

VM state: not at safepoint (normal execution)

VM Mutex/Monitor currently owned by a thread: None

Heap address: 0x0000000080000000, size: 2048 MB, Compressed Oops mode: 32-bit

CDS archive(s) mapped at: [0x0000020c1f000000-0x0000020c1fbd0000-0x0000020c1fbd0000), size 12386304, SharedBaseAddress: 0x0000020c1f000000, ArchiveRelocationMode: 1.
Compressed class space mapped at: 0x0000020c20000000-0x0000020c3a000000, reserved size: 436207616
Narrow klass base: 0x0000020c1f000000, Narrow klass shift: 0, Narrow klass range: 0x100000000

GC Precious Log:
 CPUs: 4 total, 4 available
 Memory: 12179M
 Large Page Support: Disabled
 NUMA Support: Disabled
 Compressed Oops: Enabled (32-bit)
 Heap Region Size: 1M
 Heap Min Capacity: 8M
 Heap Initial Capacity: 192M
 Heap Max Capacity: 2G
 Pre-touch: Disabled
 Parallel Workers: 4
 Concurrent Workers: 1
 Concurrent Refinement Workers: 4
 Periodic GC: Disabled

Heap:
 garbage-first heap   total 242688K, used 179488K [0x0000000080000000, 0x0000000100000000)
  region size 1024K, 34 young (34816K), 5 survivors (5120K)
 Metaspace       used 97656K, committed 98624K, reserved 557056K
  class space    used 13663K, committed 14080K, reserved 425984K

Heap Regions: E=young(eden), S=young(survivor), O=old, HS=humongous(starts), HC=humongous(continues), CS=collection set, F=free, OA=open archive, CA=closed archive, TAMS=top-at-mark-start (previous, next)
|   0|0x0000000080000000, 0x0000000080100000, 0x0000000080100000|100%| O|  |TAMS 0x0000000080100000, 0x0000000080000000| Untracked 
|   1|0x0000000080100000, 0x0000000080200000, 0x0000000080200000|100%| O|  |TAMS 0x0000000080200000, 0x0000000080100000| Untracked 
|   2|0x0000000080200000, 0x0000000080300000, 0x0000000080300000|100%|HS|  |TAMS 0x0000000080300000, 0x0000000080200000| Complete 
|   3|0x0000000080300000, 0x0000000080400000, 0x0000000080400000|100%|HC|  |TAMS 0x0000000080400000, 0x0000000080300000| Complete 
|   4|0x0000000080400000, 0x0000000080500000, 0x0000000080500000|100%|HC|  |TAMS 0x0000000080500000, 0x0000000080400000| Complete 
|   5|0x0000000080500000, 0x0000000080600000, 0x0000000080600000|100%|HC|  |TAMS 0x0000000080600000, 0x0000000080500000| Complete 
|   6|0x0000000080600000, 0x0000000080700000, 0x0000000080700000|100%| O|  |TAMS 0x0000000080700000, 0x0000000080600000| Untracked 
|   7|0x0000000080700000, 0x0000000080800000, 0x0000000080800000|100%| O|  |TAMS 0x0000000080800000, 0x0000000080700000| Untracked 
|   8|0x0000000080800000, 0x0000000080900000, 0x0000000080900000|100%| O|  |TAMS 0x0000000080900000, 0x0000000080800000| Untracked 
|   9|0x0000000080900000, 0x0000000080a00000, 0x0000000080a00000|100%| O|  |TAMS 0x0000000080a00000, 0x0000000080900000| Untracked 
|  10|0x0000000080a00000, 0x0000000080b00000, 0x0000000080b00000|100%| O|  |TAMS 0x0000000080b00000, 0x0000000080a00000| Untracked 
|  11|0x0000000080b00000, 0x0000000080c00000, 0x0000000080c00000|100%| O|  |TAMS 0x0000000080c00000, 0x0000000080b00000| Untracked 
|  12|0x0000000080c00000, 0x0000000080d00000, 0x0000000080d00000|100%| O|  |TAMS 0x0000000080d00000, 0x0000000080c00000| Untracked 
|  13|0x0000000080d00000, 0x0000000080e00000, 0x0000000080e00000|100%| O|  |TAMS 0x0000000080e00000, 0x0000000080d00000| Untracked 
|  14|0x0000000080e00000, 0x0000000080f00000, 0x0000000080f00000|100%| O|  |TAMS 0x0000000080f00000, 0x0000000080e00000| Untracked 
|  15|0x0000000080f00000, 0x0000000081000000, 0x0000000081000000|100%| O|  |TAMS 0x0000000081000000, 0x0000000080f00000| Untracked 
|  16|0x0000000081000000, 0x0000000081100000, 0x0000000081100000|100%| O|  |TAMS 0x0000000081100000, 0x0000000081000000| Untracked 
|  17|0x0000000081100000, 0x0000000081200000, 0x0000000081200000|100%| O|  |TAMS 0x0000000081200000, 0x0000000081100000| Untracked 
|  18|0x0000000081200000, 0x0000000081300000, 0x0000000081300000|100%| O|  |TAMS 0x0000000081300000, 0x0000000081200000| Untracked 
|  19|0x0000000081300000, 0x0000000081400000, 0x0000000081400000|100%| O|  |TAMS 0x0000000081400000, 0x0000000081300000| Untracked 
|  20|0x0000000081400000, 0x0000000081500000, 0x0000000081500000|100%| O|  |TAMS 0x0000000081500000, 0x0000000081400000| Untracked 
|  21|0x0000000081500000, 0x0000000081600000, 0x0000000081600000|100%| O|  |TAMS 0x0000000081600000, 0x0000000081500000| Untracked 
|  22|0x0000000081600000, 0x0000000081700000, 0x0000000081700000|100%| O|  |TAMS 0x0000000081700000, 0x0000000081600000| Untracked 
|  23|0x0000000081700000, 0x0000000081800000, 0x0000000081800000|100%| O|  |TAMS 0x0000000081800000, 0x0000000081700000| Untracked 
|  24|0x0000000081800000, 0x0000000081900000, 0x0000000081900000|100%| O|  |TAMS 0x0000000081900000, 0x0000000081800000| Untracked 
|  25|0x0000000081900000, 0x0000000081a00000, 0x0000000081a00000|100%| O|  |TAMS 0x0000000081a00000, 0x0000000081900000| Untracked 
|  26|0x0000000081a00000, 0x0000000081b00000, 0x0000000081b00000|100%| O|  |TAMS 0x0000000081b00000, 0x0000000081a00000| Untracked 
|  27|0x0000000081b00000, 0x0000000081c00000, 0x0000000081c00000|100%| O|  |TAMS 0x0000000081c00000, 0x0000000081b00000| Untracked 
|  28|0x0000000081c00000, 0x0000000081d00000, 0x0000000081d00000|100%| O|  |TAMS 0x0000000081d00000, 0x0000000081c00000| Untracked 
|  29|0x0000000081d00000, 0x0000000081e00000, 0x0000000081e00000|100%| O|  |TAMS 0x0000000081e00000, 0x0000000081d00000| Untracked 
|  30|0x0000000081e00000, 0x0000000081f00000, 0x0000000081f00000|100%| O|  |TAMS 0x0000000081f00000, 0x0000000081e00000| Untracked 
|  31|0x0000000081f00000, 0x0000000082000000, 0x0000000082000000|100%| O|  |TAMS 0x0000000082000000, 0x0000000081f00000| Untracked 
|  32|0x0000000082000000, 0x0000000082100000, 0x0000000082100000|100%| O|  |TAMS 0x0000000082100000, 0x0000000082000000| Untracked 
|  33|0x0000000082100000, 0x0000000082200000, 0x0000000082200000|100%| O|  |TAMS 0x0000000082200000, 0x0000000082100000| Untracked 
|  34|0x0000000082200000, 0x0000000082300000, 0x0000000082300000|100%|HS|  |TAMS 0x0000000082300000, 0x0000000082200000| Complete 
|  35|0x0000000082300000, 0x0000000082400000, 0x0000000082400000|100%|HC|  |TAMS 0x0000000082400000, 0x0000000082300000| Complete 
|  36|0x0000000082400000, 0x0000000082500000, 0x0000000082500000|100%| O|  |TAMS 0x0000000082500000, 0x0000000082400000| Untracked 
|  37|0x0000000082500000, 0x0000000082600000, 0x0000000082600000|100%| O|  |TAMS 0x0000000082600000, 0x0000000082500000| Untracked 
|  38|0x0000000082600000, 0x0000000082700000, 0x0000000082700000|100%|HS|  |TAMS 0x0000000082700000, 0x0000000082600000| Complete 
|  39|0x0000000082700000, 0x0000000082800000, 0x0000000082800000|100%|HC|  |TAMS 0x0000000082800000, 0x0000000082700000| Complete 
|  40|0x0000000082800000, 0x0000000082900000, 0x0000000082900000|100%| O|  |TAMS 0x0000000082900000, 0x0000000082800000| Untracked 
|  41|0x0000000082900000, 0x0000000082a00000, 0x0000000082a00000|100%| O|  |TAMS 0x0000000082a00000, 0x0000000082900000| Untracked 
|  42|0x0000000082a00000, 0x0000000082b00000, 0x0000000082b00000|100%|HS|  |TAMS 0x0000000082b00000, 0x0000000082a00000| Complete 
|  43|0x0000000082b00000, 0x0000000082c00000, 0x0000000082c00000|100%|HC|  |TAMS 0x0000000082c00000, 0x0000000082b00000| Complete 
|  44|0x0000000082c00000, 0x0000000082d00000, 0x0000000082d00000|100%|HC|  |TAMS 0x0000000082d00000, 0x0000000082c00000| Complete 
|  45|0x0000000082d00000, 0x0000000082e00000, 0x0000000082e00000|100%|HC|  |TAMS 0x0000000082e00000, 0x0000000082d00000| Complete 
|  46|0x0000000082e00000, 0x0000000082f00000, 0x0000000082f00000|100%| O|  |TAMS 0x0000000082f00000, 0x0000000082e00000| Untracked 
|  47|0x0000000082f00000, 0x0000000083000000, 0x0000000083000000|100%| O|  |TAMS 0x0000000083000000, 0x0000000082f00000| Untracked 
|  48|0x0000000083000000, 0x0000000083100000, 0x0000000083100000|100%| O|  |TAMS 0x0000000083100000, 0x0000000083000000| Untracked 
|  49|0x0000000083100000, 0x0000000083200000, 0x0000000083200000|100%| O|  |TAMS 0x0000000083200000, 0x0000000083100000| Untracked 
|  50|0x0000000083200000, 0x0000000083300000, 0x0000000083300000|100%|HS|  |TAMS 0x0000000083300000, 0x0000000083200000| Complete 
|  51|0x0000000083300000, 0x0000000083400000, 0x0000000083400000|100%|HC|  |TAMS 0x0000000083400000, 0x0000000083300000| Complete 
|  52|0x0000000083400000, 0x0000000083500000, 0x0000000083500000|100%|HC|  |TAMS 0x0000000083500000, 0x0000000083400000| Complete 
|  53|0x0000000083500000, 0x0000000083600000, 0x0000000083600000|100%|HC|  |TAMS 0x0000000083600000, 0x0000000083500000| Complete 
|  54|0x0000000083600000, 0x0000000083700000, 0x0000000083700000|100%| O|  |TAMS 0x0000000083700000, 0x0000000083600000| Untracked 
|  55|0x0000000083700000, 0x0000000083800000, 0x0000000083800000|100%| O|  |TAMS 0x0000000083800000, 0x0000000083700000| Untracked 
|  56|0x0000000083800000, 0x0000000083900000, 0x0000000083900000|100%| O|  |TAMS 0x0000000083900000, 0x0000000083800000| Untracked 
|  57|0x0000000083900000, 0x0000000083a00000, 0x0000000083a00000|100%| O|  |TAMS 0x0000000083a00000, 0x0000000083900000| Untracked 
|  58|0x0000000083a00000, 0x0000000083b00000, 0x0000000083b00000|100%| O|  |TAMS 0x0000000083b00000, 0x0000000083a00000| Untracked 
|  59|0x0000000083b00000, 0x0000000083c00000, 0x0000000083c00000|100%| O|  |TAMS 0x0000000083c00000, 0x0000000083b00000| Untracked 
|  60|0x0000000083c00000, 0x0000000083d00000, 0x0000000083d00000|100%| O|  |TAMS 0x0000000083d00000, 0x0000000083c00000| Untracked 
|  61|0x0000000083d00000, 0x0000000083e00000, 0x0000000083e00000|100%| O|  |TAMS 0x0000000083e00000, 0x0000000083d00000| Untracked 
|  62|0x0000000083e00000, 0x0000000083f00000, 0x0000000083f00000|100%| O|  |TAMS 0x0000000083f00000, 0x0000000083e00000| Untracked 
|  63|0x0000000083f00000, 0x0000000084000000, 0x0000000084000000|100%| O|  |TAMS 0x0000000084000000, 0x0000000083f00000| Untracked 
|  64|0x0000000084000000, 0x0000000084100000, 0x0000000084100000|100%|HS|  |TAMS 0x0000000084100000, 0x0000000084000000| Complete 
|  65|0x0000000084100000, 0x0000000084200000, 0x0000000084200000|100%|HS|  |TAMS 0x0000000084200000, 0x0000000084100000| Complete 
|  66|0x0000000084200000, 0x0000000084300000, 0x0000000084300000|100%|HS|  |TAMS 0x0000000084300000, 0x0000000084200000| Complete 
|  67|0x0000000084300000, 0x0000000084400000, 0x0000000084400000|100%| O|  |TAMS 0x0000000084400000, 0x0000000084300000| Untracked 
|  68|0x0000000084400000, 0x0000000084500000, 0x0000000084500000|100%| O|  |TAMS 0x0000000084500000, 0x0000000084400000| Untracked 
|  69|0x0000000084500000, 0x0000000084600000, 0x0000000084600000|100%|HS|  |TAMS 0x0000000084600000, 0x0000000084500000| Complete 
|  70|0x0000000084600000, 0x0000000084700000, 0x0000000084700000|100%| O|  |TAMS 0x0000000084700000, 0x0000000084600000| Untracked 
|  71|0x0000000084700000, 0x0000000084800000, 0x0000000084800000|100%| O|  |TAMS 0x0000000084800000, 0x0000000084700000| Untracked 
|  72|0x0000000084800000, 0x0000000084900000, 0x0000000084900000|100%| O|  |TAMS 0x0000000084900000, 0x0000000084800000| Untracked 
|  73|0x0000000084900000, 0x0000000084a00000, 0x0000000084a00000|100%| O|  |TAMS 0x0000000084a00000, 0x0000000084900000| Untracked 
|  74|0x0000000084a00000, 0x0000000084b00000, 0x0000000084b00000|100%| O|  |TAMS 0x0000000084b00000, 0x0000000084a00000| Untracked 
|  75|0x0000000084b00000, 0x0000000084c00000, 0x0000000084c00000|100%| O|  |TAMS 0x0000000084c00000, 0x0000000084b00000| Untracked 
|  76|0x0000000084c00000, 0x0000000084d00000, 0x0000000084d00000|100%| O|  |TAMS 0x0000000084d00000, 0x0000000084c00000| Untracked 
|  77|0x0000000084d00000, 0x0000000084e00000, 0x0000000084e00000|100%| O|  |TAMS 0x0000000084e00000, 0x0000000084d00000| Untracked 
|  78|0x0000000084e00000, 0x0000000084f00000, 0x0000000084f00000|100%| O|  |TAMS 0x0000000084f00000, 0x0000000084e00000| Untracked 
|  79|0x0000000084f00000, 0x0000000085000000, 0x0000000085000000|100%| O|  |TAMS 0x0000000085000000, 0x0000000084f00000| Untracked 
|  80|0x0000000085000000, 0x0000000085100000, 0x0000000085100000|100%| O|  |TAMS 0x0000000085100000, 0x0000000085000000| Untracked 
|  81|0x0000000085100000, 0x0000000085200000, 0x0000000085200000|100%| O|  |TAMS 0x0000000085200000, 0x0000000085100000| Untracked 
|  82|0x0000000085200000, 0x0000000085300000, 0x0000000085300000|100%| O|  |TAMS 0x0000000085300000, 0x0000000085200000| Untracked 
|  83|0x0000000085300000, 0x0000000085400000, 0x0000000085400000|100%| O|  |TAMS 0x0000000085400000, 0x0000000085300000| Untracked 
|  84|0x0000000085400000, 0x0000000085500000, 0x0000000085500000|100%| O|  |TAMS 0x0000000085500000, 0x0000000085400000| Untracked 
|  85|0x0000000085500000, 0x0000000085600000, 0x0000000085600000|100%| O|  |TAMS 0x0000000085600000, 0x0000000085500000| Untracked 
|  86|0x0000000085600000, 0x0000000085700000, 0x0000000085700000|100%| O|  |TAMS 0x0000000085700000, 0x0000000085600000| Untracked 
|  87|0x0000000085700000, 0x0000000085800000, 0x0000000085800000|100%| O|  |TAMS 0x0000000085800000, 0x0000000085700000| Untracked 
|  88|0x0000000085800000, 0x0000000085900000, 0x0000000085900000|100%| O|  |TAMS 0x0000000085900000, 0x0000000085800000| Untracked 
|  89|0x0000000085900000, 0x0000000085a00000, 0x0000000085a00000|100%| O|  |TAMS 0x0000000085a00000, 0x0000000085900000| Untracked 
|  90|0x0000000085a00000, 0x0000000085b00000, 0x0000000085b00000|100%| O|  |TAMS 0x0000000085b00000, 0x0000000085a00000| Untracked 
|  91|0x0000000085b00000, 0x0000000085c00000, 0x0000000085c00000|100%| O|  |TAMS 0x0000000085c00000, 0x0000000085b00000| Untracked 
|  92|0x0000000085c00000, 0x0000000085d00000, 0x0000000085d00000|100%| O|  |TAMS 0x0000000085d00000, 0x0000000085c00000| Untracked 
|  93|0x0000000085d00000, 0x0000000085e00000, 0x0000000085e00000|100%| O|  |TAMS 0x0000000085e00000, 0x0000000085d00000| Untracked 
|  94|0x0000000085e00000, 0x0000000085f00000, 0x0000000085f00000|100%| O|  |TAMS 0x0000000085f00000, 0x0000000085e00000| Untracked 
|  95|0x0000000085f00000, 0x0000000086000000, 0x0000000086000000|100%| O|  |TAMS 0x0000000086000000, 0x0000000085f00000| Untracked 
|  96|0x0000000086000000, 0x0000000086100000, 0x0000000086100000|100%| O|  |TAMS 0x0000000086100000, 0x0000000086000000| Untracked 
|  97|0x0000000086100000, 0x0000000086200000, 0x0000000086200000|100%| O|  |TAMS 0x0000000086200000, 0x0000000086100000| Untracked 
|  98|0x0000000086200000, 0x0000000086300000, 0x0000000086300000|100%|HS|  |TAMS 0x0000000086300000, 0x0000000086200000| Complete 
|  99|0x0000000086300000, 0x0000000086400000, 0x0000000086400000|100%|HS|  |TAMS 0x0000000086400000, 0x0000000086300000| Complete 
| 100|0x0000000086400000, 0x0000000086500000, 0x0000000086500000|100%| O|  |TAMS 0x0000000086500000, 0x0000000086400000| Untracked 
| 101|0x0000000086500000, 0x0000000086600000, 0x0000000086600000|100%|HS|  |TAMS 0x0000000086600000, 0x0000000086500000| Complete 
| 102|0x0000000086600000, 0x0000000086700000, 0x0000000086700000|100%|HC|  |TAMS 0x0000000086700000, 0x0000000086600000| Complete 
| 103|0x0000000086700000, 0x0000000086800000, 0x0000000086800000|100%| O|  |TAMS 0x0000000086800000, 0x0000000086700000| Untracked 
| 104|0x0000000086800000, 0x0000000086900000, 0x0000000086900000|100%| O|  |TAMS 0x0000000086900000, 0x0000000086800000| Untracked 
| 105|0x0000000086900000, 0x0000000086a00000, 0x0000000086a00000|100%| O|  |TAMS 0x0000000086a00000, 0x0000000086900000| Untracked 
| 106|0x0000000086a00000, 0x0000000086b00000, 0x0000000086b00000|100%| O|  |TAMS 0x0000000086b00000, 0x0000000086a00000| Untracked 
| 107|0x0000000086b00000, 0x0000000086c00000, 0x0000000086c00000|100%| O|  |TAMS 0x0000000086c00000, 0x0000000086b00000| Untracked 
| 108|0x0000000086c00000, 0x0000000086d00000, 0x0000000086d00000|100%| O|  |TAMS 0x0000000086d00000, 0x0000000086c00000| Untracked 
| 109|0x0000000086d00000, 0x0000000086e00000, 0x0000000086e00000|100%| O|  |TAMS 0x0000000086e00000, 0x0000000086d00000| Untracked 
| 110|0x0000000086e00000, 0x0000000086f00000, 0x0000000086f00000|100%| O|  |TAMS 0x0000000086f00000, 0x0000000086e00000| Untracked 
| 111|0x0000000086f00000, 0x0000000087000000, 0x0000000087000000|100%| O|  |TAMS 0x0000000086f00000, 0x0000000086f00000| Untracked 
| 112|0x0000000087000000, 0x0000000087100000, 0x0000000087100000|100%|HS|  |TAMS 0x0000000087100000, 0x0000000087000000| Complete 
| 113|0x0000000087100000, 0x0000000087200000, 0x0000000087200000|100%| O|  |TAMS 0x0000000087200000, 0x0000000087100000| Untracked 
| 114|0x0000000087200000, 0x0000000087300000, 0x0000000087300000|100%| O|  |TAMS 0x0000000087200000, 0x0000000087200000| Untracked 
| 115|0x0000000087300000, 0x0000000087400000, 0x0000000087400000|100%| O|  |TAMS 0x0000000087400000, 0x0000000087300000| Untracked 
| 116|0x0000000087400000, 0x0000000087500000, 0x0000000087500000|100%| O|  |TAMS 0x0000000087500000, 0x0000000087400000| Untracked 
| 117|0x0000000087500000, 0x0000000087600000, 0x0000000087600000|100%| O|  |TAMS 0x0000000087600000, 0x0000000087500000| Untracked 
| 118|0x0000000087600000, 0x0000000087700000, 0x0000000087700000|100%|HS|  |TAMS 0x0000000087700000, 0x0000000087600000| Complete 
| 119|0x0000000087700000, 0x0000000087800000, 0x0000000087800000|100%|HS|  |TAMS 0x0000000087800000, 0x0000000087700000| Complete 
| 120|0x0000000087800000, 0x0000000087900000, 0x0000000087900000|100%| O|  |TAMS 0x0000000087900000, 0x0000000087800000| Untracked 
| 121|0x0000000087900000, 0x0000000087a00000, 0x0000000087a00000|100%| O|  |TAMS 0x0000000087a00000, 0x0000000087900000| Untracked 
| 122|0x0000000087a00000, 0x0000000087b00000, 0x0000000087b00000|100%| O|  |TAMS 0x0000000087b00000, 0x0000000087a00000| Untracked 
| 123|0x0000000087b00000, 0x0000000087c00000, 0x0000000087c00000|100%| O|  |TAMS 0x0000000087c00000, 0x0000000087b00000| Untracked 
| 124|0x0000000087c00000, 0x0000000087d00000, 0x0000000087d00000|100%| O|  |TAMS 0x0000000087d00000, 0x0000000087c00000| Untracked 
| 125|0x0000000087d00000, 0x0000000087e00000, 0x0000000087e00000|100%| O|  |TAMS 0x0000000087e00000, 0x0000000087d00000| Untracked 
| 126|0x0000000087e00000, 0x0000000087f00000, 0x0000000087f00000|100%| O|  |TAMS 0x0000000087f00000, 0x0000000087e00000| Untracked 
| 127|0x0000000087f00000, 0x0000000088000000, 0x0000000088000000|100%| O|  |TAMS 0x0000000088000000, 0x0000000087f00000| Untracked 
| 128|0x0000000088000000, 0x0000000088100000, 0x0000000088100000|100%| O|  |TAMS 0x0000000088100000, 0x0000000088000000| Untracked 
| 129|0x0000000088100000, 0x0000000088200000, 0x0000000088200000|100%| O|  |TAMS 0x0000000088200000, 0x0000000088100000| Untracked 
| 130|0x0000000088200000, 0x0000000088300000, 0x0000000088300000|100%| O|  |TAMS 0x0000000088300000, 0x0000000088200000| Untracked 
| 131|0x0000000088300000, 0x0000000088400000, 0x0000000088400000|100%| O|  |TAMS 0x000000008838d200, 0x0000000088300000| Untracked 
| 132|0x0000000088400000, 0x0000000088500000, 0x0000000088500000|100%| O|  |TAMS 0x0000000088400000, 0x0000000088400000| Untracked 
| 133|0x0000000088500000, 0x0000000088600000, 0x0000000088600000|100%| O|  |TAMS 0x0000000088500000, 0x0000000088500000| Untracked 
| 134|0x0000000088600000, 0x0000000088700000, 0x0000000088700000|100%| O|  |TAMS 0x0000000088600000, 0x0000000088600000| Untracked 
| 135|0x0000000088700000, 0x0000000088800000, 0x0000000088800000|100%| O|  |TAMS 0x0000000088700000, 0x0000000088700000| Untracked 
| 136|0x0000000088800000, 0x0000000088900000, 0x0000000088900000|100%| O|  |TAMS 0x0000000088800000, 0x0000000088800000| Untracked 
| 137|0x0000000088900000, 0x0000000088a00000, 0x0000000088a00000|100%| O|  |TAMS 0x0000000088900000, 0x0000000088900000| Untracked 
| 138|0x0000000088a00000, 0x0000000088b00000, 0x0000000088b00000|100%| O|  |TAMS 0x0000000088a00000, 0x0000000088a00000| Untracked 
| 139|0x0000000088b00000, 0x0000000088c00000, 0x0000000088c00000|100%| O|  |TAMS 0x0000000088b00000, 0x0000000088b00000| Untracked 
| 140|0x0000000088c00000, 0x0000000088d00000, 0x0000000088d00000|100%| O|  |TAMS 0x0000000088c00000, 0x0000000088c00000| Untracked 
| 141|0x0000000088d00000, 0x0000000088e00000, 0x0000000088e00000|100%| O|  |TAMS 0x0000000088d00000, 0x0000000088d00000| Untracked 
| 142|0x0000000088e00000, 0x0000000088f00000, 0x0000000088f00000|100%| O|  |TAMS 0x0000000088e00000, 0x0000000088e00000| Untracked 
| 143|0x0000000088f00000, 0x0000000088f51600, 0x0000000089000000| 31%| O|  |TAMS 0x0000000088f00000, 0x0000000088f00000| Untracked 
| 144|0x0000000089000000, 0x0000000089000000, 0x0000000089100000|  0%| F|  |TAMS 0x0000000089000000, 0x0000000089000000| Untracked 
| 145|0x0000000089100000, 0x0000000089100000, 0x0000000089200000|  0%| F|  |TAMS 0x0000000089100000, 0x0000000089100000| Untracked 
| 146|0x0000000089200000, 0x0000000089200000, 0x0000000089300000|  0%| F|  |TAMS 0x0000000089200000, 0x0000000089200000| Untracked 
| 147|0x0000000089300000, 0x0000000089300000, 0x0000000089400000|  0%| F|  |TAMS 0x0000000089300000, 0x0000000089300000| Untracked 
| 148|0x0000000089400000, 0x0000000089400000, 0x0000000089500000|  0%| F|  |TAMS 0x0000000089400000, 0x0000000089400000| Untracked 
| 149|0x0000000089500000, 0x0000000089500000, 0x0000000089600000|  0%| F|  |TAMS 0x0000000089500000, 0x0000000089500000| Untracked 
| 150|0x0000000089600000, 0x0000000089600000, 0x0000000089700000|  0%| F|  |TAMS 0x0000000089600000, 0x0000000089600000| Untracked 
| 151|0x0000000089700000, 0x0000000089700000, 0x0000000089800000|  0%| F|  |TAMS 0x0000000089700000, 0x0000000089700000| Untracked 
| 152|0x0000000089800000, 0x0000000089800000, 0x0000000089900000|  0%| F|  |TAMS 0x0000000089800000, 0x0000000089800000| Untracked 
| 153|0x0000000089900000, 0x0000000089900000, 0x0000000089a00000|  0%| F|  |TAMS 0x0000000089900000, 0x0000000089900000| Untracked 
| 154|0x0000000089a00000, 0x0000000089a00000, 0x0000000089b00000|  0%| F|  |TAMS 0x0000000089a00000, 0x0000000089a00000| Untracked 
| 155|0x0000000089b00000, 0x0000000089b00000, 0x0000000089c00000|  0%| F|  |TAMS 0x0000000089b00000, 0x0000000089b00000| Untracked 
| 156|0x0000000089c00000, 0x0000000089c00000, 0x0000000089d00000|  0%| F|  |TAMS 0x0000000089c00000, 0x0000000089c00000| Untracked 
| 157|0x0000000089d00000, 0x0000000089d00000, 0x0000000089e00000|  0%| F|  |TAMS 0x0000000089d00000, 0x0000000089d00000| Untracked 
| 158|0x0000000089e00000, 0x0000000089e00000, 0x0000000089f00000|  0%| F|  |TAMS 0x0000000089e00000, 0x0000000089e00000| Untracked 
| 159|0x0000000089f00000, 0x0000000089f00000, 0x000000008a000000|  0%| F|  |TAMS 0x0000000089f00000, 0x0000000089f00000| Untracked 
| 160|0x000000008a000000, 0x000000008a000000, 0x000000008a100000|  0%| F|  |TAMS 0x000000008a000000, 0x000000008a000000| Untracked 
| 161|0x000000008a100000, 0x000000008a100000, 0x000000008a200000|  0%| F|  |TAMS 0x000000008a100000, 0x000000008a100000| Untracked 
| 162|0x000000008a200000, 0x000000008a200000, 0x000000008a300000|  0%| F|  |TAMS 0x000000008a200000, 0x000000008a200000| Untracked 
| 163|0x000000008a300000, 0x000000008a300000, 0x000000008a400000|  0%| F|  |TAMS 0x000000008a300000, 0x000000008a300000| Untracked 
| 164|0x000000008a400000, 0x000000008a400000, 0x000000008a500000|  0%| F|  |TAMS 0x000000008a400000, 0x000000008a400000| Untracked 
| 165|0x000000008a500000, 0x000000008a500000, 0x000000008a600000|  0%| F|  |TAMS 0x000000008a500000, 0x000000008a500000| Untracked 
| 166|0x000000008a600000, 0x000000008a600000, 0x000000008a700000|  0%| F|  |TAMS 0x000000008a600000, 0x000000008a600000| Untracked 
| 167|0x000000008a700000, 0x000000008a700000, 0x000000008a800000|  0%| F|  |TAMS 0x000000008a700000, 0x000000008a700000| Untracked 
| 168|0x000000008a800000, 0x000000008a800000, 0x000000008a900000|  0%| F|  |TAMS 0x000000008a800000, 0x000000008a800000| Untracked 
| 169|0x000000008a900000, 0x000000008a900000, 0x000000008aa00000|  0%| F|  |TAMS 0x000000008a900000, 0x000000008a900000| Untracked 
| 170|0x000000008aa00000, 0x000000008aa00000, 0x000000008ab00000|  0%| F|  |TAMS 0x000000008aa00000, 0x000000008aa00000| Untracked 
| 171|0x000000008ab00000, 0x000000008ab00000, 0x000000008ac00000|  0%| F|  |TAMS 0x000000008ab00000, 0x000000008ab00000| Untracked 
| 172|0x000000008ac00000, 0x000000008ac00000, 0x000000008ad00000|  0%| F|  |TAMS 0x000000008ac00000, 0x000000008ac00000| Untracked 
| 173|0x000000008ad00000, 0x000000008ad00000, 0x000000008ae00000|  0%| F|  |TAMS 0x000000008ad00000, 0x000000008ad00000| Untracked 
| 174|0x000000008ae00000, 0x000000008ae00000, 0x000000008af00000|  0%| F|  |TAMS 0x000000008ae00000, 0x000000008ae00000| Untracked 
| 175|0x000000008af00000, 0x000000008af00000, 0x000000008b000000|  0%| F|  |TAMS 0x000000008af00000, 0x000000008af00000| Untracked 
| 176|0x000000008b000000, 0x000000008b000000, 0x000000008b100000|  0%| F|  |TAMS 0x000000008b000000, 0x000000008b000000| Untracked 
| 177|0x000000008b100000, 0x000000008b1f6c80, 0x000000008b200000| 96%| S|CS|TAMS 0x000000008b100000, 0x000000008b100000| Complete 
| 178|0x000000008b200000, 0x000000008b200000, 0x000000008b300000|  0%| F|  |TAMS 0x000000008b200000, 0x000000008b200000| Untracked 
| 179|0x000000008b300000, 0x000000008b300000, 0x000000008b400000|  0%| F|  |TAMS 0x000000008b300000, 0x000000008b300000| Untracked 
| 180|0x000000008b400000, 0x000000008b400000, 0x000000008b500000|  0%| F|  |TAMS 0x000000008b400000, 0x000000008b400000| Untracked 
| 181|0x000000008b500000, 0x000000008b500000, 0x000000008b600000|  0%| F|  |TAMS 0x000000008b500000, 0x000000008b500000| Untracked 
| 182|0x000000008b600000, 0x000000008b600000, 0x000000008b700000|  0%| F|  |TAMS 0x000000008b600000, 0x000000008b600000| Untracked 
| 183|0x000000008b700000, 0x000000008b700000, 0x000000008b800000|  0%| F|  |TAMS 0x000000008b700000, 0x000000008b700000| Untracked 
| 184|0x000000008b800000, 0x000000008b900000, 0x000000008b900000|100%| S|CS|TAMS 0x000000008b800000, 0x000000008b800000| Complete 
| 185|0x000000008b900000, 0x000000008ba00000, 0x000000008ba00000|100%| S|CS|TAMS 0x000000008b900000, 0x000000008b900000| Complete 
| 186|0x000000008ba00000, 0x000000008bb00000, 0x000000008bb00000|100%| S|CS|TAMS 0x000000008ba00000, 0x000000008ba00000| Complete 
| 187|0x000000008bb00000, 0x000000008bc00000, 0x000000008bc00000|100%| S|CS|TAMS 0x000000008bb00000, 0x000000008bb00000| Complete 
| 188|0x000000008bc00000, 0x000000008bc00000, 0x000000008bd00000|  0%| F|  |TAMS 0x000000008bc00000, 0x000000008bc00000| Untracked 
| 189|0x000000008bd00000, 0x000000008bd00000, 0x000000008be00000|  0%| F|  |TAMS 0x000000008bd00000, 0x000000008bd00000| Untracked 
| 190|0x000000008be00000, 0x000000008be00000, 0x000000008bf00000|  0%| F|  |TAMS 0x000000008be00000, 0x000000008be00000| Untracked 
| 191|0x000000008bf00000, 0x000000008bf00000, 0x000000008c000000|  0%| F|  |TAMS 0x000000008bf00000, 0x000000008bf00000| Untracked 
| 192|0x000000008c000000, 0x000000008c000000, 0x000000008c100000|  0%| F|  |TAMS 0x000000008c000000, 0x000000008c000000| Untracked 
| 193|0x000000008c100000, 0x000000008c100000, 0x000000008c200000|  0%| F|  |TAMS 0x000000008c100000, 0x000000008c100000| Untracked 
| 194|0x000000008c200000, 0x000000008c200000, 0x000000008c300000|  0%| F|  |TAMS 0x000000008c200000, 0x000000008c200000| Untracked 
| 195|0x000000008c300000, 0x000000008c300000, 0x000000008c400000|  0%| F|  |TAMS 0x000000008c300000, 0x000000008c300000| Untracked 
| 196|0x000000008c400000, 0x000000008c400000, 0x000000008c500000|  0%| F|  |TAMS 0x000000008c400000, 0x000000008c400000| Untracked 
| 197|0x000000008c500000, 0x000000008c500000, 0x000000008c600000|  0%| F|  |TAMS 0x000000008c500000, 0x000000008c500000| Untracked 
| 198|0x000000008c600000, 0x000000008c600000, 0x000000008c700000|  0%| F|  |TAMS 0x000000008c600000, 0x000000008c600000| Untracked 
| 199|0x000000008c700000, 0x000000008c700000, 0x000000008c800000|  0%| F|  |TAMS 0x000000008c700000, 0x000000008c700000| Untracked 
| 200|0x000000008c800000, 0x000000008c800000, 0x000000008c900000|  0%| F|  |TAMS 0x000000008c800000, 0x000000008c800000| Untracked 
| 201|0x000000008c900000, 0x000000008c900000, 0x000000008ca00000|  0%| F|  |TAMS 0x000000008c900000, 0x000000008c900000| Untracked 
| 202|0x000000008ca00000, 0x000000008ca00000, 0x000000008cb00000|  0%| F|  |TAMS 0x000000008ca00000, 0x000000008ca00000| Untracked 
| 203|0x000000008cb00000, 0x000000008cb00000, 0x000000008cc00000|  0%| F|  |TAMS 0x000000008cb00000, 0x000000008cb00000| Untracked 
| 204|0x000000008cc00000, 0x000000008cc00000, 0x000000008cd00000|  0%| F|  |TAMS 0x000000008cc00000, 0x000000008cc00000| Untracked 
| 205|0x000000008cd00000, 0x000000008cd00000, 0x000000008ce00000|  0%| F|  |TAMS 0x000000008cd00000, 0x000000008cd00000| Untracked 
| 206|0x000000008ce00000, 0x000000008ce00000, 0x000000008cf00000|  0%| F|  |TAMS 0x000000008ce00000, 0x000000008ce00000| Untracked 
| 207|0x000000008cf00000, 0x000000008cf00000, 0x000000008d000000|  0%| F|  |TAMS 0x000000008cf00000, 0x000000008cf00000| Untracked 
| 208|0x000000008d000000, 0x000000008d055200, 0x000000008d100000| 33%| E|  |TAMS 0x000000008d000000, 0x000000008d000000| Complete 
| 209|0x000000008d100000, 0x000000008d200000, 0x000000008d200000|100%| E|CS|TAMS 0x000000008d100000, 0x000000008d100000| Complete 
| 210|0x000000008d200000, 0x000000008d300000, 0x000000008d300000|100%| E|CS|TAMS 0x000000008d200000, 0x000000008d200000| Complete 
| 211|0x000000008d300000, 0x000000008d400000, 0x000000008d400000|100%| E|  |TAMS 0x000000008d300000, 0x000000008d300000| Complete 
| 212|0x000000008d400000, 0x000000008d500000, 0x000000008d500000|100%| E|CS|TAMS 0x000000008d400000, 0x000000008d400000| Complete 
| 213|0x000000008d500000, 0x000000008d600000, 0x000000008d600000|100%| E|CS|TAMS 0x000000008d500000, 0x000000008d500000| Complete 
| 214|0x000000008d600000, 0x000000008d700000, 0x000000008d700000|100%| E|CS|TAMS 0x000000008d600000, 0x000000008d600000| Complete 
| 215|0x000000008d700000, 0x000000008d800000, 0x000000008d800000|100%| E|CS|TAMS 0x000000008d700000, 0x000000008d700000| Complete 
| 216|0x000000008d800000, 0x000000008d900000, 0x000000008d900000|100%| E|CS|TAMS 0x000000008d800000, 0x000000008d800000| Complete 
| 217|0x000000008d900000, 0x000000008da00000, 0x000000008da00000|100%| E|CS|TAMS 0x000000008d900000, 0x000000008d900000| Complete 
| 218|0x000000008da00000, 0x000000008db00000, 0x000000008db00000|100%| E|CS|TAMS 0x000000008da00000, 0x000000008da00000| Complete 
| 219|0x000000008db00000, 0x000000008dc00000, 0x000000008dc00000|100%| E|CS|TAMS 0x000000008db00000, 0x000000008db00000| Complete 
| 220|0x000000008dc00000, 0x000000008dd00000, 0x000000008dd00000|100%| E|CS|TAMS 0x000000008dc00000, 0x000000008dc00000| Complete 
| 221|0x000000008dd00000, 0x000000008de00000, 0x000000008de00000|100%| E|CS|TAMS 0x000000008dd00000, 0x000000008dd00000| Complete 
| 222|0x000000008de00000, 0x000000008df00000, 0x000000008df00000|100%| E|CS|TAMS 0x000000008de00000, 0x000000008de00000| Complete 
| 223|0x000000008df00000, 0x000000008e000000, 0x000000008e000000|100%| E|CS|TAMS 0x000000008df00000, 0x000000008df00000| Complete 
| 224|0x000000008e000000, 0x000000008e100000, 0x000000008e100000|100%| E|CS|TAMS 0x000000008e000000, 0x000000008e000000| Complete 
| 225|0x000000008e100000, 0x000000008e200000, 0x000000008e200000|100%| E|CS|TAMS 0x000000008e100000, 0x000000008e100000| Complete 
| 226|0x000000008e200000, 0x000000008e300000, 0x000000008e300000|100%| E|CS|TAMS 0x000000008e200000, 0x000000008e200000| Complete 
| 227|0x000000008e300000, 0x000000008e400000, 0x000000008e400000|100%| E|CS|TAMS 0x000000008e300000, 0x000000008e300000| Complete 
| 228|0x000000008e400000, 0x000000008e500000, 0x000000008e500000|100%| E|CS|TAMS 0x000000008e400000, 0x000000008e400000| Complete 
| 229|0x000000008e500000, 0x000000008e600000, 0x000000008e600000|100%| E|CS|TAMS 0x000000008e500000, 0x000000008e500000| Complete 
| 230|0x000000008e600000, 0x000000008e700000, 0x000000008e700000|100%| E|CS|TAMS 0x000000008e600000, 0x000000008e600000| Complete 
| 231|0x000000008e700000, 0x000000008e800000, 0x000000008e800000|100%| E|CS|TAMS 0x000000008e700000, 0x000000008e700000| Complete 
| 232|0x000000008e800000, 0x000000008e900000, 0x000000008e900000|100%| E|CS|TAMS 0x000000008e800000, 0x000000008e800000| Complete 
| 233|0x000000008e900000, 0x000000008ea00000, 0x000000008ea00000|100%| E|CS|TAMS 0x000000008e900000, 0x000000008e900000| Complete 
| 234|0x000000008ea00000, 0x000000008eb00000, 0x000000008eb00000|100%| E|CS|TAMS 0x000000008ea00000, 0x000000008ea00000| Complete 
| 235|0x000000008eb00000, 0x000000008ec00000, 0x000000008ec00000|100%| E|CS|TAMS 0x000000008eb00000, 0x000000008eb00000| Complete 
| 236|0x000000008ec00000, 0x000000008ed00000, 0x000000008ed00000|100%| E|CS|TAMS 0x000000008ec00000, 0x000000008ec00000| Complete 

Card table byte_map: [0x0000020c18250000,0x0000020c18650000] _byte_map_base: 0x0000020c17e50000

Marking Bits (Prev, Next): (CMBitMap*) 0x0000020c7fba93a0, (CMBitMap*) 0x0000020c7fba93e0
 Prev Bits: [0x0000020c18a50000, 0x0000020c1aa50000)
 Next Bits: [0x0000020c1aa50000, 0x0000020c1ca50000)

Polling page: 0x0000020c7ef50000

Metaspace:

Usage:
  Non-class:     82.02 MB used.
      Class:     13.34 MB used.
       Both:     95.37 MB used.

Virtual space:
  Non-class space:      128.00 MB reserved,      82.56 MB ( 65%) committed,  2 nodes.
      Class space:      416.00 MB reserved,      13.75 MB (  3%) committed,  1 nodes.
             Both:      544.00 MB reserved,      96.31 MB ( 18%) committed. 

Chunk freelists:
   Non-Class:  13.36 MB
       Class:  2.25 MB
        Both:  15.61 MB

MaxMetaspaceSize: 512.00 MB
CompressedClassSpaceSize: 416.00 MB
Initial GC threshold: 21.00 MB
Current GC threshold: 156.06 MB
CDS: on
MetaspaceReclaimPolicy: balanced
 - commit_granule_bytes: 65536.
 - commit_granule_words: 8192.
 - virtual_space_node_default_size: 8388608.
 - enlarge_chunks_in_place: 1.
 - new_chunks_are_fully_committed: 0.
 - uncommit_free_chunks: 1.
 - use_allocation_guard: 0.
 - handle_deallocations: 1.


Internal statistics:

num_allocs_failed_limit: 6.
num_arena_births: 1186.
num_arena_deaths: 0.
num_vsnodes_births: 3.
num_vsnodes_deaths: 0.
num_space_committed: 1541.
num_space_uncommitted: 0.
num_chunks_returned_to_freelist: 6.
num_chunks_taken_from_freelist: 5469.
num_chunk_merges: 6.
num_chunk_splits: 3537.
num_chunks_enlarged: 2252.
num_inconsistent_stats: 0.

CodeHeap 'non-profiled nmethods': size=120000Kb used=8887Kb max_used=8887Kb free=111112Kb
 bounds [0x0000020c10920000, 0x0000020c111d0000, 0x0000020c17e50000]
CodeHeap 'profiled nmethods': size=120000Kb used=24117Kb max_used=24117Kb free=95882Kb
 bounds [0x0000020c08e50000, 0x0000020c0a5e0000, 0x0000020c10380000]
CodeHeap 'non-nmethods': size=5760Kb used=2394Kb max_used=2505Kb free=3365Kb
 bounds [0x0000020c10380000, 0x0000020c10600000, 0x0000020c10920000]
 total_blobs=13267 nmethods=12340 adapters=837
 compilation: enabled
              stopped_count=0, restarted_count=0
 full_count=0

Compilation events (20 events):
Event: 104.109 Thread 0x0000020c1ec08c90 nmethod 14467 0x0000020c111bc010 code [0x0000020c111bc1c0, 0x0000020c111bc698]
Event: 104.109 Thread 0x0000020c1ec08c90 14466       4       org.gradle.cache.internal.btree.KeyHasher$MessageDigestStream::getChecksum (41 bytes)
Event: 104.136 Thread 0x0000020c1ec08c90 nmethod 14466 0x0000020c111bc990 code [0x0000020c111bcb80, 0x0000020c111bd6c8]
Event: 104.156 Thread 0x0000020c1ec08c90 14468   !   4       org.gradle.internal.concurrent.ExecutorPolicy$CatchAndRecordFailures::onExecute (29 bytes)
Event: 104.158 Thread 0x0000020c1ec08c90 nmethod 14468 0x0000020c111be090 code [0x0000020c111be220, 0x0000020c111be398]
Event: 104.161 Thread 0x0000020c1ec0e230 14469       3       com.google.common.cache.LocalCache$Segment::cleanUp (21 bytes)
Event: 104.161 Thread 0x0000020c1ec0e230 nmethod 14469 0x0000020c0a5ddc10 code [0x0000020c0a5dde00, 0x0000020c0a5de2e8]
Event: 104.162 Thread 0x0000020c1ec08c90 14470       4       com.google.common.cache.LocalCache$EntryFactory$2::newEntry (12 bytes)
Event: 104.170 Thread 0x0000020c1ec08c90 nmethod 14470 0x0000020c111be510 code [0x0000020c111be6a0, 0x0000020c111bec18]
Event: 104.181 Thread 0x0000020c1ec08c90 14471       4       java.lang.String::encode (48 bytes)
Event: 104.185 Thread 0x0000020c1ec08c90 nmethod 14471 0x0000020c111bed10 code [0x0000020c111beec0, 0x0000020c111bf1d0]
Event: 104.185 Thread 0x0000020c1ec08c90 14472       4       java.lang.String::encodeUTF8 (141 bytes)
Event: 104.187 Thread 0x0000020c1ec08c90 nmethod 14472 0x0000020c111bf410 code [0x0000020c111bf5a0, 0x0000020c111bf808]
Event: 104.200 Thread 0x0000020c1ec08c90 14473       4       org.gradle.internal.io.StreamByteBuffer$StreamByteBufferInputStream::read (8 bytes)
Event: 104.200 Thread 0x0000020c1ec08c90 nmethod 14473 0x0000020c111bf990 code [0x0000020c111bfb20, 0x0000020c111bfbc8]
Event: 104.215 Thread 0x0000020c1ec08c90 14474       4       java.util.ArrayDeque::addFirst (51 bytes)
Event: 104.238 Thread 0x0000020c1ec08c90 nmethod 14474 0x0000020c111bfc90 code [0x0000020c111bfe20, 0x0000020c111c07b8]
Event: 104.276 Thread 0x0000020c1ec08c90 14475       4       org.gradle.cache.internal.DefaultFileLockManager$DefaultFileLock::assertOpenAndIntegral (41 bytes)
Event: 104.277 Thread 0x0000020c1ec08c90 nmethod 14475 0x0000020c111c0b90 code [0x0000020c111c0d20, 0x0000020c111c0e38]
Event: 104.280 Thread 0x0000020c1ec08c90 14476   !   4       org.gradle.cache.internal.DefaultMultiProcessSafeIndexedCache::getIfPresent (25 bytes)

GC Heap History (20 events):
Event: 90.595 GC heap before
{Heap before GC invocations=65 (full 0):
 garbage-first heap   total 181248K, used 126936K [0x0000000080000000, 0x0000000100000000)
  region size 1024K, 18 young (18432K), 5 survivors (5120K)
 Metaspace       used 88096K, committed 88896K, reserved 557056K
  class space    used 12422K, committed 12800K, reserved 425984K
}
Event: 90.608 GC heap after
{Heap after GC invocations=66 (full 0):
 garbage-first heap   total 181248K, used 117736K [0x0000000080000000, 0x0000000100000000)
  region size 1024K, 3 young (3072K), 3 survivors (3072K)
 Metaspace       used 88096K, committed 88896K, reserved 557056K
  class space    used 12422K, committed 12800K, reserved 425984K
}
Event: 92.633 GC heap before
{Heap before GC invocations=67 (full 0):
 garbage-first heap   total 203776K, used 148456K [0x0000000080000000, 0x0000000100000000)
  region size 1024K, 33 young (33792K), 3 survivors (3072K)
 Metaspace       used 88411K, committed 89216K, reserved 557056K
  class space    used 12451K, committed 12800K, reserved 425984K
}
Event: 92.645 GC heap after
{Heap after GC invocations=68 (full 0):
 garbage-first heap   total 203776K, used 125601K [0x0000000080000000, 0x0000000100000000)
  region size 1024K, 5 young (5120K), 5 survivors (5120K)
 Metaspace       used 88411K, committed 89216K, reserved 557056K
  class space    used 12451K, committed 12800K, reserved 425984K
}
Event: 92.874 GC heap before
{Heap before GC invocations=68 (full 0):
 garbage-first heap   total 203776K, used 130721K [0x0000000080000000, 0x0000000100000000)
  region size 1024K, 9 young (9216K), 5 survivors (5120K)
 Metaspace       used 88438K, committed 89344K, reserved 557056K
  class space    used 12455K, committed 12864K, reserved 425984K
}
Event: 92.884 GC heap after
{Heap after GC invocations=69 (full 0):
 garbage-first heap   total 203776K, used 129702K [0x0000000080000000, 0x0000000100000000)
  region size 1024K, 2 young (2048K), 2 survivors (2048K)
 Metaspace       used 88438K, committed 89344K, reserved 557056K
  class space    used 12455K, committed 12864K, reserved 425984K
}
Event: 94.372 GC heap before
{Heap before GC invocations=69 (full 0):
 garbage-first heap   total 203776K, used 163494K [0x0000000080000000, 0x0000000100000000)
  region size 1024K, 35 young (35840K), 2 survivors (2048K)
 Metaspace       used 89688K, committed 90560K, reserved 557056K
  class space    used 12611K, committed 12992K, reserved 425984K
}
Event: 94.381 GC heap after
{Heap after GC invocations=70 (full 0):
 garbage-first heap   total 203776K, used 134509K [0x0000000080000000, 0x0000000100000000)
  region size 1024K, 5 young (5120K), 5 survivors (5120K)
 Metaspace       used 89688K, committed 90560K, reserved 557056K
  class space    used 12611K, committed 12992K, reserved 425984K
}
Event: 95.634 GC heap before
{Heap before GC invocations=70 (full 0):
 garbage-first heap   total 203776K, used 166253K [0x0000000080000000, 0x0000000100000000)
  region size 1024K, 36 young (36864K), 5 survivors (5120K)
 Metaspace       used 92314K, committed 93184K, reserved 557056K
  class space    used 13030K, committed 13440K, reserved 425984K
}
Event: 95.646 GC heap after
{Heap after GC invocations=71 (full 0):
 garbage-first heap   total 203776K, used 136175K [0x0000000080000000, 0x0000000100000000)
  region size 1024K, 2 young (2048K), 2 survivors (2048K)
 Metaspace       used 92314K, committed 93184K, reserved 557056K
  class space    used 13030K, committed 13440K, reserved 425984K
}
Event: 97.438 GC heap before
{Heap before GC invocations=71 (full 0):
 garbage-first heap   total 203776K, used 167919K [0x0000000080000000, 0x0000000100000000)
  region size 1024K, 33 young (33792K), 2 survivors (2048K)
 Metaspace       used 94812K, committed 95680K, reserved 557056K
  class space    used 13328K, committed 13760K, reserved 425984K
}
Event: 97.448 GC heap after
{Heap after GC invocations=72 (full 0):
 garbage-first heap   total 203776K, used 139138K [0x0000000080000000, 0x0000000100000000)
  region size 1024K, 5 young (5120K), 5 survivors (5120K)
 Metaspace       used 94812K, committed 95680K, reserved 557056K
  class space    used 13328K, committed 13760K, reserved 425984K
}
Event: 98.980 GC heap before
{Heap before GC invocations=73 (full 0):
 garbage-first heap   total 242688K, used 167810K [0x0000000080000000, 0x0000000100000000)
  region size 1024K, 33 young (33792K), 5 survivors (5120K)
 Metaspace       used 95909K, committed 96832K, reserved 557056K
  class space    used 13465K, committed 13888K, reserved 425984K
}
Event: 98.999 GC heap after
{Heap after GC invocations=74 (full 0):
 garbage-first heap   total 242688K, used 141815K [0x0000000080000000, 0x0000000100000000)
  region size 1024K, 4 young (4096K), 4 survivors (4096K)
 Metaspace       used 95909K, committed 96832K, reserved 557056K
  class space    used 13465K, committed 13888K, reserved 425984K
}
Event: 99.210 GC heap before
{Heap before GC invocations=74 (full 0):
 garbage-first heap   total 242688K, used 148983K [0x0000000080000000, 0x0000000100000000)
  region size 1024K, 11 young (11264K), 4 survivors (4096K)
 Metaspace       used 96046K, committed 96960K, reserved 557056K
  class space    used 13478K, committed 13888K, reserved 425984K
}
Event: 99.219 GC heap after
{Heap after GC invocations=75 (full 0):
 garbage-first heap   total 242688K, used 141885K [0x0000000080000000, 0x0000000100000000)
  region size 1024K, 2 young (2048K), 2 survivors (2048K)
 Metaspace       used 96046K, committed 96960K, reserved 557056K
  class space    used 13478K, committed 13888K, reserved 425984K
}
Event: 101.526 GC heap before
{Heap before GC invocations=75 (full 0):
 garbage-first heap   total 242688K, used 193085K [0x0000000080000000, 0x0000000100000000)
  region size 1024K, 53 young (54272K), 2 survivors (2048K)
 Metaspace       used 96978K, committed 97856K, reserved 557056K
  class space    used 13599K, committed 14016K, reserved 425984K
}
Event: 101.540 GC heap after
{Heap after GC invocations=76 (full 0):
 garbage-first heap   total 242688K, used 146844K [0x0000000080000000, 0x0000000100000000)
  region size 1024K, 6 young (6144K), 6 survivors (6144K)
 Metaspace       used 96978K, committed 97856K, reserved 557056K
  class space    used 13599K, committed 14016K, reserved 425984K
}
Event: 103.609 GC heap before
{Heap before GC invocations=76 (full 0):
 garbage-first heap   total 242688K, used 195996K [0x0000000080000000, 0x0000000100000000)
  region size 1024K, 55 young (56320K), 6 survivors (6144K)
 Metaspace       used 97603K, committed 98496K, reserved 557056K
  class space    used 13662K, committed 14080K, reserved 425984K
}
Event: 103.627 GC heap after
{Heap after GC invocations=77 (full 0):
 garbage-first heap   total 242688K, used 151840K [0x0000000080000000, 0x0000000100000000)
  region size 1024K, 5 young (5120K), 5 survivors (5120K)
 Metaspace       used 97603K, committed 98496K, reserved 557056K
  class space    used 13662K, committed 14080K, reserved 425984K
}

Dll operation events (14 events):
Event: 0.023 Loaded shared library C:\Program Files\Microsoft\jdk-17.0.8.7-hotspot\bin\java.dll
Event: 0.045 Loaded shared library C:\Program Files\Microsoft\jdk-17.0.8.7-hotspot\bin\jsvml.dll
Event: 0.139 Loaded shared library C:\Program Files\Microsoft\jdk-17.0.8.7-hotspot\bin\zip.dll
Event: 0.147 Loaded shared library C:\Program Files\Microsoft\jdk-17.0.8.7-hotspot\bin\instrument.dll
Event: 0.155 Loaded shared library C:\Program Files\Microsoft\jdk-17.0.8.7-hotspot\bin\net.dll
Event: 0.158 Loaded shared library C:\Program Files\Microsoft\jdk-17.0.8.7-hotspot\bin\nio.dll
Event: 0.165 Loaded shared library C:\Program Files\Microsoft\jdk-17.0.8.7-hotspot\bin\zip.dll
Event: 0.564 Loaded shared library C:\Program Files\Microsoft\jdk-17.0.8.7-hotspot\bin\jimage.dll
Event: 0.729 Loaded shared library C:\Program Files\Microsoft\jdk-17.0.8.7-hotspot\bin\verify.dll
Event: 1.115 Loaded shared library C:\Users\cuty computer\.gradle\native\68d5fa5c4cc2d200863cafc0d521ce42e7d3e7ee720ec0a83991735586a16f82\windows-amd64\native-platform.dll
Event: 1.164 Loaded shared library C:\Users\cuty computer\.gradle\native\e376f236ea51e6404a007f0833ffe2c6e607c4080706a723a18a27aeea778392\windows-amd64\native-platform-file-events.dll
Event: 3.587 Loaded shared library C:\Program Files\Microsoft\jdk-17.0.8.7-hotspot\bin\management.dll
Event: 3.591 Loaded shared library C:\Program Files\Microsoft\jdk-17.0.8.7-hotspot\bin\management_ext.dll
Event: 4.599 Loaded shared library C:\Program Files\Microsoft\jdk-17.0.8.7-hotspot\bin\sunmscapi.dll

Deoptimization events (20 events):
Event: 103.391 Thread 0x0000020c4040d850 Uncommon trap: trap_request=0xffffffc6 fr.pc=0x0000020c11153af0 relative=0x00000000000012b0
Event: 103.391 Thread 0x0000020c4040d850 Uncommon trap: reason=bimorphic_or_optimized_type_check action=maybe_recompile pc=0x0000020c11153af0 method=org.gradle.execution.plan.DefaultFinalizedExecutionPlan$1.compare(Lorg/gradle/execution/plan/Node;Lorg/gradle/execution/plan/Node;)I @ 8 c2
Event: 103.391 Thread 0x0000020c4040d850 DEOPT PACKING pc=0x0000020c11153af0 sp=0x000000e6d5efe550
Event: 103.391 Thread 0x0000020c4040d850 DEOPT UNPACKING pc=0x0000020c103d69a3 sp=0x000000e6d5efe508 mode 2
Event: 103.391 Thread 0x0000020c4040d850 Uncommon trap: trap_request=0xffffffc6 fr.pc=0x0000020c11165154 relative=0x0000000000001234
Event: 103.392 Thread 0x0000020c4040d850 Uncommon trap: reason=bimorphic_or_optimized_type_check action=maybe_recompile pc=0x0000020c11165154 method=org.gradle.execution.plan.DefaultFinalizedExecutionPlan$1.compare(Lorg/gradle/execution/plan/Node;Lorg/gradle/execution/plan/Node;)I @ 8 c2
Event: 103.392 Thread 0x0000020c4040d850 DEOPT PACKING pc=0x0000020c11165154 sp=0x000000e6d5efe4c0
Event: 103.392 Thread 0x0000020c4040d850 DEOPT UNPACKING pc=0x0000020c103d69a3 sp=0x000000e6d5efe500 mode 2
Event: 103.392 Thread 0x0000020c4040d850 Uncommon trap: trap_request=0xffffffc6 fr.pc=0x0000020c11143fc0 relative=0x00000000000000a0
Event: 103.392 Thread 0x0000020c4040d850 Uncommon trap: reason=bimorphic_or_optimized_type_check action=maybe_recompile pc=0x0000020c11143fc0 method=org.gradle.execution.plan.ActionNode.hasPendingPreExecutionNodes()Z @ 11 c2
Event: 103.392 Thread 0x0000020c4040d850 DEOPT PACKING pc=0x0000020c11143fc0 sp=0x000000e6d5efe850
Event: 103.392 Thread 0x0000020c4040d850 DEOPT UNPACKING pc=0x0000020c103d69a3 sp=0x000000e6d5efe7d8 mode 2
Event: 103.401 Thread 0x0000020c4040d850 Uncommon trap: trap_request=0xffffffc6 fr.pc=0x0000020c11143fc0 relative=0x00000000000000a0
Event: 103.401 Thread 0x0000020c4040d850 Uncommon trap: reason=bimorphic_or_optimized_type_check action=maybe_recompile pc=0x0000020c11143fc0 method=org.gradle.execution.plan.ActionNode.hasPendingPreExecutionNodes()Z @ 11 c2
Event: 103.401 Thread 0x0000020c4040d850 DEOPT PACKING pc=0x0000020c11143fc0 sp=0x000000e6d5efe850
Event: 103.401 Thread 0x0000020c4040d850 DEOPT UNPACKING pc=0x0000020c103d69a3 sp=0x000000e6d5efe7d8 mode 2
Event: 103.425 Thread 0x0000020c4040d850 Uncommon trap: trap_request=0xffffffc6 fr.pc=0x0000020c11143fc0 relative=0x00000000000000a0
Event: 103.425 Thread 0x0000020c4040d850 Uncommon trap: reason=bimorphic_or_optimized_type_check action=maybe_recompile pc=0x0000020c11143fc0 method=org.gradle.execution.plan.ActionNode.hasPendingPreExecutionNodes()Z @ 11 c2
Event: 103.425 Thread 0x0000020c4040d850 DEOPT PACKING pc=0x0000020c11143fc0 sp=0x000000e6d5efe850
Event: 103.425 Thread 0x0000020c4040d850 DEOPT UNPACKING pc=0x0000020c103d69a3 sp=0x000000e6d5efe7d8 mode 2

Classes unloaded (0 events):
No events

Classes redefined (0 events):
No events

Internal exceptions (20 events):
Event: 97.260 Thread 0x0000020c3fbc96e0 Implicit null exception at 0x0000020c11080a0a to 0x0000020c11080aea
Event: 97.261 Thread 0x0000020c3fbc96e0 Implicit null exception at 0x0000020c11080e4e to 0x0000020c110817e0
Event: 97.333 Thread 0x0000020c3fbc96e0 Implicit null exception at 0x0000020c110a85c3 to 0x0000020c110a8677
Event: 97.449 Thread 0x0000020c1ebed2f0 Implicit null exception at 0x0000020c10fc8b7d to 0x0000020c10fc91a8
Event: 98.100 Thread 0x0000020c3fbc96e0 Implicit null exception at 0x0000020c110c449f to 0x0000020c110c4b2c
Event: 98.974 Thread 0x0000020c3fbc96e0 Exception <a 'java/lang/IncompatibleClassChangeError'{0x000000008d661f40}: Found class java.lang.Object, but interface was expected> (0x000000008d661f40) 
thrown [s\src\hotspot\share\interpreter\linkResolver.cpp, line 826]
Event: 99.237 Thread 0x0000020c3fbc96e0 Exception <a 'sun/nio/fs/WindowsException'{0x000000008eca70c8}> (0x000000008eca70c8) 
thrown [s\src\hotspot\share\prims\jni.cpp, line 516]
Event: 99.237 Thread 0x0000020c3fbc96e0 Exception <a 'sun/nio/fs/WindowsException'{0x000000008eca8738}> (0x000000008eca8738) 
thrown [s\src\hotspot\share\prims\jni.cpp, line 516]
Event: 99.237 Thread 0x0000020c3fbc96e0 Exception <a 'sun/nio/fs/WindowsException'{0x000000008eca9df8}> (0x000000008eca9df8) 
thrown [s\src\hotspot\share\prims\jni.cpp, line 516]
Event: 99.237 Thread 0x0000020c3fbc96e0 Exception <a 'sun/nio/fs/WindowsException'{0x000000008ecab4b8}> (0x000000008ecab4b8) 
thrown [s\src\hotspot\share\prims\jni.cpp, line 516]
Event: 101.250 Thread 0x0000020c40409170 Exception <a 'java/lang/NoSuchMethodError'{0x000000008bf9c2a0}: 'void java.lang.invoke.DirectMethodHandle$Holder.invokeStatic(java.lang.Object, java.lang.Object, java.lang.Object, java.lang.Object, int, java.lang.Object, java.lang.Object)'> (0x000000008bf9c2a0) 
thrown [s\src\hotspot\share\interpreter\linkResolver.cpp, line 759]
Event: 101.308 Thread 0x0000020c4aa60dd0 Exception <a 'java/lang/NoSuchMethodError'{0x000000008bef5c18}: 'java.lang.Object java.lang.invoke.DirectMethodHandle$Holder.invokeSpecialIFC(java.lang.Object, java.lang.Object, java.lang.Object)'> (0x000000008bef5c18) 
thrown [s\src\hotspot\share\interpreter\linkResolver.cpp, line 759]
Event: 101.843 Thread 0x0000020c40409170 Exception <a 'java/lang/NoSuchMethodError'{0x000000008e672c08}: 'void java.lang.invoke.DirectMethodHandle$Holder.invokeVirtual(java.lang.Object, java.lang.Object)'> (0x000000008e672c08) 
thrown [s\src\hotspot\share\interpreter\linkResolver.cpp, line 759]
Event: 103.193 Thread 0x0000020c4040d850 Exception <a 'java/lang/ClassNotFoundException'{0x000000008c594bc0}: groovy/util/FileTreeBuilderBeanInfo> (0x000000008c594bc0) 
thrown [s\src\hotspot\share\classfile\systemDictionary.cpp, line 256]
Event: 103.195 Thread 0x0000020c4040d850 Exception <a 'java/lang/ClassNotFoundException'{0x000000008c5ffc30}: groovy/util/FileTreeBuilderCustomizer> (0x000000008c5ffc30) 
thrown [s\src\hotspot\share\classfile\systemDictionary.cpp, line 256]
Event: 103.215 Thread 0x0000020c4040d850 Exception <a 'java/lang/ClassNotFoundException'{0x000000008c448280}: java/io/BufferedWriterBeanInfo> (0x000000008c448280) 
thrown [s\src\hotspot\share\classfile\systemDictionary.cpp, line 256]
Event: 103.215 Thread 0x0000020c4040d850 Exception <a 'java/lang/ClassNotFoundException'{0x000000008c44dfd8}: java/io/WriterBeanInfo> (0x000000008c44dfd8) 
thrown [s\src\hotspot\share\classfile\systemDictionary.cpp, line 256]
Event: 103.216 Thread 0x0000020c4040d850 Exception <a 'java/lang/ClassNotFoundException'{0x000000008c453d58}: java/io/WriterCustomizer> (0x000000008c453d58) 
thrown [s\src\hotspot\share\classfile\systemDictionary.cpp, line 256]
Event: 103.217 Thread 0x0000020c4040d850 Exception <a 'java/lang/ClassNotFoundException'{0x000000008c463570}: java/io/BufferedWriterCustomizer> (0x000000008c463570) 
thrown [s\src\hotspot\share\classfile\systemDictionary.cpp, line 256]
Event: 103.378 Thread 0x0000020c4040d850 Exception <a 'java/lang/NoSuchMethodError'{0x000000008c300180}: static Lcom/android/build/api/variant/BuildConfigField;.<clinit>()V> (0x000000008c300180) 
thrown [s\src\hotspot\share\prims\jni.cpp, line 1107]

VM Operations (20 events):
Event: 101.172 Executing VM operation: HandshakeAllThreads
Event: 101.172 Executing VM operation: HandshakeAllThreads done
Event: 101.261 Executing VM operation: HandshakeAllThreads
Event: 101.262 Executing VM operation: HandshakeAllThreads done
Event: 101.326 Executing VM operation: HandshakeAllThreads
Event: 101.326 Executing VM operation: HandshakeAllThreads done
Event: 101.329 Executing VM operation: HandshakeAllThreads
Event: 101.329 Executing VM operation: HandshakeAllThreads done
Event: 101.526 Executing VM operation: G1CollectForAllocation
Event: 101.541 Executing VM operation: G1CollectForAllocation done
Event: 102.555 Executing VM operation: Cleanup
Event: 102.587 Executing VM operation: Cleanup done
Event: 103.200 Executing VM operation: HandshakeAllThreads
Event: 103.200 Executing VM operation: HandshakeAllThreads done
Event: 103.203 Executing VM operation: HandshakeAllThreads
Event: 103.203 Executing VM operation: HandshakeAllThreads done
Event: 103.390 Executing VM operation: ICBufferFull
Event: 103.390 Executing VM operation: ICBufferFull done
Event: 103.602 Executing VM operation: G1CollectForAllocation
Event: 103.627 Executing VM operation: G1CollectForAllocation done

Events (20 events):
Event: 103.125 Thread 0x0000020c4aa63650 Thread added: 0x0000020c4aa63650
Event: 103.214 loading class java/io/BufferedWriterBeanInfo
Event: 103.214 loading class java/io/BufferedWriterBeanInfo done
Event: 103.214 loading class java/io/BufferedWriterBeanInfo
Event: 103.215 loading class java/io/BufferedWriterBeanInfo done
Event: 103.215 loading class java/io/WriterBeanInfo
Event: 103.215 loading class java/io/WriterBeanInfo done
Event: 103.215 loading class java/io/WriterBeanInfo
Event: 103.215 loading class java/io/WriterBeanInfo done
Event: 103.215 loading class java/io/WriterCustomizer
Event: 103.215 loading class java/io/WriterCustomizer done
Event: 103.216 loading class java/io/WriterCustomizer
Event: 103.216 loading class java/io/WriterCustomizer done
Event: 103.216 loading class java/io/BufferedWriterCustomizer
Event: 103.216 loading class java/io/BufferedWriterCustomizer done
Event: 103.217 loading class java/io/BufferedWriterCustomizer
Event: 103.217 loading class java/io/BufferedWriterCustomizer done
Event: 103.518 Thread 0x0000020c4040ce30 Thread exited: 0x0000020c4040ce30
Event: 103.569 Thread 0x0000020c4040aac0 Thread exited: 0x0000020c4040aac0
Event: 103.627 Thread 0x0000020c4040c920 Thread exited: 0x0000020c4040c920


Dynamic libraries:
0x00007ff685080000 - 0x00007ff68508e000 	C:\Program Files\Microsoft\jdk-17.0.8.7-hotspot\bin\java.exe
0x00007ffb56eb0000 - 0x00007ffb570a8000 	C:\Windows\SYSTEM32\ntdll.dll
0x00007ffb56120000 - 0x00007ffb561df000 	C:\Windows\System32\KERNEL32.DLL
0x00007ffb547b0000 - 0x00007ffb54aa6000 	C:\Windows\System32\KERNELBASE.dll
0x00007ffb54590000 - 0x00007ffb54690000 	C:\Windows\System32\ucrtbase.dll
0x00007ffb42e60000 - 0x00007ffb42e7b000 	C:\Program Files\Microsoft\jdk-17.0.8.7-hotspot\bin\VCRUNTIME140.dll
0x00007ffb2e1a0000 - 0x00007ffb2e1b7000 	C:\Program Files\Microsoft\jdk-17.0.8.7-hotspot\bin\jli.dll
0x00007ffb56b90000 - 0x00007ffb56d2d000 	C:\Windows\System32\USER32.dll
0x00007ffb54ab0000 - 0x00007ffb54ad2000 	C:\Windows\System32\win32u.dll
0x00007ffb48900000 - 0x00007ffb48b9a000 	C:\Windows\WinSxS\amd64_microsoft.windows.common-controls_6595b64144ccf1df_6.0.19041.1110_none_60b5254171f9507e\COMCTL32.dll
0x00007ffb56690000 - 0x00007ffb566bc000 	C:\Windows\System32\GDI32.dll
0x00007ffb56440000 - 0x00007ffb564de000 	C:\Windows\System32\msvcrt.dll
0x00007ffb54c40000 - 0x00007ffb54d55000 	C:\Windows\System32\gdi32full.dll
0x00007ffb54e70000 - 0x00007ffb54f0d000 	C:\Windows\System32\msvcp_win.dll
0x00007ffb56380000 - 0x00007ffb563b0000 	C:\Windows\System32\IMM32.DLL
0x00007ffb4ec20000 - 0x00007ffb4ec2c000 	C:\Program Files\Microsoft\jdk-17.0.8.7-hotspot\bin\vcruntime140_1.dll
0x00007ffb1f8f0000 - 0x00007ffb1f97d000 	C:\Program Files\Microsoft\jdk-17.0.8.7-hotspot\bin\msvcp140.dll
0x00007ffae3cb0000 - 0x00007ffae4915000 	C:\Program Files\Microsoft\jdk-17.0.8.7-hotspot\bin\server\jvm.dll
0x00007ffb55160000 - 0x00007ffb5520f000 	C:\Windows\System32\ADVAPI32.dll
0x00007ffb55d20000 - 0x00007ffb55dbc000 	C:\Windows\System32\sechost.dll
0x00007ffb56250000 - 0x00007ffb56376000 	C:\Windows\System32\RPCRT4.dll
0x00007ffb54400000 - 0x00007ffb5444b000 	C:\Windows\SYSTEM32\POWRPROF.dll
0x00007ffb3ed60000 - 0x00007ffb3ed69000 	C:\Windows\SYSTEM32\WSOCK32.dll
0x00007ffb561e0000 - 0x00007ffb5624b000 	C:\Windows\System32\WS2_32.dll
0x00007ffb45710000 - 0x00007ffb4571a000 	C:\Windows\SYSTEM32\VERSION.dll
0x00007ffb4a760000 - 0x00007ffb4a787000 	C:\Windows\SYSTEM32\WINMM.dll
0x00007ffb543e0000 - 0x00007ffb543f2000 	C:\Windows\SYSTEM32\UMPDC.dll
0x00007ffb52400000 - 0x00007ffb52412000 	C:\Windows\SYSTEM32\kernel.appcore.dll
0x00007ffb45730000 - 0x00007ffb4573a000 	C:\Program Files\Microsoft\jdk-17.0.8.7-hotspot\bin\jimage.dll
0x00007ffb348a0000 - 0x00007ffb34a84000 	C:\Windows\SYSTEM32\DBGHELP.DLL
0x00007ffb3a2c0000 - 0x00007ffb3a2f4000 	C:\Windows\SYSTEM32\dbgcore.DLL
0x00007ffb54de0000 - 0x00007ffb54e62000 	C:\Windows\System32\bcryptPrimitives.dll
0x00007ffb3a350000 - 0x00007ffb3a35e000 	C:\Program Files\Microsoft\jdk-17.0.8.7-hotspot\bin\instrument.dll
0x00007ffb1f8c0000 - 0x00007ffb1f8e5000 	C:\Program Files\Microsoft\jdk-17.0.8.7-hotspot\bin\java.dll
0x00007ffae3bd0000 - 0x00007ffae3ca7000 	C:\Program Files\Microsoft\jdk-17.0.8.7-hotspot\bin\jsvml.dll
0x00007ffb554f0000 - 0x00007ffb55c34000 	C:\Windows\System32\SHELL32.dll
0x00007ffb52600000 - 0x00007ffb52d93000 	C:\Windows\SYSTEM32\windows.storage.dll
0x00007ffb55dc0000 - 0x00007ffb56114000 	C:\Windows\System32\combase.dll
0x00007ffb53e20000 - 0x00007ffb53e4e000 	C:\Windows\SYSTEM32\Wldp.dll
0x00007ffb564e0000 - 0x00007ffb5658d000 	C:\Windows\System32\SHCORE.dll
0x00007ffb56e00000 - 0x00007ffb56e55000 	C:\Windows\System32\shlwapi.dll
0x00007ffb544d0000 - 0x00007ffb544ef000 	C:\Windows\SYSTEM32\profapi.dll
0x00007ffb1f880000 - 0x00007ffb1f898000 	C:\Program Files\Microsoft\jdk-17.0.8.7-hotspot\bin\zip.dll
0x00007ffb2e180000 - 0x00007ffb2e199000 	C:\Program Files\Microsoft\jdk-17.0.8.7-hotspot\bin\net.dll
0x00007ffb4dd50000 - 0x00007ffb4de5a000 	C:\Windows\SYSTEM32\WINHTTP.dll
0x00007ffb53c00000 - 0x00007ffb53c6a000 	C:\Windows\system32\mswsock.dll
0x00007ffb1f8a0000 - 0x00007ffb1f8b6000 	C:\Program Files\Microsoft\jdk-17.0.8.7-hotspot\bin\nio.dll
0x00007ffb329a0000 - 0x00007ffb329b0000 	C:\Program Files\Microsoft\jdk-17.0.8.7-hotspot\bin\verify.dll
0x00007ffb1f850000 - 0x00007ffb1f877000 	C:\Users\cuty computer\.gradle\native\68d5fa5c4cc2d200863cafc0d521ce42e7d3e7ee720ec0a83991735586a16f82\windows-amd64\native-platform.dll
0x00007ffb1fa00000 - 0x00007ffb1fb44000 	C:\Users\cuty computer\.gradle\native\e376f236ea51e6404a007f0833ffe2c6e607c4080706a723a18a27aeea778392\windows-amd64\native-platform-file-events.dll
0x00007ffb31790000 - 0x00007ffb31799000 	C:\Program Files\Microsoft\jdk-17.0.8.7-hotspot\bin\management.dll
0x00007ffb316f0000 - 0x00007ffb316fb000 	C:\Program Files\Microsoft\jdk-17.0.8.7-hotspot\bin\management_ext.dll
0x00007ffb54f10000 - 0x00007ffb54f18000 	C:\Windows\System32\PSAPI.DLL
0x00007ffb54170000 - 0x00007ffb54188000 	C:\Windows\SYSTEM32\CRYPTSP.dll
0x00007ffb53540000 - 0x00007ffb53574000 	C:\Windows\system32\rsaenh.dll
0x00007ffb54db0000 - 0x00007ffb54dd7000 	C:\Windows\System32\bcrypt.dll
0x00007ffb54490000 - 0x00007ffb544be000 	C:\Windows\SYSTEM32\USERENV.dll
0x00007ffb53d90000 - 0x00007ffb53d9c000 	C:\Windows\SYSTEM32\CRYPTBASE.dll
0x00007ffb53910000 - 0x00007ffb5394c000 	C:\Windows\SYSTEM32\IPHLPAPI.DLL
0x00007ffb554e0000 - 0x00007ffb554e8000 	C:\Windows\System32\NSI.dll
0x00007ffb4bad0000 - 0x00007ffb4bae7000 	C:\Windows\SYSTEM32\dhcpcsvc6.DLL
0x00007ffb4c350000 - 0x00007ffb4c36d000 	C:\Windows\SYSTEM32\dhcpcsvc.DLL
0x00007ffb53950000 - 0x00007ffb53a1a000 	C:\Windows\SYSTEM32\DNSAPI.dll
0x00007ffb3a340000 - 0x00007ffb3a34e000 	C:\Program Files\Microsoft\jdk-17.0.8.7-hotspot\bin\sunmscapi.dll
0x00007ffb54ae0000 - 0x00007ffb54c3e000 	C:\Windows\System32\CRYPT32.dll
0x00007ffb53e90000 - 0x00007ffb53eb8000 	C:\Windows\SYSTEM32\ncrypt.dll
0x00007ffb53e50000 - 0x00007ffb53e8b000 	C:\Windows\SYSTEM32\NTASN1.dll
0x00007ffb36190000 - 0x00007ffb36197000 	C:\Windows\system32\wshunix.dll
0x00007ffb1de20000 - 0x00007ffb1de37000 	C:\Windows\system32\napinsp.dll
0x00007ffb1de40000 - 0x00007ffb1de5b000 	C:\Windows\system32\pnrpnsp.dll
0x00007ffb4e610000 - 0x00007ffb4e625000 	C:\Windows\system32\wshbth.dll
0x00007ffb4f730000 - 0x00007ffb4f74d000 	C:\Windows\system32\NLAapi.dll
0x00007ffb225d0000 - 0x00007ffb225e2000 	C:\Windows\System32\winrnr.dll
0x00007ffb4b780000 - 0x00007ffb4b78a000 	C:\Windows\System32\rasadhlp.dll
0x00007ffb48e50000 - 0x00007ffb48ed2000 	C:\Windows\System32\fwpuclnt.dll
0x00007ffb51860000 - 0x00007ffb518f1000 	C:\Windows\system32\apphelp.dll

dbghelp: loaded successfully - version: 4.0.5 - missing functions: none
symbol engine: initialized successfully - sym options: 0x614 - pdb path: .;C:\Program Files\Microsoft\jdk-17.0.8.7-hotspot\bin;C:\Windows\SYSTEM32;C:\Windows\WinSxS\amd64_microsoft.windows.common-controls_6595b64144ccf1df_6.0.19041.1110_none_60b5254171f9507e;C:\Program Files\Microsoft\jdk-17.0.8.7-hotspot\bin\server;C:\Users\cuty computer\.gradle\native\68d5fa5c4cc2d200863cafc0d521ce42e7d3e7ee720ec0a83991735586a16f82\windows-amd64;C:\Users\cuty computer\.gradle\native\e376f236ea51e6404a007f0833ffe2c6e607c4080706a723a18a27aeea778392\windows-amd64

VM Arguments:
jvm_args: -XX:MaxMetaspaceSize=512m --add-opens=java.base/java.util=ALL-UNNAMED --add-opens=java.base/java.lang=ALL-UNNAMED --add-opens=java.base/java.lang.invoke=ALL-UNNAMED --add-opens=java.prefs/java.util.prefs=ALL-UNNAMED --add-opens=java.base/java.nio.charset=ALL-UNNAMED --add-opens=java.base/java.net=ALL-UNNAMED --add-opens=java.base/java.util.concurrent.atomic=ALL-UNNAMED -Xmx2048m -Dfile.encoding=windows-1252 -Duser.country=US -Duser.language=en -Duser.variant -javaagent:C:\Users\cuty computer\.gradle\wrapper\dists\gradle-8.3-all\6en3ugtfdg5xnpx44z4qbwgas\gradle-8.3\lib\agents\gradle-instrumentation-agent-8.3.jar 
java_command: org.gradle.launcher.daemon.bootstrap.GradleDaemon 8.3
java_class_path (initial): C:\Users\cuty computer\.gradle\wrapper\dists\gradle-8.3-all\6en3ugtfdg5xnpx44z4qbwgas\gradle-8.3\lib\gradle-launcher-8.3.jar
Launcher Type: SUN_STANDARD

[Global flags]
     intx CICompilerCount                          = 3                                         {product} {ergonomic}
   size_t CompressedClassSpaceSize                 = 436207616                                 {product} {ergonomic}
     uint ConcGCThreads                            = 1                                         {product} {ergonomic}
     uint G1ConcRefinementThreads                  = 4                                         {product} {ergonomic}
   size_t G1HeapRegionSize                         = 1048576                                   {product} {ergonomic}
    uintx GCDrainStackTargetSize                   = 64                                        {product} {ergonomic}
   size_t InitialHeapSize                          = 201326592                                 {product} {ergonomic}
   size_t MarkStackSize                            = 4194304                                   {product} {ergonomic}
   size_t MaxHeapSize                              = 2147483648                                {product} {command line}
   size_t MaxMetaspaceSize                         = 536870912                                 {product} {command line}
   size_t MaxNewSize                               = 1287651328                                {product} {ergonomic}
   size_t MinHeapDeltaBytes                        = 1048576                                   {product} {ergonomic}
   size_t MinHeapSize                              = 8388608                                   {product} {ergonomic}
    uintx NonNMethodCodeHeapSize                   = 5832780                                {pd product} {ergonomic}
    uintx NonProfiledCodeHeapSize                  = 122912730                              {pd product} {ergonomic}
    uintx ProfiledCodeHeapSize                     = 122912730                              {pd product} {ergonomic}
    uintx ReservedCodeCacheSize                    = 251658240                              {pd product} {ergonomic}
     bool SegmentedCodeCache                       = true                                      {product} {ergonomic}
   size_t SoftMaxHeapSize                          = 2147483648                             {manageable} {ergonomic}
     bool UseCompressedClassPointers               = true                           {product lp64_product} {ergonomic}
     bool UseCompressedOops                        = true                           {product lp64_product} {ergonomic}
     bool UseG1GC                                  = true                                      {product} {ergonomic}
     bool UseLargePagesIndividualAllocation        = false                                  {pd product} {ergonomic}

Logging:
Log output configuration:
 #0: stdout all=warning uptime,level,tags
 #1: stderr all=off uptime,level,tags

Environment Variables:
JAVA_HOME=C:\Program Files\Microsoft\jdk-17.0.8.7-hotspot\
CLASSPATH=D:\RN Internship\React Native\RNLearning_App\android\\gradle\wrapper\gradle-wrapper.jar
PATH=D:\RN Internship\React Native\RNLearning_App\node_modules\.bin;D:\RN Internship\React Native\RNLearning_App\node_modules\.bin;D:\RN Internship\React Native\node_modules\.bin;D:\RN Internship\node_modules\.bin;D:\node_modules\.bin;C:\Users\cuty computer\AppData\Roaming\npm\node_modules\npm\node_modules\@npmcli\run-script\lib\node-gyp-bin;D:\RN Internship\React Native\RNLearning_App\node_modules\.bin;D:\RN Internship\React Native\node_modules\.bin;D:\RN Internship\node_modules\.bin;D:\node_modules\.bin;C:\Users\cuty computer\AppData\Roaming\npm\node_modules\npm\node_modules\@npmcli\run-script\lib\node-gyp-bin;C:\Program Files\Microsoft\jdk-17.0.8.7-hotspot\bin;C:\Program Files\Microsoft\jdk-11.0.20.8-hotspot\bin;C:\Program Files\Common Files\Oracle\Java\javapath;C:\Program Files (x86)\Common Files\Oracle\Java\javapath;C:\Windows\system32;C:\Windows;C:\Windows\System32\Wbem;C:\Windows\System32\WindowsPowerShell\v1.0\;C:\Windows\System32\OpenSSH\;C:\ProgramData\chocolatey\bin;D:\XAMMP\php;D:\Composer;C:\Program Files\nodejs\;C:\Users\cuty computer\AppData\Local\Android\Sdk\platform-tools;C:\Program Files\Git\cmd;C:\Users\cuty computer\AppData\Local\Microsoft\WindowsApps;C:\Users\cuty computer\AppData\Local\Programs\Microsoft VS Code\bin;C:\Users\cuty computer\AppData\Roaming\Composer\vendor\bin;C:\Users\cuty computer\AppData\Local\GitHubDesktop\bin;C:\Users\cuty computer\AppData\Roaming\npm
USERNAME=cuty computer
OS=Windows_NT
PROCESSOR_IDENTIFIER=Intel64 Family 6 Model 61 Stepping 4, GenuineIntel
TMP=C:\Users\CUTYCO~1\AppData\Local\Temp
TEMP=C:\Users\CUTYCO~1\AppData\Local\Temp



---------------  S Y S T E M  ---------------

OS:
 Windows 10 , 64 bit Build 19041 (10.0.19041.3031)
OS uptime: 6 days 15:23 hours
Hyper-V role detected

CPU: total 4 (initial active 4) (2 cores per cpu, 2 threads per core) family 6 model 61 stepping 4 microcode 0x2d, cx8, cmov, fxsr, ht, mmx, 3dnowpref, sse, sse2, sse3, ssse3, sse4.1, sse4.2, popcnt, lzcnt, tsc, tscinvbit, avx, avx2, aes, erms, clmul, bmi1, bmi2, adx, fma, vzeroupper, clflush, hv
Processor Information for all 4 processors :
  Max Mhz: 2201, Current Mhz: 2201, Mhz Limit: 2201

Memory: 4k page, system-wide physical 12179M (3170M free)
TotalPageFile size 18323M (AvailPageFile size 9320M)
current process WorkingSet (physical memory assigned to process): 543M, peak: 546M
current process commit charge ("private bytes"): 579M, peak: 583M

vm_info: OpenJDK 64-Bit Server VM (17.0.8+7-LTS) for windows-amd64 JRE (17.0.8+7-LTS), built on Jul  7 2023 17:21:55 by "MicrosoftCorporation" with MS VC++ 16.10 / 16.11 (VS2019)

END.
